2023-11-27 08:07:22,385 [INFO] Activator:176 - 


2023-11-27 08:07:22,393 [INFO] Activator:177 - !SESSION log4j initialized
2023-11-27 08:07:29,615 [INFO] LogOutputStream:77 - [STDOUT_REDIRECT] 
2023-11-27 08:07:30,724 [INFO] ApplicationProperties:184 - Using Application install path: /home/nilo/st/stm32cubeide_1.13.1/plugins/com.st.stm32cube.common.mx_6.9.1.202307191849
2023-11-27 08:07:30,753 [INFO] DbMcusXml:78 - Set database path to: /home/nilo/st/stm32cubeide_1.13.1/plugins/com.st.stm32cube.common.mx_6.9.1.202307191849//db//mcu/
2023-11-27 08:07:30,754 [INFO] ApiDb:274 - Set plugin database path to: /home/nilo/st/stm32cubeide_1.13.1/plugins/com.st.stm32cube.common.mx_6.9.1.202307191849//db//plugins/boardmanager/
2023-11-27 08:07:30,755 [WARN] ApiDb:259 - Overriding images path with different value:  => /home/nilo/st/stm32cubeide_1.13.1/plugins/com.st.stm32cube.common.mx_6.9.1.202307191849//db//plugins/mcufinder/images/
2023-11-27 08:07:30,769 [INFO] ApiDb:250 - Set database path to: /home/nilo/.stmcufinder/plugins/mcufinder//mcu/
2023-11-27 08:07:30,772 [INFO] DbMcusAds:125 - Set database path to: /home/nilo/.stmcufinder/plugins/mcufinder//mcu/
2023-11-27 08:07:30,776 [INFO] CrossReferenceDbSqlite:203 - Set database path to: /home/nilo/.stmcufinder/plugins/mcufinder//mcu/cs/
2023-11-27 08:07:31,033 [INFO] RulesReader:64 - Compatibility file has been processed (293 Rules)
2023-11-27 08:07:31,165 [INFO] DbMcusXml:78 - Set database path to: /home/nilo/st/stm32cubeide_1.13.1/plugins/com.st.stm32cube.common.mx_6.9.1.202307191849//db//mcu/
2023-11-27 08:07:31,165 [INFO] ApiDb:274 - Set plugin database path to: /home/nilo/st/stm32cubeide_1.13.1/plugins/com.st.stm32cube.common.mx_6.9.1.202307191849//db//plugins/boardmanager/
2023-11-27 08:07:31,166 [INFO] ApiDb:261 - Set plugin images path to: /home/nilo/st/stm32cubeide_1.13.1/plugins/com.st.stm32cube.common.mx_6.9.1.202307191849//db//plugins/mcufinder/images/
2023-11-27 08:07:31,166 [WARN] DbFile:41 - Overriding database path with different value: /home/nilo/.stmcufinder/plugins/mcufinder/ => /home/nilo/.stmcufinder/plugins/mcufinder
2023-11-27 08:07:31,166 [INFO] ApiDb:250 - Set database path to: /home/nilo/.stmcufinder/plugins/mcufinder//mcu/
2023-11-27 08:07:31,166 [WARN] DbFile:41 - Overriding database path with different value: /home/nilo/.stmcufinder/plugins/mcufinder/ => /home/nilo/.stmcufinder/plugins/mcufinder
2023-11-27 08:07:31,167 [INFO] DbMcusAds:125 - Set database path to: /home/nilo/.stmcufinder/plugins/mcufinder//mcu/
2023-11-27 08:07:31,167 [WARN] DbFile:41 - Overriding database path with different value: /home/nilo/.stmcufinder/plugins/mcufinder/ => /home/nilo/.stmcufinder/plugins/mcufinder
2023-11-27 08:07:31,167 [WARN] DbFile:41 - Overriding database path with different value: /home/nilo/.stmcufinder/plugins/mcufinder/ => /home/nilo/.stmcufinder/plugins/mcufinder
2023-11-27 08:07:31,167 [INFO] CrossReferenceDbSqlite:203 - Set database path to: /home/nilo/.stmcufinder/plugins/mcufinder//mcu/cs/
2023-11-27 08:07:31,318 [INFO] MainPanel:262 - HeapMemory: 268435456
2023-11-27 08:07:31,525 [INFO] DbMcusXml:78 - Set database path to: /home/nilo/st/stm32cubeide_1.13.1/plugins/com.st.stm32cube.common.mx_6.9.1.202307191849//db//mcu/
2023-11-27 08:07:31,525 [INFO] ApiDb:274 - Set plugin database path to: /home/nilo/st/stm32cubeide_1.13.1/plugins/com.st.stm32cube.common.mx_6.9.1.202307191849//db//plugins/boardmanager/
2023-11-27 08:07:31,526 [INFO] ApiDb:261 - Set plugin images path to: /home/nilo/st/stm32cubeide_1.13.1/plugins/com.st.stm32cube.common.mx_6.9.1.202307191849//db//plugins/mcufinder/images/
2023-11-27 08:07:31,527 [WARN] DbFile:41 - Overriding database path with different value: /home/nilo/.stmcufinder/plugins/mcufinder/ => /home/nilo/.stmcufinder/plugins/mcufinder
2023-11-27 08:07:31,527 [INFO] ApiDb:250 - Set database path to: /home/nilo/.stmcufinder/plugins/mcufinder//mcu/
2023-11-27 08:07:31,527 [WARN] DbFile:41 - Overriding database path with different value: /home/nilo/.stmcufinder/plugins/mcufinder/ => /home/nilo/.stmcufinder/plugins/mcufinder
2023-11-27 08:07:31,527 [INFO] DbMcusAds:125 - Set database path to: /home/nilo/.stmcufinder/plugins/mcufinder//mcu/
2023-11-27 08:07:31,528 [WARN] DbFile:41 - Overriding database path with different value: /home/nilo/.stmcufinder/plugins/mcufinder/ => /home/nilo/.stmcufinder/plugins/mcufinder
2023-11-27 08:07:31,528 [WARN] DbFile:41 - Overriding database path with different value: /home/nilo/.stmcufinder/plugins/mcufinder/ => /home/nilo/.stmcufinder/plugins/mcufinder
2023-11-27 08:07:31,528 [INFO] CrossReferenceDbSqlite:203 - Set database path to: /home/nilo/.stmcufinder/plugins/mcufinder//mcu/cs/
2023-11-27 08:07:31,559 [INFO] ApplicationProperties:184 - Using Application install path: /home/nilo/st/stm32cubeide_1.13.1/plugins/com.st.stm32cube.common.mx_6.9.1.202307191849
2023-11-27 08:07:31,562 [INFO] PluginManage:196 - Search for loadable plugins [exclusion list=, ]
2023-11-27 08:07:31,565 [INFO] PluginManage:310 - Check plugin analytics
2023-11-27 08:07:31,915 [INFO] AnalyticsPlugin:253 - Accepted Software Licenses: 
2023-11-27 08:07:31,916 [INFO] AnalyticsPlugin:255 - Accepted CMSIS Pack Licenses: 
2023-11-27 08:07:31,916 [INFO] AnalyticsPlugin:257 - Accepted Firmware Licenses: 
2023-11-27 08:07:31,921 [INFO] PluginManage:359 - Loaded plugin analytics (category:tool,tabindex:-1)
2023-11-27 08:07:31,926 [INFO] PluginManage:310 - Check plugin cadmodel
2023-11-27 08:07:31,941 [INFO] CADModel:105 - Init CAD model plugin
2023-11-27 08:07:31,942 [INFO] PluginManage:359 - Loaded plugin cadmodel (category:power,tabindex:5)
2023-11-27 08:07:31,942 [INFO] PluginManage:310 - Check plugin clock
2023-11-27 08:07:31,961 [INFO] PluginManage:359 - Loaded plugin clock (category:base,tabindex:2)
2023-11-27 08:07:31,961 [INFO] PluginManage:310 - Check plugin ddr
2023-11-27 08:07:31,965 [INFO] PluginManage:359 - Loaded plugin ddr (category:tool,tabindex:6)
2023-11-27 08:07:31,966 [INFO] PluginManage:310 - Check plugin filemanager
2023-11-27 08:07:32,255 [INFO] PluginManage:359 - Loaded plugin filemanager (category:base,tabindex:10)
2023-11-27 08:07:32,255 [INFO] PluginManage:310 - Check plugin ipmanager
2023-11-27 08:07:32,267 [INFO] PluginManage:359 - Loaded plugin ipmanager (category:base,tabindex:5)
2023-11-27 08:07:32,268 [INFO] PluginManage:310 - Check plugin lpbam
2023-11-27 08:07:32,295 [INFO] PluginManage:359 - Loaded plugin lpbam (category:base,tabindex:0)
2023-11-27 08:07:32,295 [INFO] PluginManage:310 - Check plugin memorymap
2023-11-27 08:07:32,315 [INFO] PluginManage:359 - Loaded plugin memorymap (category:base,tabindex:4)
2023-11-27 08:07:32,315 [INFO] PluginManage:310 - Check plugin pinoutandconfiguration
2023-11-27 08:07:32,328 [INFO] PluginManage:359 - Loaded plugin pinoutandconfiguration (category:base,tabindex:1)
2023-11-27 08:07:32,328 [INFO] PluginManage:310 - Check plugin pinoutconfig
2023-11-27 08:07:32,507 [WARN] SupportedApi:132 - Cannot load RTOS API schema: s4s-elt-must-match.1: The content of 'definitions' must match (annotation?, (simpleType | complexType)?, (unique | key | keyref)*)). A problem was found starting at: attribute.
2023-11-27 08:07:32,777 [INFO] PluginManage:359 - Loaded plugin pinoutconfig (category:base,tabindex:0)
2023-11-27 08:07:32,777 [INFO] PluginManage:310 - Check plugin power
2023-11-27 08:07:32,794 [INFO] PluginManage:359 - Loaded plugin power (category:power,tabindex:4)
2023-11-27 08:07:32,794 [INFO] PluginManage:310 - Check plugin projectmanager
2023-11-27 08:07:32,828 [INFO] PluginManage:359 - Loaded plugin projectmanager (category:projectmanager,tabindex:3)
2023-11-27 08:07:32,829 [INFO] PluginManage:310 - Check plugin thirdparty
2023-11-27 08:07:33,023 [WARN] IntegrityCheckThread:84 - waiting for thirdparty lock release [integrity check]
2023-11-27 08:07:33,024 [INFO] PluginManage:359 - Loaded plugin thirdparty (category:base,tabindex:-1)
2023-11-27 08:07:33,024 [INFO] IntegrityCheckThread:86 - entering critical section [integrity check]
2023-11-27 08:07:33,024 [INFO] PluginManage:310 - Check plugin tools
2023-11-27 08:07:33,024 [INFO] ThirdPartyUpdaterWithRetryManager:70 - Updater plugin not ready yet. [1/15]
2023-11-27 08:07:33,028 [INFO] PluginManage:359 - Loaded plugin tools (category:base,tabindex:7)
2023-11-27 08:07:33,028 [INFO] PluginManage:310 - Check plugin tutovideos
2023-11-27 08:07:33,349 [INFO] PluginManage:359 - Loaded plugin tutovideos (category:base,tabindex:-1)
2023-11-27 08:07:33,349 [INFO] PluginManage:310 - Check plugin updater
2023-11-27 08:07:33,367 [INFO] PluginManage:359 - Loaded plugin updater (category:base,tabindex:12)
2023-11-27 08:07:33,367 [INFO] PluginManage:310 - Check plugin userauth
2023-11-27 08:07:33,378 [INFO] UserAuth:113 - Init User Auth plugin
2023-11-27 08:07:33,378 [INFO] PluginManage:359 - Loaded plugin userauth (category:base,tabindex:14)
2023-11-27 08:07:33,379 [INFO] PluginManage:283 - PluginManage : Loaded plugins [17]
2023-11-27 08:07:33,709 [INFO] PinOutPanel:1499 - setPackage(No Configuration,No Configuration)
2023-11-27 08:07:33,856 [INFO] CADModel:165 - CPN selected for project level
2023-11-27 08:07:33,856 [INFO] CADModel:114 - Register for checkConnection events
2023-11-27 08:07:33,877 [INFO] IPUIPlugin:80 - create IPUIPlugin
2023-11-27 08:07:33,877 [INFO] PluginManager:220 - loadIPPluginJar : add quadspi
2023-11-27 08:07:33,879 [INFO] IPUIPlugin:80 - create IPUIPlugin
2023-11-27 08:07:33,880 [INFO] PluginManager:220 - loadIPPluginJar : add tsc
2023-11-27 08:07:33,882 [INFO] IPUIPlugin:80 - create IPUIPlugin
2023-11-27 08:07:33,882 [INFO] PluginManager:220 - loadIPPluginJar : add genericplugin
2023-11-27 08:07:33,892 [INFO] IPUIPlugin:80 - create IPUIPlugin
2023-11-27 08:07:33,892 [INFO] PluginManager:220 - loadIPPluginJar : add i3c
2023-11-27 08:07:33,896 [INFO] IPUIPlugin:80 - create IPUIPlugin
2023-11-27 08:07:33,896 [INFO] PluginManager:220 - loadIPPluginJar : add lorawan
2023-11-27 08:07:33,902 [INFO] IPUIPlugin:80 - create IPUIPlugin
2023-11-27 08:07:33,902 [INFO] PluginManager:220 - loadIPPluginJar : add touchsensing
2023-11-27 08:07:33,912 [INFO] IPUIPlugin:80 - create IPUIPlugin
2023-11-27 08:07:33,913 [INFO] PluginManager:220 - loadIPPluginJar : add dma
2023-11-27 08:07:33,924 [INFO] IPUIPlugin:80 - create IPUIPlugin
2023-11-27 08:07:33,924 [INFO] PluginManager:220 - loadIPPluginJar : add fmc
2023-11-27 08:07:33,928 [INFO] IPUIPlugin:80 - create IPUIPlugin
2023-11-27 08:07:33,928 [INFO] PluginManager:220 - loadIPPluginJar : add spi
2023-11-27 08:07:33,932 [INFO] IPUIPlugin:80 - create IPUIPlugin
2023-11-27 08:07:33,932 [INFO] PluginManager:220 - loadIPPluginJar : add usart
2023-11-27 08:07:33,935 [INFO] IPUIPlugin:80 - create IPUIPlugin
2023-11-27 08:07:33,936 [INFO] PluginManager:220 - loadIPPluginJar : add ts
2023-11-27 08:07:33,946 [INFO] IPUIPlugin:80 - create IPUIPlugin
2023-11-27 08:07:33,951 [INFO] PluginManager:220 - loadIPPluginJar : add plateformsettings
2023-11-27 08:07:33,955 [INFO] IPUIPlugin:80 - create IPUIPlugin
2023-11-27 08:07:33,955 [INFO] PluginManager:220 - loadIPPluginJar : add can
2023-11-27 08:07:33,960 [INFO] IPUIPlugin:80 - create IPUIPlugin
2023-11-27 08:07:33,960 [INFO] PluginManager:220 - loadIPPluginJar : add opamp
2023-11-27 08:07:33,963 [INFO] IPUIPlugin:80 - create IPUIPlugin
2023-11-27 08:07:33,964 [INFO] PluginManager:220 - loadIPPluginJar : add gfxmmu
2023-11-27 08:07:33,966 [INFO] IPUIPlugin:80 - create IPUIPlugin
2023-11-27 08:07:33,966 [INFO] PluginManager:220 - loadIPPluginJar : add comp
2023-11-27 08:07:33,970 [INFO] IPUIPlugin:80 - create IPUIPlugin
2023-11-27 08:07:33,970 [INFO] PluginManager:220 - loadIPPluginJar : add dfsdm
2023-11-27 08:07:33,975 [INFO] IPUIPlugin:80 - create IPUIPlugin
2023-11-27 08:07:33,975 [INFO] PluginManager:220 - loadIPPluginJar : add usbx
2023-11-27 08:07:33,978 [INFO] IPUIPlugin:80 - create IPUIPlugin
2023-11-27 08:07:33,979 [INFO] PluginManager:220 - loadIPPluginJar : add pdm2pcm
2023-11-27 08:07:33,986 [INFO] IPUIPlugin:80 - create IPUIPlugin
2023-11-27 08:07:33,986 [INFO] PluginManager:220 - loadIPPluginJar : add gpio
2023-11-27 08:07:33,991 [INFO] IPUIPlugin:80 - create IPUIPlugin
2023-11-27 08:07:33,991 [INFO] PluginManager:220 - loadIPPluginJar : add openamp
2023-11-27 08:07:33,995 [INFO] IPUIPlugin:80 - create IPUIPlugin
2023-11-27 08:07:33,995 [INFO] PluginManager:220 - loadIPPluginJar : add aes
2023-11-27 08:07:33,998 [INFO] IPUIPlugin:80 - create IPUIPlugin
2023-11-27 08:07:33,998 [INFO] PluginManager:220 - loadIPPluginJar : add hash
2023-11-27 08:07:34,002 [INFO] IPUIPlugin:80 - create IPUIPlugin
2023-11-27 08:07:34,003 [INFO] PluginManager:220 - loadIPPluginJar : add i2s
2023-11-27 08:07:34,006 [INFO] IPUIPlugin:80 - create IPUIPlugin
2023-11-27 08:07:34,006 [INFO] PluginManager:220 - loadIPPluginJar : add tracer_emb
2023-11-27 08:07:34,015 [INFO] IPUIPlugin:80 - create IPUIPlugin
2023-11-27 08:07:34,015 [INFO] PluginManager:220 - loadIPPluginJar : add adc
2023-11-27 08:07:34,024 [INFO] IPUIPlugin:80 - create IPUIPlugin
2023-11-27 08:07:34,024 [INFO] PluginManager:220 - loadIPPluginJar : add freertos
2023-11-27 08:07:34,027 [INFO] IPUIPlugin:80 - create IPUIPlugin
2023-11-27 08:07:34,027 [INFO] PluginManager:220 - loadIPPluginJar : add ucpd
2023-11-27 08:07:34,032 [INFO] IPUIPlugin:80 - create IPUIPlugin
2023-11-27 08:07:34,032 [INFO] PluginManager:220 - loadIPPluginJar : add ipddr
2023-11-27 08:07:34,035 [INFO] IPUIPlugin:80 - create IPUIPlugin
2023-11-27 08:07:34,035 [INFO] PluginManager:220 - loadIPPluginJar : add tim
2023-11-27 08:07:34,041 [INFO] IPUIPlugin:80 - create IPUIPlugin
2023-11-27 08:07:34,041 [INFO] PluginManager:220 - loadIPPluginJar : add resmgrutility
2023-11-27 08:07:34,045 [INFO] IPUIPlugin:80 - create IPUIPlugin
2023-11-27 08:07:34,045 [INFO] PluginManager:220 - loadIPPluginJar : add gtzc
2023-11-27 08:07:34,053 [INFO] IPUIPlugin:80 - create IPUIPlugin
2023-11-27 08:07:34,054 [INFO] PluginManager:220 - loadIPPluginJar : add gic
2023-11-27 08:07:34,065 [INFO] IPUIPlugin:80 - create IPUIPlugin
2023-11-27 08:07:34,065 [INFO] PluginManager:220 - loadIPPluginJar : add linkedlist
2023-11-27 08:07:34,069 [INFO] IPUIPlugin:80 - create IPUIPlugin
2023-11-27 08:07:34,069 [INFO] PluginManager:220 - loadIPPluginJar : add dma3
2023-11-27 08:07:34,074 [INFO] IPUIPlugin:80 - create IPUIPlugin
2023-11-27 08:07:34,074 [INFO] PluginManager:220 - loadIPPluginJar : add sai
2023-11-27 08:07:34,076 [INFO] IPUIPlugin:80 - create IPUIPlugin
2023-11-27 08:07:34,076 [INFO] PluginManager:220 - loadIPPluginJar : add ltdc
2023-11-27 08:07:34,078 [INFO] IPUIPlugin:80 - create IPUIPlugin
2023-11-27 08:07:34,078 [INFO] PluginManager:220 - loadIPPluginJar : add fatfs
2023-11-27 08:07:34,082 [INFO] IPUIPlugin:80 - create IPUIPlugin
2023-11-27 08:07:34,083 [INFO] PluginManager:220 - loadIPPluginJar : add i2c
2023-11-27 08:07:34,092 [INFO] IPUIPlugin:80 - create IPUIPlugin
2023-11-27 08:07:34,093 [INFO] PluginManager:220 - loadIPPluginJar : add mdma
2023-11-27 08:07:34,100 [INFO] IPUIPlugin:80 - create IPUIPlugin
2023-11-27 08:07:34,100 [INFO] PluginManager:220 - loadIPPluginJar : add stm32_wpan
2023-11-27 08:07:34,104 [INFO] IPUIPlugin:80 - create IPUIPlugin
2023-11-27 08:07:34,105 [INFO] PluginManager:220 - loadIPPluginJar : add cryp
2023-11-27 08:07:34,110 [INFO] IPUIPlugin:80 - create IPUIPlugin
2023-11-27 08:07:34,110 [INFO] PluginManager:220 - loadIPPluginJar : add nvic
2023-11-27 08:07:34,228 [INFO] CADModel:165 - CPN selected for project level
2023-11-27 08:07:34,228 [INFO] CADModel:114 - Register for checkConnection events
2023-11-27 08:07:34,229 [FATAL] Updater:308 - Updater called before beeing initialized
2023-11-27 08:07:34,229 [ERROR] CADModel:125 - Updater not yet initialized, retry later 
2023-11-27 08:07:34,463 [INFO] CADModel:165 - CPN selected for project level
2023-11-27 08:07:34,464 [INFO] CADModel:114 - Register for checkConnection events
2023-11-27 08:07:34,464 [FATAL] Updater:308 - Updater called before beeing initialized
2023-11-27 08:07:34,464 [ERROR] CADModel:125 - Updater not yet initialized, retry later 
2023-11-27 08:07:34,474 [FATAL] Updater:308 - Updater called before beeing initialized
2023-11-27 08:07:34,599 [FATAL] Updater:308 - Updater called before beeing initialized
2023-11-27 08:07:34,608 [INFO] DbMcusAds:53 - JSON generation date=Thu Sep 30 03:55:09 BRT 2021 (1632984909247)
2023-11-27 08:07:34,609 [FATAL] Updater:308 - Updater called before beeing initialized
2023-11-27 08:07:34,706 [WARN] DetailPanel:346 - Failed to get advertising image, set to default
2023-11-27 08:07:34,966 [FATAL] Updater:308 - Updater called before beeing initialized
2023-11-27 08:07:34,969 [FATAL] Updater:308 - Updater called before beeing initialized
2023-11-27 08:07:34,970 [FATAL] Updater:308 - Updater called before beeing initialized
2023-11-27 08:07:34,970 [WARN] DetailPanel:346 - Failed to get advertising image, set to default
2023-11-27 08:07:34,971 [FATAL] Updater:308 - Updater called before beeing initialized
2023-11-27 08:07:35,030 [ERROR] Updater:1120 - MainUpdater not yet initialized. External WinMGr cannot be set.
2023-11-27 08:07:35,033 [INFO] Updater:1056 - Updater Version found : 6.9.1
2023-11-27 08:07:35,065 [INFO] ApplicationProperties:184 - Using Application install path: /home/nilo/st/stm32cubeide_1.13.1/plugins/com.st.stm32cube.common.mx_6.9.1.202307191849
2023-11-27 08:07:35,219 [INFO] MainUpdater:2868 - connection check result : 10
2023-11-27 08:07:35,221 [INFO] MainUpdater:285 - Updater Check For Update Now.
2023-11-27 08:07:35,221 [INFO] MicroXplorer:498 - Change Database Version : DB.6.0.91
2023-11-27 08:07:35,228 [INFO] McuFinderGlobals:63 - Set McuFinder mode to 2 (CubeIDE integrated)
2023-11-27 08:07:35,229 [INFO] UserAuth:179 - activating auth plugin
2023-11-27 08:07:35,233 [INFO] UserAuth:393 - Internet connection configuration mode: 1
2023-11-27 08:07:35,257 [INFO] JxBrowserEngine:151 - Initiate JxBrowser Engine with user profile folder
2023-11-27 08:07:35,436 [INFO] CheckServerUpdateThread:120 - End of CheckServer Thread
2023-11-27 08:07:36,223 [WARN] PackLoader:240 - Cannot read IP mode file for STMicroelectronics.X-CUBE-SMBUS.2.1.0
2023-11-27 08:07:36,282 [WARN] PackLoader:240 - Cannot read IP mode file for STMicroelectronics.X-CUBE-AZRTOS-F7.1.1.0
2023-11-27 08:07:36,300 [WARN] PackLoader:240 - Cannot read IP mode file for STMicroelectronics.FP-SNS-MOTENV1.4.3.2
2023-11-27 08:07:36,316 [WARN] PackLoader:240 - Cannot read IP mode file for STMicroelectronics.X-CUBE-BLE1.6.2.3
2023-11-27 08:07:36,324 [WARN] PackLoader:240 - Cannot read IP mode file for STMicroelectronics.X-CUBE-BLE1.6.2.4
2023-11-27 08:07:36,330 [WARN] PackLoader:240 - Cannot read IP mode file for STMicroelectronics.FP-SNS-FLIGHT1.5.0.2
2023-11-27 08:07:36,380 [WARN] PackLoader:240 - Cannot read IP mode file for STMicroelectronics.X-CUBE-TOF1.3.1.0
2023-11-27 08:07:36,401 [WARN] PackLoader:240 - Cannot read IP mode file for STMicroelectronics.X-CUBE-DISPLAY.3.0.0
2023-11-27 08:07:36,415 [WARN] PackLoader:240 - Cannot read IP mode file for STMicroelectronics.X-CUBE-BLE1.7.0.0
2023-11-27 08:07:36,421 [WARN] PackLoader:240 - Cannot read IP mode file for STMicroelectronics.X-CUBE-TOUCHGFX.4.22.0
2023-11-27 08:07:36,425 [WARN] PackLoader:240 - Cannot read IP mode file for STMicroelectronics.X-CUBE-TOUCHGFX.4.22.1
2023-11-27 08:07:36,581 [WARN] PackLoader:240 - Cannot read IP mode file for STMicroelectronics.X-CUBE-MEMS1.9.3.0
2023-11-27 08:07:36,910 [WARN] PackLoader:240 - Cannot read IP mode file for STMicroelectronics.X-CUBE-AI.7.2.0
2023-11-27 08:07:36,926 [WARN] PackLoader:240 - Cannot read IP mode file for STMicroelectronics.FP-SNS-SMARTAG2.1.2.0
2023-11-27 08:07:36,945 [INFO] LogOutputStream:77 - [STDOUT_REDIRECT] 1 : Invalid condition id : UX_CORESTACK_Condition cause : null
2023-11-27 08:07:36,946 [INFO] LogOutputStream:77 - [STDOUT_REDIRECT] 1 : Invalid condition id : UX_CORESTACK_Condition cause : null
2023-11-27 08:07:36,947 [INFO] LogOutputStream:77 - [STDOUT_REDIRECT] 1 : Invalid condition id : UX_CORESTACK_Condition cause : null
2023-11-27 08:07:36,948 [INFO] LogOutputStream:77 - [STDOUT_REDIRECT] 1 : Invalid condition id : UX_CORESTACK_Condition cause : null
2023-11-27 08:07:36,948 [INFO] LogOutputStream:77 - [STDOUT_REDIRECT] 1 : Invalid condition id : UX_CORESTACK_Condition cause : null
2023-11-27 08:07:36,956 [WARN] PackLoader:240 - Cannot read IP mode file for STMicroelectronics.X-CUBE-AZRTOS-WL.2.0.0
2023-11-27 08:07:36,976 [WARN] PackLoader:240 - Cannot read IP mode file for WES.I-CUBE-Cesium.1.3.0
2023-11-27 08:07:36,994 [WARN] PackLoader:240 - Cannot read IP mode file for STMicroelectronics.X-CUBE-BLE2.3.3.0
2023-11-27 08:07:37,014 [WARN] PackLoader:240 - Cannot read IP mode file for STMicroelectronics.X-CUBE-DISPLAY.2.2.0
2023-11-27 08:07:37,074 [WARN] PackLoader:240 - Cannot read IP mode file for STMicroelectronics.X-CUBE-TOF1.3.2.0
2023-11-27 08:07:37,075 [INFO] WebApp:157 - Instantiating new browser for Auth
2023-11-27 08:07:37,130 [WARN] PackLoader:240 - Cannot read IP mode file for STMicroelectronics.X-CUBE-ISPU.1.0.0
2023-11-27 08:07:37,174 [WARN] PackLoader:240 - Cannot read IP mode file for STMicroelectronics.X-CUBE-AZRTOS-H7.2.1.0
2023-11-27 08:07:37,184 [WARN] PackLoader:240 - Cannot read IP mode file for STMicroelectronics.X-CUBE-TOUCHGFX.4.21.1
2023-11-27 08:07:37,190 [WARN] PackLoader:240 - Cannot read IP mode file for STMicroelectronics.X-CUBE-TOUCHGFX.4.21.0
2023-11-27 08:07:37,280 [WARN] PackLoader:240 - Cannot read IP mode file for STMicroelectronics.X-CUBE-MEMS1.9.4.0
2023-11-27 08:07:37,564 [WARN] PackLoader:240 - Cannot read IP mode file for STMicroelectronics.X-CUBE-AI.7.3.0
2023-11-27 08:07:37,588 [WARN] PackLoader:240 - Cannot read IP mode file for STMicroelectronics.X-CUBE-ALGOBUILD.1.3.0
2023-11-27 08:07:37,650 [WARN] PackLoader:240 - Cannot read IP mode file for STMicroelectronics.X-CUBE-AZRTOS-G0.1.1.0
2023-11-27 08:07:37,682 [WARN] PackLoader:240 - Cannot read IP mode file for STMicroelectronics.X-CUBE-NFC4.3.0.0
2023-11-27 08:07:37,802 [WARN] PackLoader:240 - Cannot read IP mode file for SEGGER.I-CUBE-embOS.1.2.0
2023-11-27 08:07:37,948 [WARN] PackLoader:240 - Cannot read IP mode file for STMicroelectronics.X-CUBE-BLEMGR.3.0.0
2023-11-27 08:07:37,970 [WARN] PackLoader:240 - Cannot read IP mode file for STMicroelectronics.X-CUBE-BLEMGR.1.3.0
2023-11-27 08:07:37,981 [WARN] PackLoader:240 - Cannot read IP mode file for STMicroelectronics.FP-ATR-SIGFOX1.3.2.0
2023-11-27 08:07:37,992 [WARN] PackLoader:240 - Cannot read IP mode file for emotas.I-CUBE-CANOPEN.1.1.2
2023-11-27 08:07:38,002 [WARN] PackLoader:240 - Cannot read IP mode file for STMicroelectronics.X-CUBE-TOUCHGFX.4.20.0
2023-11-27 08:07:38,088 [WARN] PackLoader:240 - Cannot read IP mode file for STMicroelectronics.X-CUBE-MEMS1.9.5.0
2023-11-27 08:07:38,381 [WARN] PackLoader:240 - Cannot read IP mode file for SEGGER.I-CUBE-embOS.1.3.1
2023-11-27 08:07:38,438 [WARN] PackLoader:240 - Cannot read IP mode file for STMicroelectronics.X-CUBE-GNSS1.6.0.0
2023-11-27 08:07:38,464 [WARN] PackLoader:240 - Cannot read IP mode file for STMicroelectronics.X-CUBE-AZRTOS-F4.1.1.0
2023-11-27 08:07:38,476 [WARN] PackLoader:240 - Cannot read IP mode file for STMicroelectronics.X-CUBE-BLEMGR.1.2.0
2023-11-27 08:07:38,502 [WARN] PackLoader:240 - Cannot read IP mode file for STMicroelectronics.X-CUBE-AZRTOS-L5.2.0.0
2023-11-27 08:07:38,579 [WARN] PackLoader:240 - Cannot read IP mode file for STMicroelectronics.X-CUBE-MEMS1.9.6.0
2023-11-27 08:07:38,604 [INFO] WebApp:753 - Register for checkConnection events
2023-11-27 08:07:38,605 [INFO] WebApp:390 - Apply proxy settings
2023-11-27 08:07:38,605 [INFO] WebApp:475 - Chromium requires no authentication
2023-11-27 08:07:38,615 [INFO] WebApp:418 - Direct internet connection detected
2023-11-27 08:07:38,863 [WARN] PackLoader:240 - Cannot read IP mode file for STMicroelectronics.X-CUBE-EEPRMA1.4.2.0
2023-11-27 08:07:38,873 [WARN] PackLoader:240 - Cannot read IP mode file for ITTIA_DB.I-CUBE-ITTIADB.8.8.0
2023-11-27 08:07:38,919 [WARN] PackLoader:240 - Cannot read IP mode file for STMicroelectronics.X-CUBE-BLEMGR.2.0.0
2023-11-27 08:07:38,946 [WARN] PackLoader:240 - Cannot read IP mode file for STMicroelectronics.X-CUBE-NFC4.2.0.5
2023-11-27 08:07:38,959 [WARN] PackLoader:240 - Cannot read IP mode file for STMicroelectronics.X-CUBE-NFC4.2.0.4
2023-11-27 08:07:39,024 [INFO] WebApp:188 - Starting web application
2023-11-27 08:07:39,024 [INFO] WebApp:520 - Web application path used /home/nilo/st/stm32cubeide_1.13.1/plugins/com.st.stm32cube.common.mx_6.9.1.202307191849/db/plugins/mcufinder/reactClient1/index.html
2023-11-27 08:07:39,045 [WARN] ConditionMgr:438 - getConditionDescription Invalid condition id : UX DEVICE CLASS RTOS Condition cause : null
2023-11-27 08:07:39,046 [WARN] ConditionMgr:438 - getConditionDescription Invalid condition id : UX DEVICE CLASS RTOS Condition cause : null
2023-11-27 08:07:39,052 [WARN] PackLoader:240 - Cannot read IP mode file for STMicroelectronics.X-CUBE-AZRTOS-H7.3.1.0
2023-11-27 08:07:39,073 [WARN] ConditionMgr:1039 - genDependencies : Invalid condition id : UX DEVICE CLASS RTOS Condition cause : null
2023-11-27 08:07:39,073 [WARN] ConditionMgr:1039 - genDependencies : Invalid condition id : UX DEVICE CLASS RTOS Condition cause : null
2023-11-27 08:07:39,078 [WARN] ConditionMgr:1039 - genDependencies : Invalid condition id : UX DEVICE CLASS RTOS Condition cause : null
2023-11-27 08:07:39,079 [WARN] ConditionMgr:1039 - genDependencies : Invalid condition id : UX DEVICE CLASS RTOS Condition cause : null
2023-11-27 08:07:39,080 [WARN] ConditionMgr:1039 - genDependencies : Invalid condition id : UX DEVICE CLASS RTOS Condition cause : null
2023-11-27 08:07:39,089 [WARN] PackLoader:240 - Cannot read IP mode file for wolfSSL.I-CUBE-wolfSSL.5.5.0
2023-11-27 08:07:39,104 [WARN] PackLoader:240 - Cannot read IP mode file for STMicroelectronics.X-CUBE-NFC7.1.0.1
2023-11-27 08:07:39,118 [WARN] PackLoader:240 - Cannot read IP mode file for STMicroelectronics.X-CUBE-NFC7.1.0.0
2023-11-27 08:07:39,132 [WARN] PackLoader:240 - Cannot read IP mode file for STMicroelectronics.X-CUBE-NFC6.3.0.0
2023-11-27 08:07:39,149 [WARN] PackLoader:240 - Cannot read IP mode file for STMicroelectronics.X-CUBE-EEPRMA1.4.1.0
2023-11-27 08:07:39,157 [WARN] PackLoader:240 - Cannot read IP mode file for STMicroelectronics.X-CUBE-AI.8.1.0
2023-11-27 08:07:39,200 [WARN] ConditionMgr:438 - getConditionDescription Invalid condition id : LAN8742 Phy interface Condition cause : null
2023-11-27 08:07:39,201 [WARN] PackLoader:240 - Cannot read IP mode file for STMicroelectronics.X-CUBE-AZRTOS-L4.2.0.0
2023-11-27 08:07:39,204 [WARN] ConditionMgr:1039 - genDependencies : Invalid condition id : LAN8742 Phy interface Condition cause : null
2023-11-27 08:07:39,205 [WARN] ConditionMgr:1039 - genDependencies : Invalid condition id : LAN8742 Phy interface Condition cause : null
2023-11-27 08:07:39,207 [WARN] ConditionMgr:1039 - genDependencies : Invalid condition id : LAN8742 Phy interface Condition cause : null
2023-11-27 08:07:39,220 [WARN] PackLoader:240 - Cannot read IP mode file for STMicroelectronics.X-CUBE-SFXS2LP1.4.0.0
2023-11-27 08:07:39,291 [WARN] PackLoader:240 - Cannot read IP mode file for STMicroelectronics.X-CUBE-AZRTOS-H7.3.0.0
2023-11-27 08:07:39,305 [WARN] PackLoader:240 - Cannot read IP mode file for STMicroelectronics.X-CUBE-ISPU.1.1.0
2023-11-27 08:07:39,334 [WARN] PackLoader:240 - Cannot read IP mode file for RoweBots.I-CUBE-UNISONRTOS.5.5.0-4
2023-11-27 08:07:39,346 [WARN] PackLoader:240 - Cannot read IP mode file for STMicroelectronics.X-CUBE-AI.8.0.0
2023-11-27 08:07:39,384 [WARN] ConditionMgr:438 - getConditionDescription Invalid condition id : UX DEVICE CLASS RTOS Condition cause : null
2023-11-27 08:07:39,385 [WARN] ConditionMgr:438 - getConditionDescription Invalid condition id : UX DEVICE CLASS RTOS Condition cause : null
2023-11-27 08:07:39,390 [WARN] PackLoader:240 - Cannot read IP mode file for STMicroelectronics.X-CUBE-AZRTOS-WB.2.0.0
2023-11-27 08:07:39,391 [WARN] ConditionMgr:1039 - genDependencies : Invalid condition id : UX DEVICE CLASS RTOS Condition cause : null
2023-11-27 08:07:39,392 [WARN] ConditionMgr:1039 - genDependencies : Invalid condition id : UX DEVICE CLASS RTOS Condition cause : null
2023-11-27 08:07:39,402 [WARN] ConditionMgr:1039 - genDependencies : Invalid condition id : UX DEVICE CLASS RTOS Condition cause : null
2023-11-27 08:07:39,403 [WARN] ConditionMgr:1039 - genDependencies : Invalid condition id : UX DEVICE CLASS RTOS Condition cause : null
2023-11-27 08:07:39,403 [WARN] ConditionMgr:1039 - genDependencies : Invalid condition id : UX DEVICE CLASS RTOS Condition cause : null
2023-11-27 08:07:39,415 [WARN] PackLoader:240 - Cannot read IP mode file for STMicroelectronics.X-CUBE-FREERTOS.1.0.1
2023-11-27 08:07:39,433 [WARN] PackLoader:240 - Cannot read IP mode file for STMicroelectronics.X-CUBE-BLEMGR.1.0.0
2023-11-27 08:07:39,513 [WARN] PackLoader:240 - Cannot read IP mode file for STMicroelectronics.X-CUBE-AZRTOS-L5.1.1.0
2023-11-27 08:07:39,539 [WARN] PackLoader:240 - Cannot read IP mode file for STMicroelectronics.X-CUBE-SUBG2.5.0.0
2023-11-27 08:07:39,583 [WARN] PackLoader:240 - Cannot read IP mode file for STMicroelectronics.X-CUBE-TOF1.3.3.1
2023-11-27 08:07:39,659 [WARN] PackLoader:240 - Cannot read IP mode file for STMicroelectronics.X-CUBE-AZRTOS-G4.2.0.0
2023-11-27 08:07:39,668 [WARN] PackLoader:240 - Cannot read IP mode file for STMicroelectronics.FP-ATR-ASTRA1.1.1.1
2023-11-27 08:07:39,690 [WARN] PackLoader:240 - Cannot read IP mode file for Infineon.AIROC-Wi-Fi-Bluetooth-STM32.1.5.1
2023-11-27 08:07:39,709 [WARN] PackLoader:240 - Cannot read IP mode file for STMicroelectronics.FP-SNS-MOTENVWB1.1.3.0
2023-11-27 08:07:39,741 [WARN] PackLoader:240 - Cannot read IP mode file for STMicroelectronics.X-CUBE-AZRTOS-G4.1.0.0
2023-11-27 08:07:39,778 [WARN] PackLoader:240 - Cannot read IP mode file for STMicroelectronics.X-CUBE-AZRTOS-L4.1.0.0
2023-11-27 08:07:39,883 [WARN] PackLoader:240 - Cannot read IP mode file for STMicroelectronics.X-CUBE-MEMS1.10.0.0
2023-11-27 08:07:40,044 [WARN] PackLoader:240 - Cannot read IP mode file for STMicroelectronics.X-CUBE-FREERTOS.1.1.0
2023-11-27 08:07:40,057 [WARN] PackLoader:240 - Cannot read IP mode file for STMicroelectronics.X-CUBE-AZRTOS-WL.1.0.0
2023-11-27 08:07:40,064 [WARN] PackLoader:240 - Cannot read IP mode file for portGmbH.I-Cube-SoM-uGOAL.1.1.0
2023-11-27 08:07:40,068 [WARN] PackLoader:240 - Cannot read IP mode file for STMicroelectronics.X-CUBE-ALS.1.0.1
2023-11-27 08:07:40,085 [WARN] PackLoader:240 - Cannot read IP mode file for STMicroelectronics.X-CUBE-AZRTOS-WB.1.1.0
2023-11-27 08:07:40,106 [WARN] PackLoader:240 - Cannot read IP mode file for STMicroelectronics.X-CUBE-AZRTOS-L5.1.0.0
2023-11-27 08:07:40,113 [WARN] PackLoader:240 - Cannot read IP mode file for STMicroelectronics.X-CUBE-EEPRMA1.3.1.1
2023-11-27 08:07:40,118 [WARN] PackLoader:240 - Cannot read IP mode file for STMicroelectronics.FP-ATR-ASTRA1.2.0.0
2023-11-27 08:07:40,130 [WARN] PackLoader:240 - Cannot read IP mode file for STMicroelectronics.X-CUBE-TOF1.3.4.0
2023-11-27 08:07:40,144 [INFO] ThirdParty:978 - Integrity check success = true
2023-11-27 08:07:40,144 [INFO] IntegrityCheckThread:100 - exiting critical section [integrity check]
2023-11-27 08:07:40,144 [INFO] IntegrityCheckThread:103 - End integrity checks thread
2023-11-27 11:31:54,733 [INFO] Activator:176 - 


2023-11-27 11:31:54,736 [INFO] Activator:177 - !SESSION log4j initialized
2023-11-27 11:32:02,209 [INFO] LogOutputStream:77 - [STDOUT_REDIRECT] 
2023-11-27 11:32:10,456 [INFO] ApplicationProperties:184 - Using Application install path: /home/nilo/st/stm32cubeide_1.13.1/plugins/com.st.stm32cube.common.mx_6.9.1.202307191849
2023-11-27 11:32:10,497 [INFO] DbMcusXml:78 - Set database path to: /home/nilo/st/stm32cubeide_1.13.1/plugins/com.st.stm32cube.common.mx_6.9.1.202307191849//db//mcu/
2023-11-27 11:32:10,497 [INFO] ApiDb:274 - Set plugin database path to: /home/nilo/st/stm32cubeide_1.13.1/plugins/com.st.stm32cube.common.mx_6.9.1.202307191849//db//plugins/boardmanager/
2023-11-27 11:32:10,498 [WARN] ApiDb:259 - Overriding images path with different value:  => /home/nilo/st/stm32cubeide_1.13.1/plugins/com.st.stm32cube.common.mx_6.9.1.202307191849//db//plugins/mcufinder/images/
2023-11-27 11:32:10,520 [INFO] ApiDb:250 - Set database path to: /home/nilo/.stmcufinder/plugins/mcufinder//mcu/
2023-11-27 11:32:10,522 [INFO] DbMcusAds:125 - Set database path to: /home/nilo/.stmcufinder/plugins/mcufinder//mcu/
2023-11-27 11:32:10,528 [INFO] CrossReferenceDbSqlite:203 - Set database path to: /home/nilo/.stmcufinder/plugins/mcufinder//mcu/cs/
2023-11-27 11:32:10,834 [INFO] RulesReader:64 - Compatibility file has been processed (293 Rules)
2023-11-27 11:32:11,005 [INFO] DbMcusXml:78 - Set database path to: /home/nilo/st/stm32cubeide_1.13.1/plugins/com.st.stm32cube.common.mx_6.9.1.202307191849//db//mcu/
2023-11-27 11:32:11,005 [INFO] ApiDb:274 - Set plugin database path to: /home/nilo/st/stm32cubeide_1.13.1/plugins/com.st.stm32cube.common.mx_6.9.1.202307191849//db//plugins/boardmanager/
2023-11-27 11:32:11,006 [INFO] ApiDb:261 - Set plugin images path to: /home/nilo/st/stm32cubeide_1.13.1/plugins/com.st.stm32cube.common.mx_6.9.1.202307191849//db//plugins/mcufinder/images/
2023-11-27 11:32:11,007 [WARN] DbFile:41 - Overriding database path with different value: /home/nilo/.stmcufinder/plugins/mcufinder/ => /home/nilo/.stmcufinder/plugins/mcufinder
2023-11-27 11:32:11,008 [INFO] ApiDb:250 - Set database path to: /home/nilo/.stmcufinder/plugins/mcufinder//mcu/
2023-11-27 11:32:11,009 [WARN] DbFile:41 - Overriding database path with different value: /home/nilo/.stmcufinder/plugins/mcufinder/ => /home/nilo/.stmcufinder/plugins/mcufinder
2023-11-27 11:32:11,009 [INFO] DbMcusAds:125 - Set database path to: /home/nilo/.stmcufinder/plugins/mcufinder//mcu/
2023-11-27 11:32:11,010 [WARN] DbFile:41 - Overriding database path with different value: /home/nilo/.stmcufinder/plugins/mcufinder/ => /home/nilo/.stmcufinder/plugins/mcufinder
2023-11-27 11:32:11,010 [WARN] DbFile:41 - Overriding database path with different value: /home/nilo/.stmcufinder/plugins/mcufinder/ => /home/nilo/.stmcufinder/plugins/mcufinder
2023-11-27 11:32:11,010 [INFO] CrossReferenceDbSqlite:203 - Set database path to: /home/nilo/.stmcufinder/plugins/mcufinder//mcu/cs/
2023-11-27 11:32:11,170 [INFO] MainPanel:262 - HeapMemory: 268435456
2023-11-27 11:32:11,392 [INFO] DbMcusXml:78 - Set database path to: /home/nilo/st/stm32cubeide_1.13.1/plugins/com.st.stm32cube.common.mx_6.9.1.202307191849//db//mcu/
2023-11-27 11:32:11,393 [INFO] ApiDb:274 - Set plugin database path to: /home/nilo/st/stm32cubeide_1.13.1/plugins/com.st.stm32cube.common.mx_6.9.1.202307191849//db//plugins/boardmanager/
2023-11-27 11:32:11,393 [INFO] ApiDb:261 - Set plugin images path to: /home/nilo/st/stm32cubeide_1.13.1/plugins/com.st.stm32cube.common.mx_6.9.1.202307191849//db//plugins/mcufinder/images/
2023-11-27 11:32:11,394 [WARN] DbFile:41 - Overriding database path with different value: /home/nilo/.stmcufinder/plugins/mcufinder/ => /home/nilo/.stmcufinder/plugins/mcufinder
2023-11-27 11:32:11,394 [INFO] ApiDb:250 - Set database path to: /home/nilo/.stmcufinder/plugins/mcufinder//mcu/
2023-11-27 11:32:11,394 [WARN] DbFile:41 - Overriding database path with different value: /home/nilo/.stmcufinder/plugins/mcufinder/ => /home/nilo/.stmcufinder/plugins/mcufinder
2023-11-27 11:32:11,394 [INFO] DbMcusAds:125 - Set database path to: /home/nilo/.stmcufinder/plugins/mcufinder//mcu/
2023-11-27 11:32:11,394 [WARN] DbFile:41 - Overriding database path with different value: /home/nilo/.stmcufinder/plugins/mcufinder/ => /home/nilo/.stmcufinder/plugins/mcufinder
2023-11-27 11:32:11,394 [WARN] DbFile:41 - Overriding database path with different value: /home/nilo/.stmcufinder/plugins/mcufinder/ => /home/nilo/.stmcufinder/plugins/mcufinder
2023-11-27 11:32:11,395 [INFO] CrossReferenceDbSqlite:203 - Set database path to: /home/nilo/.stmcufinder/plugins/mcufinder//mcu/cs/
2023-11-27 11:32:11,427 [INFO] ApplicationProperties:184 - Using Application install path: /home/nilo/st/stm32cubeide_1.13.1/plugins/com.st.stm32cube.common.mx_6.9.1.202307191849
2023-11-27 11:32:11,429 [INFO] PluginManage:196 - Search for loadable plugins [exclusion list=, ]
2023-11-27 11:32:11,432 [INFO] PluginManage:310 - Check plugin analytics
2023-11-27 11:32:11,772 [INFO] AnalyticsPlugin:253 - Accepted Software Licenses: 
2023-11-27 11:32:11,773 [INFO] AnalyticsPlugin:255 - Accepted CMSIS Pack Licenses: 
2023-11-27 11:32:11,773 [INFO] AnalyticsPlugin:257 - Accepted Firmware Licenses: 
2023-11-27 11:32:11,777 [INFO] PluginManage:359 - Loaded plugin analytics (category:tool,tabindex:-1)
2023-11-27 11:32:11,777 [INFO] PluginManage:310 - Check plugin cadmodel
2023-11-27 11:32:11,788 [INFO] CADModel:105 - Init CAD model plugin
2023-11-27 11:32:11,788 [INFO] PluginManage:359 - Loaded plugin cadmodel (category:power,tabindex:5)
2023-11-27 11:32:11,788 [INFO] PluginManage:310 - Check plugin clock
2023-11-27 11:32:11,805 [INFO] PluginManage:359 - Loaded plugin clock (category:base,tabindex:2)
2023-11-27 11:32:11,805 [INFO] PluginManage:310 - Check plugin ddr
2023-11-27 11:32:11,809 [INFO] PluginManage:359 - Loaded plugin ddr (category:tool,tabindex:6)
2023-11-27 11:32:11,809 [INFO] PluginManage:310 - Check plugin filemanager
2023-11-27 11:32:12,034 [INFO] PluginManage:359 - Loaded plugin filemanager (category:base,tabindex:10)
2023-11-27 11:32:12,034 [INFO] PluginManage:310 - Check plugin ipmanager
2023-11-27 11:32:12,050 [INFO] PluginManage:359 - Loaded plugin ipmanager (category:base,tabindex:5)
2023-11-27 11:32:12,051 [INFO] PluginManage:310 - Check plugin lpbam
2023-11-27 11:32:12,073 [INFO] PluginManage:359 - Loaded plugin lpbam (category:base,tabindex:0)
2023-11-27 11:32:12,074 [INFO] PluginManage:310 - Check plugin memorymap
2023-11-27 11:32:12,097 [INFO] PluginManage:359 - Loaded plugin memorymap (category:base,tabindex:4)
2023-11-27 11:32:12,097 [INFO] PluginManage:310 - Check plugin pinoutandconfiguration
2023-11-27 11:32:12,112 [INFO] PluginManage:359 - Loaded plugin pinoutandconfiguration (category:base,tabindex:1)
2023-11-27 11:32:12,113 [INFO] PluginManage:310 - Check plugin pinoutconfig
2023-11-27 11:32:12,288 [WARN] SupportedApi:132 - Cannot load RTOS API schema: s4s-elt-must-match.1: The content of 'definitions' must match (annotation?, (simpleType | complexType)?, (unique | key | keyref)*)). A problem was found starting at: attribute.
2023-11-27 11:32:12,561 [INFO] PluginManage:359 - Loaded plugin pinoutconfig (category:base,tabindex:0)
2023-11-27 11:32:12,561 [INFO] PluginManage:310 - Check plugin power
2023-11-27 11:32:12,581 [INFO] PluginManage:359 - Loaded plugin power (category:power,tabindex:4)
2023-11-27 11:32:12,582 [INFO] PluginManage:310 - Check plugin projectmanager
2023-11-27 11:32:12,608 [INFO] PluginManage:359 - Loaded plugin projectmanager (category:projectmanager,tabindex:3)
2023-11-27 11:32:12,609 [INFO] PluginManage:310 - Check plugin thirdparty
2023-11-27 11:32:12,840 [INFO] PluginManage:359 - Loaded plugin thirdparty (category:base,tabindex:-1)
2023-11-27 11:32:12,840 [INFO] PluginManage:310 - Check plugin tools
2023-11-27 11:32:12,843 [WARN] IntegrityCheckThread:84 - waiting for thirdparty lock release [integrity check]
2023-11-27 11:32:12,844 [INFO] IntegrityCheckThread:86 - entering critical section [integrity check]
2023-11-27 11:32:12,844 [INFO] ThirdPartyUpdaterWithRetryManager:70 - Updater plugin not ready yet. [1/15]
2023-11-27 11:32:12,847 [INFO] PluginManage:359 - Loaded plugin tools (category:base,tabindex:7)
2023-11-27 11:32:12,847 [INFO] PluginManage:310 - Check plugin tutovideos
2023-11-27 11:32:13,356 [INFO] PluginManage:359 - Loaded plugin tutovideos (category:base,tabindex:-1)
2023-11-27 11:32:13,356 [INFO] PluginManage:310 - Check plugin updater
2023-11-27 11:32:13,375 [INFO] PluginManage:359 - Loaded plugin updater (category:base,tabindex:12)
2023-11-27 11:32:13,376 [INFO] PluginManage:310 - Check plugin userauth
2023-11-27 11:32:13,405 [INFO] UserAuth:113 - Init User Auth plugin
2023-11-27 11:32:13,406 [INFO] PluginManage:359 - Loaded plugin userauth (category:base,tabindex:14)
2023-11-27 11:32:13,408 [INFO] PluginManage:283 - PluginManage : Loaded plugins [17]
2023-11-27 11:32:13,755 [INFO] PinOutPanel:1499 - setPackage(No Configuration,No Configuration)
2023-11-27 11:32:13,875 [INFO] CADModel:165 - CPN selected for project level
2023-11-27 11:32:13,875 [INFO] CADModel:114 - Register for checkConnection events
2023-11-27 11:32:13,887 [INFO] IPUIPlugin:80 - create IPUIPlugin
2023-11-27 11:32:13,888 [INFO] PluginManager:220 - loadIPPluginJar : add quadspi
2023-11-27 11:32:13,890 [INFO] IPUIPlugin:80 - create IPUIPlugin
2023-11-27 11:32:13,890 [INFO] PluginManager:220 - loadIPPluginJar : add tsc
2023-11-27 11:32:13,892 [INFO] IPUIPlugin:80 - create IPUIPlugin
2023-11-27 11:32:13,892 [INFO] PluginManager:220 - loadIPPluginJar : add genericplugin
2023-11-27 11:32:13,899 [INFO] IPUIPlugin:80 - create IPUIPlugin
2023-11-27 11:32:13,900 [INFO] PluginManager:220 - loadIPPluginJar : add i3c
2023-11-27 11:32:13,903 [INFO] IPUIPlugin:80 - create IPUIPlugin
2023-11-27 11:32:13,903 [INFO] PluginManager:220 - loadIPPluginJar : add lorawan
2023-11-27 11:32:13,907 [INFO] IPUIPlugin:80 - create IPUIPlugin
2023-11-27 11:32:13,907 [INFO] PluginManager:220 - loadIPPluginJar : add touchsensing
2023-11-27 11:32:13,916 [INFO] IPUIPlugin:80 - create IPUIPlugin
2023-11-27 11:32:13,917 [INFO] PluginManager:220 - loadIPPluginJar : add dma
2023-11-27 11:32:13,925 [INFO] IPUIPlugin:80 - create IPUIPlugin
2023-11-27 11:32:13,925 [INFO] PluginManager:220 - loadIPPluginJar : add fmc
2023-11-27 11:32:13,928 [INFO] IPUIPlugin:80 - create IPUIPlugin
2023-11-27 11:32:13,928 [INFO] PluginManager:220 - loadIPPluginJar : add spi
2023-11-27 11:32:13,931 [INFO] IPUIPlugin:80 - create IPUIPlugin
2023-11-27 11:32:13,932 [INFO] PluginManager:220 - loadIPPluginJar : add usart
2023-11-27 11:32:13,934 [INFO] IPUIPlugin:80 - create IPUIPlugin
2023-11-27 11:32:13,934 [INFO] PluginManager:220 - loadIPPluginJar : add ts
2023-11-27 11:32:13,944 [INFO] IPUIPlugin:80 - create IPUIPlugin
2023-11-27 11:32:13,947 [INFO] PluginManager:220 - loadIPPluginJar : add plateformsettings
2023-11-27 11:32:13,950 [INFO] IPUIPlugin:80 - create IPUIPlugin
2023-11-27 11:32:13,951 [INFO] PluginManager:220 - loadIPPluginJar : add can
2023-11-27 11:32:13,954 [INFO] IPUIPlugin:80 - create IPUIPlugin
2023-11-27 11:32:13,954 [INFO] PluginManager:220 - loadIPPluginJar : add opamp
2023-11-27 11:32:13,957 [INFO] IPUIPlugin:80 - create IPUIPlugin
2023-11-27 11:32:13,957 [INFO] PluginManager:220 - loadIPPluginJar : add gfxmmu
2023-11-27 11:32:13,959 [INFO] IPUIPlugin:80 - create IPUIPlugin
2023-11-27 11:32:13,959 [INFO] PluginManager:220 - loadIPPluginJar : add comp
2023-11-27 11:32:13,962 [INFO] IPUIPlugin:80 - create IPUIPlugin
2023-11-27 11:32:13,963 [INFO] PluginManager:220 - loadIPPluginJar : add dfsdm
2023-11-27 11:32:13,966 [INFO] IPUIPlugin:80 - create IPUIPlugin
2023-11-27 11:32:13,967 [INFO] PluginManager:220 - loadIPPluginJar : add usbx
2023-11-27 11:32:13,970 [INFO] IPUIPlugin:80 - create IPUIPlugin
2023-11-27 11:32:13,970 [INFO] PluginManager:220 - loadIPPluginJar : add pdm2pcm
2023-11-27 11:32:13,976 [INFO] IPUIPlugin:80 - create IPUIPlugin
2023-11-27 11:32:13,976 [INFO] PluginManager:220 - loadIPPluginJar : add gpio
2023-11-27 11:32:13,980 [INFO] IPUIPlugin:80 - create IPUIPlugin
2023-11-27 11:32:13,980 [INFO] PluginManager:220 - loadIPPluginJar : add openamp
2023-11-27 11:32:13,983 [INFO] IPUIPlugin:80 - create IPUIPlugin
2023-11-27 11:32:13,983 [INFO] PluginManager:220 - loadIPPluginJar : add aes
2023-11-27 11:32:13,986 [INFO] IPUIPlugin:80 - create IPUIPlugin
2023-11-27 11:32:13,986 [INFO] PluginManager:220 - loadIPPluginJar : add hash
2023-11-27 11:32:13,989 [INFO] IPUIPlugin:80 - create IPUIPlugin
2023-11-27 11:32:13,990 [INFO] PluginManager:220 - loadIPPluginJar : add i2s
2023-11-27 11:32:13,992 [INFO] IPUIPlugin:80 - create IPUIPlugin
2023-11-27 11:32:13,992 [INFO] PluginManager:220 - loadIPPluginJar : add tracer_emb
2023-11-27 11:32:14,000 [INFO] IPUIPlugin:80 - create IPUIPlugin
2023-11-27 11:32:14,000 [INFO] PluginManager:220 - loadIPPluginJar : add adc
2023-11-27 11:32:14,008 [INFO] IPUIPlugin:80 - create IPUIPlugin
2023-11-27 11:32:14,008 [INFO] PluginManager:220 - loadIPPluginJar : add freertos
2023-11-27 11:32:14,011 [INFO] IPUIPlugin:80 - create IPUIPlugin
2023-11-27 11:32:14,011 [INFO] PluginManager:220 - loadIPPluginJar : add ucpd
2023-11-27 11:32:14,015 [INFO] IPUIPlugin:80 - create IPUIPlugin
2023-11-27 11:32:14,015 [INFO] PluginManager:220 - loadIPPluginJar : add ipddr
2023-11-27 11:32:14,017 [INFO] IPUIPlugin:80 - create IPUIPlugin
2023-11-27 11:32:14,017 [INFO] PluginManager:220 - loadIPPluginJar : add tim
2023-11-27 11:32:14,023 [INFO] IPUIPlugin:80 - create IPUIPlugin
2023-11-27 11:32:14,023 [INFO] PluginManager:220 - loadIPPluginJar : add resmgrutility
2023-11-27 11:32:14,027 [INFO] IPUIPlugin:80 - create IPUIPlugin
2023-11-27 11:32:14,027 [INFO] PluginManager:220 - loadIPPluginJar : add gtzc
2023-11-27 11:32:14,035 [INFO] IPUIPlugin:80 - create IPUIPlugin
2023-11-27 11:32:14,036 [INFO] PluginManager:220 - loadIPPluginJar : add gic
2023-11-27 11:32:14,049 [INFO] IPUIPlugin:80 - create IPUIPlugin
2023-11-27 11:32:14,049 [INFO] PluginManager:220 - loadIPPluginJar : add linkedlist
2023-11-27 11:32:14,053 [INFO] IPUIPlugin:80 - create IPUIPlugin
2023-11-27 11:32:14,053 [INFO] PluginManager:220 - loadIPPluginJar : add dma3
2023-11-27 11:32:14,058 [INFO] IPUIPlugin:80 - create IPUIPlugin
2023-11-27 11:32:14,058 [INFO] PluginManager:220 - loadIPPluginJar : add sai
2023-11-27 11:32:14,061 [INFO] IPUIPlugin:80 - create IPUIPlugin
2023-11-27 11:32:14,061 [INFO] PluginManager:220 - loadIPPluginJar : add ltdc
2023-11-27 11:32:14,063 [INFO] IPUIPlugin:80 - create IPUIPlugin
2023-11-27 11:32:14,063 [INFO] PluginManager:220 - loadIPPluginJar : add fatfs
2023-11-27 11:32:14,068 [INFO] IPUIPlugin:80 - create IPUIPlugin
2023-11-27 11:32:14,068 [INFO] PluginManager:220 - loadIPPluginJar : add i2c
2023-11-27 11:32:14,078 [INFO] IPUIPlugin:80 - create IPUIPlugin
2023-11-27 11:32:14,078 [INFO] PluginManager:220 - loadIPPluginJar : add mdma
2023-11-27 11:32:14,091 [INFO] IPUIPlugin:80 - create IPUIPlugin
2023-11-27 11:32:14,091 [INFO] PluginManager:220 - loadIPPluginJar : add stm32_wpan
2023-11-27 11:32:14,094 [INFO] IPUIPlugin:80 - create IPUIPlugin
2023-11-27 11:32:14,095 [INFO] PluginManager:220 - loadIPPluginJar : add cryp
2023-11-27 11:32:14,101 [INFO] IPUIPlugin:80 - create IPUIPlugin
2023-11-27 11:32:14,101 [INFO] PluginManager:220 - loadIPPluginJar : add nvic
2023-11-27 11:32:14,259 [INFO] CADModel:165 - CPN selected for project level
2023-11-27 11:32:14,260 [INFO] CADModel:114 - Register for checkConnection events
2023-11-27 11:32:14,260 [FATAL] Updater:308 - Updater called before beeing initialized
2023-11-27 11:32:14,260 [ERROR] CADModel:125 - Updater not yet initialized, retry later 
2023-11-27 11:32:14,575 [INFO] CADModel:165 - CPN selected for project level
2023-11-27 11:32:14,575 [INFO] CADModel:114 - Register for checkConnection events
2023-11-27 11:32:14,575 [FATAL] Updater:308 - Updater called before beeing initialized
2023-11-27 11:32:14,575 [ERROR] CADModel:125 - Updater not yet initialized, retry later 
2023-11-27 11:32:14,583 [FATAL] Updater:308 - Updater called before beeing initialized
2023-11-27 11:32:14,715 [FATAL] Updater:308 - Updater called before beeing initialized
2023-11-27 11:32:14,725 [INFO] DbMcusAds:53 - JSON generation date=Thu Sep 30 03:55:09 BRT 2021 (1632984909247)
2023-11-27 11:32:14,725 [FATAL] Updater:308 - Updater called before beeing initialized
2023-11-27 11:32:14,812 [WARN] DetailPanel:346 - Failed to get advertising image, set to default
2023-11-27 11:32:14,965 [FATAL] Updater:308 - Updater called before beeing initialized
2023-11-27 11:32:14,969 [FATAL] Updater:308 - Updater called before beeing initialized
2023-11-27 11:32:14,969 [FATAL] Updater:308 - Updater called before beeing initialized
2023-11-27 11:32:14,970 [WARN] DetailPanel:346 - Failed to get advertising image, set to default
2023-11-27 11:32:14,972 [FATAL] Updater:308 - Updater called before beeing initialized
2023-11-27 11:32:15,085 [ERROR] Updater:1120 - MainUpdater not yet initialized. External WinMGr cannot be set.
2023-11-27 11:32:15,088 [INFO] Updater:1056 - Updater Version found : 6.9.1
2023-11-27 11:32:15,125 [INFO] ApplicationProperties:184 - Using Application install path: /home/nilo/st/stm32cubeide_1.13.1/plugins/com.st.stm32cube.common.mx_6.9.1.202307191849
2023-11-27 11:32:15,312 [INFO] MainUpdater:2868 - connection check result : 10
2023-11-27 11:32:15,313 [INFO] MainUpdater:285 - Updater Check For Update Now.
2023-11-27 11:32:15,313 [INFO] MicroXplorer:498 - Change Database Version : DB.6.0.91
2023-11-27 11:32:15,321 [INFO] McuFinderGlobals:63 - Set McuFinder mode to 2 (CubeIDE integrated)
2023-11-27 11:32:15,321 [INFO] UserAuth:179 - activating auth plugin
2023-11-27 11:32:15,326 [INFO] UserAuth:393 - Internet connection configuration mode: 1
2023-11-27 11:32:15,347 [INFO] JxBrowserEngine:151 - Initiate JxBrowser Engine with user profile folder
2023-11-27 11:32:15,577 [INFO] CheckServerUpdateThread:120 - End of CheckServer Thread
2023-11-27 11:32:16,024 [WARN] PackLoader:240 - Cannot read IP mode file for STMicroelectronics.X-CUBE-SMBUS.2.1.0
2023-11-27 11:32:16,077 [WARN] PackLoader:240 - Cannot read IP mode file for STMicroelectronics.X-CUBE-AZRTOS-F7.1.1.0
2023-11-27 11:32:16,099 [WARN] PackLoader:240 - Cannot read IP mode file for STMicroelectronics.FP-SNS-MOTENV1.4.3.2
2023-11-27 11:32:16,127 [WARN] PackLoader:240 - Cannot read IP mode file for STMicroelectronics.X-CUBE-BLE1.6.2.3
2023-11-27 11:32:16,143 [WARN] PackLoader:240 - Cannot read IP mode file for STMicroelectronics.X-CUBE-BLE1.6.2.4
2023-11-27 11:32:16,155 [WARN] PackLoader:240 - Cannot read IP mode file for STMicroelectronics.FP-SNS-FLIGHT1.5.0.2
2023-11-27 11:32:16,186 [WARN] PackLoader:240 - Cannot read IP mode file for STMicroelectronics.X-CUBE-TOF1.3.1.0
2023-11-27 11:32:16,216 [WARN] PackLoader:240 - Cannot read IP mode file for STMicroelectronics.X-CUBE-DISPLAY.3.0.0
2023-11-27 11:32:16,247 [WARN] PackLoader:240 - Cannot read IP mode file for STMicroelectronics.X-CUBE-BLE1.7.0.0
2023-11-27 11:32:16,265 [WARN] PackLoader:240 - Cannot read IP mode file for STMicroelectronics.X-CUBE-TOUCHGFX.4.22.0
2023-11-27 11:32:16,280 [WARN] PackLoader:240 - Cannot read IP mode file for STMicroelectronics.X-CUBE-TOUCHGFX.4.22.1
2023-11-27 11:32:16,517 [WARN] PackLoader:240 - Cannot read IP mode file for STMicroelectronics.X-CUBE-MEMS1.9.3.0
2023-11-27 11:32:16,769 [WARN] PackLoader:240 - Cannot read IP mode file for STMicroelectronics.X-CUBE-AI.7.2.0
2023-11-27 11:32:16,781 [WARN] PackLoader:240 - Cannot read IP mode file for STMicroelectronics.FP-SNS-SMARTAG2.1.2.0
2023-11-27 11:32:16,799 [INFO] LogOutputStream:77 - [STDOUT_REDIRECT] 1 : Invalid condition id : UX_CORESTACK_Condition cause : null
2023-11-27 11:32:16,800 [INFO] LogOutputStream:77 - [STDOUT_REDIRECT] 1 : Invalid condition id : UX_CORESTACK_Condition cause : null
2023-11-27 11:32:16,800 [INFO] LogOutputStream:77 - [STDOUT_REDIRECT] 1 : Invalid condition id : UX_CORESTACK_Condition cause : null
2023-11-27 11:32:16,800 [INFO] LogOutputStream:77 - [STDOUT_REDIRECT] 1 : Invalid condition id : UX_CORESTACK_Condition cause : null
2023-11-27 11:32:16,801 [INFO] LogOutputStream:77 - [STDOUT_REDIRECT] 1 : Invalid condition id : UX_CORESTACK_Condition cause : null
2023-11-27 11:32:16,806 [WARN] PackLoader:240 - Cannot read IP mode file for STMicroelectronics.X-CUBE-AZRTOS-WL.2.0.0
2023-11-27 11:32:16,827 [WARN] PackLoader:240 - Cannot read IP mode file for WES.I-CUBE-Cesium.1.3.0
2023-11-27 11:32:16,833 [WARN] PackLoader:240 - Cannot read IP mode file for STMicroelectronics.X-CUBE-BLE2.3.3.0
2023-11-27 11:32:16,849 [WARN] PackLoader:240 - Cannot read IP mode file for STMicroelectronics.X-CUBE-DISPLAY.2.2.0
2023-11-27 11:32:16,910 [WARN] PackLoader:240 - Cannot read IP mode file for STMicroelectronics.X-CUBE-TOF1.3.2.0
2023-11-27 11:32:16,940 [WARN] PackLoader:240 - Cannot read IP mode file for STMicroelectronics.X-CUBE-ISPU.1.0.0
2023-11-27 11:32:17,010 [WARN] PackLoader:240 - Cannot read IP mode file for STMicroelectronics.X-CUBE-AZRTOS-H7.2.1.0
2023-11-27 11:32:17,047 [WARN] PackLoader:240 - Cannot read IP mode file for STMicroelectronics.X-CUBE-TOUCHGFX.4.21.1
2023-11-27 11:32:17,051 [WARN] PackLoader:240 - Cannot read IP mode file for STMicroelectronics.X-CUBE-TOUCHGFX.4.21.0
2023-11-27 11:32:17,139 [INFO] WebApp:157 - Instantiating new browser for Auth
2023-11-27 11:32:17,216 [WARN] PackLoader:240 - Cannot read IP mode file for STMicroelectronics.X-CUBE-MEMS1.9.4.0
2023-11-27 11:32:17,620 [WARN] PackLoader:240 - Cannot read IP mode file for STMicroelectronics.X-CUBE-AI.7.3.0
2023-11-27 11:32:17,630 [WARN] PackLoader:240 - Cannot read IP mode file for STMicroelectronics.X-CUBE-ALGOBUILD.1.3.0
2023-11-27 11:32:17,659 [WARN] PackLoader:240 - Cannot read IP mode file for STMicroelectronics.X-CUBE-AZRTOS-G0.1.1.0
2023-11-27 11:32:17,673 [WARN] PackLoader:240 - Cannot read IP mode file for STMicroelectronics.X-CUBE-NFC4.3.0.0
2023-11-27 11:32:17,744 [WARN] PackLoader:240 - Cannot read IP mode file for SEGGER.I-CUBE-embOS.1.2.0
2023-11-27 11:32:17,831 [WARN] PackLoader:240 - Cannot read IP mode file for STMicroelectronics.X-CUBE-BLEMGR.3.0.0
2023-11-27 11:32:17,841 [WARN] PackLoader:240 - Cannot read IP mode file for STMicroelectronics.X-CUBE-BLEMGR.1.3.0
2023-11-27 11:32:17,847 [WARN] PackLoader:240 - Cannot read IP mode file for STMicroelectronics.FP-ATR-SIGFOX1.3.2.0
2023-11-27 11:32:17,856 [WARN] PackLoader:240 - Cannot read IP mode file for emotas.I-CUBE-CANOPEN.1.1.2
2023-11-27 11:32:17,859 [WARN] PackLoader:240 - Cannot read IP mode file for STMicroelectronics.X-CUBE-TOUCHGFX.4.20.0
2023-11-27 11:32:17,907 [WARN] PackLoader:240 - Cannot read IP mode file for STMicroelectronics.X-CUBE-MEMS1.9.5.0
2023-11-27 11:32:18,188 [WARN] PackLoader:240 - Cannot read IP mode file for SEGGER.I-CUBE-embOS.1.3.1
2023-11-27 11:32:18,235 [WARN] PackLoader:240 - Cannot read IP mode file for STMicroelectronics.X-CUBE-GNSS1.6.0.0
2023-11-27 11:32:18,265 [WARN] PackLoader:240 - Cannot read IP mode file for STMicroelectronics.X-CUBE-AZRTOS-F4.1.1.0
2023-11-27 11:32:18,278 [WARN] PackLoader:240 - Cannot read IP mode file for STMicroelectronics.X-CUBE-BLEMGR.1.2.0
2023-11-27 11:32:18,298 [WARN] PackLoader:240 - Cannot read IP mode file for STMicroelectronics.X-CUBE-AZRTOS-L5.2.0.0
2023-11-27 11:32:18,373 [WARN] PackLoader:240 - Cannot read IP mode file for STMicroelectronics.X-CUBE-MEMS1.9.6.0
2023-11-27 11:32:18,573 [INFO] WebApp:753 - Register for checkConnection events
2023-11-27 11:32:18,573 [INFO] WebApp:390 - Apply proxy settings
2023-11-27 11:32:18,573 [INFO] WebApp:475 - Chromium requires no authentication
2023-11-27 11:32:18,583 [WARN] PackLoader:240 - Cannot read IP mode file for STMicroelectronics.X-CUBE-EEPRMA1.4.2.0
2023-11-27 11:32:18,584 [INFO] WebApp:418 - Direct internet connection detected
2023-11-27 11:32:18,591 [WARN] PackLoader:240 - Cannot read IP mode file for ITTIA_DB.I-CUBE-ITTIADB.8.8.0
2023-11-27 11:32:18,600 [WARN] PackLoader:240 - Cannot read IP mode file for STMicroelectronics.X-CUBE-BLEMGR.2.0.0
2023-11-27 11:32:18,608 [WARN] PackLoader:240 - Cannot read IP mode file for STMicroelectronics.X-CUBE-NFC4.2.0.5
2023-11-27 11:32:18,615 [WARN] PackLoader:240 - Cannot read IP mode file for STMicroelectronics.X-CUBE-NFC4.2.0.4
2023-11-27 11:32:18,658 [WARN] ConditionMgr:438 - getConditionDescription Invalid condition id : UX DEVICE CLASS RTOS Condition cause : null
2023-11-27 11:32:18,660 [WARN] ConditionMgr:438 - getConditionDescription Invalid condition id : UX DEVICE CLASS RTOS Condition cause : null
2023-11-27 11:32:18,664 [WARN] PackLoader:240 - Cannot read IP mode file for STMicroelectronics.X-CUBE-AZRTOS-H7.3.1.0
2023-11-27 11:32:18,666 [WARN] ConditionMgr:1039 - genDependencies : Invalid condition id : UX DEVICE CLASS RTOS Condition cause : null
2023-11-27 11:32:18,666 [WARN] ConditionMgr:1039 - genDependencies : Invalid condition id : UX DEVICE CLASS RTOS Condition cause : null
2023-11-27 11:32:18,667 [WARN] ConditionMgr:1039 - genDependencies : Invalid condition id : UX DEVICE CLASS RTOS Condition cause : null
2023-11-27 11:32:18,668 [WARN] ConditionMgr:1039 - genDependencies : Invalid condition id : UX DEVICE CLASS RTOS Condition cause : null
2023-11-27 11:32:18,668 [WARN] ConditionMgr:1039 - genDependencies : Invalid condition id : UX DEVICE CLASS RTOS Condition cause : null
2023-11-27 11:32:18,689 [WARN] PackLoader:240 - Cannot read IP mode file for wolfSSL.I-CUBE-wolfSSL.5.5.0
2023-11-27 11:32:18,700 [WARN] PackLoader:240 - Cannot read IP mode file for STMicroelectronics.X-CUBE-NFC7.1.0.1
2023-11-27 11:32:18,723 [WARN] PackLoader:240 - Cannot read IP mode file for STMicroelectronics.X-CUBE-NFC7.1.0.0
2023-11-27 11:32:18,744 [WARN] PackLoader:240 - Cannot read IP mode file for STMicroelectronics.X-CUBE-NFC6.3.0.0
2023-11-27 11:32:18,762 [WARN] PackLoader:240 - Cannot read IP mode file for STMicroelectronics.X-CUBE-EEPRMA1.4.1.0
2023-11-27 11:32:18,769 [WARN] PackLoader:240 - Cannot read IP mode file for STMicroelectronics.X-CUBE-AI.8.1.0
2023-11-27 11:32:18,824 [WARN] ConditionMgr:438 - getConditionDescription Invalid condition id : LAN8742 Phy interface Condition cause : null
2023-11-27 11:32:18,825 [WARN] PackLoader:240 - Cannot read IP mode file for STMicroelectronics.X-CUBE-AZRTOS-L4.2.0.0
2023-11-27 11:32:18,827 [WARN] ConditionMgr:1039 - genDependencies : Invalid condition id : LAN8742 Phy interface Condition cause : null
2023-11-27 11:32:18,827 [WARN] ConditionMgr:1039 - genDependencies : Invalid condition id : LAN8742 Phy interface Condition cause : null
2023-11-27 11:32:18,828 [WARN] ConditionMgr:1039 - genDependencies : Invalid condition id : LAN8742 Phy interface Condition cause : null
2023-11-27 11:32:18,853 [WARN] PackLoader:240 - Cannot read IP mode file for STMicroelectronics.X-CUBE-SFXS2LP1.4.0.0
2023-11-27 11:32:18,907 [WARN] PackLoader:240 - Cannot read IP mode file for STMicroelectronics.X-CUBE-AZRTOS-H7.3.0.0
2023-11-27 11:32:18,936 [WARN] PackLoader:240 - Cannot read IP mode file for STMicroelectronics.X-CUBE-ISPU.1.1.0
2023-11-27 11:32:18,949 [WARN] PackLoader:240 - Cannot read IP mode file for RoweBots.I-CUBE-UNISONRTOS.5.5.0-4
2023-11-27 11:32:18,951 [INFO] WebApp:188 - Starting web application
2023-11-27 11:32:18,951 [INFO] WebApp:520 - Web application path used /home/nilo/st/stm32cubeide_1.13.1/plugins/com.st.stm32cube.common.mx_6.9.1.202307191849/db/plugins/mcufinder/reactClient1/index.html
2023-11-27 11:32:18,955 [WARN] PackLoader:240 - Cannot read IP mode file for STMicroelectronics.X-CUBE-AI.8.0.0
2023-11-27 11:32:18,973 [WARN] ConditionMgr:438 - getConditionDescription Invalid condition id : UX DEVICE CLASS RTOS Condition cause : null
2023-11-27 11:32:18,974 [WARN] ConditionMgr:438 - getConditionDescription Invalid condition id : UX DEVICE CLASS RTOS Condition cause : null
2023-11-27 11:32:18,981 [WARN] PackLoader:240 - Cannot read IP mode file for STMicroelectronics.X-CUBE-AZRTOS-WB.2.0.0
2023-11-27 11:32:18,982 [WARN] ConditionMgr:1039 - genDependencies : Invalid condition id : UX DEVICE CLASS RTOS Condition cause : null
2023-11-27 11:32:18,982 [WARN] ConditionMgr:1039 - genDependencies : Invalid condition id : UX DEVICE CLASS RTOS Condition cause : null
2023-11-27 11:32:18,983 [WARN] ConditionMgr:1039 - genDependencies : Invalid condition id : UX DEVICE CLASS RTOS Condition cause : null
2023-11-27 11:32:18,984 [WARN] ConditionMgr:1039 - genDependencies : Invalid condition id : UX DEVICE CLASS RTOS Condition cause : null
2023-11-27 11:32:18,984 [WARN] ConditionMgr:1039 - genDependencies : Invalid condition id : UX DEVICE CLASS RTOS Condition cause : null
2023-11-27 11:32:18,991 [WARN] PackLoader:240 - Cannot read IP mode file for STMicroelectronics.X-CUBE-FREERTOS.1.0.1
2023-11-27 11:32:19,005 [WARN] PackLoader:240 - Cannot read IP mode file for STMicroelectronics.X-CUBE-BLEMGR.1.0.0
2023-11-27 11:32:19,034 [WARN] PackLoader:240 - Cannot read IP mode file for STMicroelectronics.X-CUBE-AZRTOS-L5.1.1.0
2023-11-27 11:32:19,051 [WARN] PackLoader:240 - Cannot read IP mode file for STMicroelectronics.X-CUBE-SUBG2.5.0.0
2023-11-27 11:32:19,072 [WARN] PackLoader:240 - Cannot read IP mode file for STMicroelectronics.X-CUBE-TOF1.3.3.1
2023-11-27 11:32:19,112 [WARN] PackLoader:240 - Cannot read IP mode file for STMicroelectronics.X-CUBE-AZRTOS-G4.2.0.0
2023-11-27 11:32:19,120 [WARN] PackLoader:240 - Cannot read IP mode file for STMicroelectronics.FP-ATR-ASTRA1.1.1.1
2023-11-27 11:32:19,150 [WARN] PackLoader:240 - Cannot read IP mode file for Infineon.AIROC-Wi-Fi-Bluetooth-STM32.1.5.1
2023-11-27 11:32:19,161 [WARN] PackLoader:240 - Cannot read IP mode file for STMicroelectronics.FP-SNS-MOTENVWB1.1.3.0
2023-11-27 11:32:19,195 [WARN] PackLoader:240 - Cannot read IP mode file for STMicroelectronics.X-CUBE-AZRTOS-G4.1.0.0
2023-11-27 11:32:19,229 [WARN] PackLoader:240 - Cannot read IP mode file for STMicroelectronics.X-CUBE-AZRTOS-L4.1.0.0
2023-11-27 11:32:19,292 [WARN] PackLoader:240 - Cannot read IP mode file for STMicroelectronics.X-CUBE-MEMS1.10.0.0
2023-11-27 11:32:19,459 [WARN] PackLoader:240 - Cannot read IP mode file for STMicroelectronics.X-CUBE-FREERTOS.1.1.0
2023-11-27 11:32:19,473 [WARN] PackLoader:240 - Cannot read IP mode file for STMicroelectronics.X-CUBE-AZRTOS-WL.1.0.0
2023-11-27 11:32:19,479 [WARN] PackLoader:240 - Cannot read IP mode file for portGmbH.I-Cube-SoM-uGOAL.1.1.0
2023-11-27 11:32:19,484 [WARN] PackLoader:240 - Cannot read IP mode file for STMicroelectronics.X-CUBE-ALS.1.0.1
2023-11-27 11:32:19,514 [WARN] PackLoader:240 - Cannot read IP mode file for STMicroelectronics.X-CUBE-AZRTOS-WB.1.1.0
2023-11-27 11:32:19,544 [WARN] PackLoader:240 - Cannot read IP mode file for STMicroelectronics.X-CUBE-AZRTOS-L5.1.0.0
2023-11-27 11:32:19,552 [WARN] PackLoader:240 - Cannot read IP mode file for STMicroelectronics.X-CUBE-EEPRMA1.3.1.1
2023-11-27 11:32:19,562 [WARN] PackLoader:240 - Cannot read IP mode file for STMicroelectronics.FP-ATR-ASTRA1.2.0.0
2023-11-27 11:32:19,577 [WARN] PackLoader:240 - Cannot read IP mode file for STMicroelectronics.X-CUBE-TOF1.3.4.0
2023-11-27 11:32:19,592 [INFO] ThirdParty:978 - Integrity check success = true
2023-11-27 11:32:19,592 [INFO] IntegrityCheckThread:100 - exiting critical section [integrity check]
2023-11-27 11:32:19,592 [INFO] IntegrityCheckThread:103 - End integrity checks thread
