2023-08-22 08:39:12,071 [INFO] Activator:176 - 


2023-08-22 08:39:12,078 [INFO] Activator:177 - !SESSION log4j initialized
2023-08-22 08:39:22,558 [INFO] LogOutputStream:77 - [STDOUT_REDIRECT] 
2023-08-22 08:39:25,129 [INFO] ApplicationProperties:184 - Using Application install path: /home/nilo/st/stm32cubeide_1.13.1/plugins/com.st.stm32cube.common.mx_6.9.1.202307191849
2023-08-22 08:39:25,156 [INFO] DbMcusXml:78 - Set database path to: /home/nilo/st/stm32cubeide_1.13.1/plugins/com.st.stm32cube.common.mx_6.9.1.202307191849//db//mcu/
2023-08-22 08:39:25,157 [INFO] ApiDb:274 - Set plugin database path to: /home/nilo/st/stm32cubeide_1.13.1/plugins/com.st.stm32cube.common.mx_6.9.1.202307191849//db//plugins/boardmanager/
2023-08-22 08:39:25,157 [WARN] ApiDb:259 - Overriding images path with different value:  => /home/nilo/st/stm32cubeide_1.13.1/plugins/com.st.stm32cube.common.mx_6.9.1.202307191849//db//plugins/mcufinder/images/
2023-08-22 08:39:25,180 [INFO] ApiDb:250 - Set database path to: /home/nilo/.stmcufinder/plugins/mcufinder//mcu/
2023-08-22 08:39:25,182 [INFO] DbMcusAds:125 - Set database path to: /home/nilo/.stmcufinder/plugins/mcufinder//mcu/
2023-08-22 08:39:25,185 [INFO] CrossReferenceDbSqlite:203 - Set database path to: /home/nilo/.stmcufinder/plugins/mcufinder//mcu/cs/
2023-08-22 08:39:25,406 [INFO] RulesReader:64 - Compatibility file has been processed (293 Rules)
2023-08-22 08:39:25,505 [INFO] DbMcusXml:78 - Set database path to: /home/nilo/st/stm32cubeide_1.13.1/plugins/com.st.stm32cube.common.mx_6.9.1.202307191849//db//mcu/
2023-08-22 08:39:25,505 [INFO] ApiDb:274 - Set plugin database path to: /home/nilo/st/stm32cubeide_1.13.1/plugins/com.st.stm32cube.common.mx_6.9.1.202307191849//db//plugins/boardmanager/
2023-08-22 08:39:25,505 [INFO] ApiDb:261 - Set plugin images path to: /home/nilo/st/stm32cubeide_1.13.1/plugins/com.st.stm32cube.common.mx_6.9.1.202307191849//db//plugins/mcufinder/images/
2023-08-22 08:39:25,505 [WARN] DbFile:41 - Overriding database path with different value: /home/nilo/.stmcufinder/plugins/mcufinder/ => /home/nilo/.stmcufinder/plugins/mcufinder
2023-08-22 08:39:25,506 [INFO] ApiDb:250 - Set database path to: /home/nilo/.stmcufinder/plugins/mcufinder//mcu/
2023-08-22 08:39:25,506 [WARN] DbFile:41 - Overriding database path with different value: /home/nilo/.stmcufinder/plugins/mcufinder/ => /home/nilo/.stmcufinder/plugins/mcufinder
2023-08-22 08:39:25,506 [INFO] DbMcusAds:125 - Set database path to: /home/nilo/.stmcufinder/plugins/mcufinder//mcu/
2023-08-22 08:39:25,506 [WARN] DbFile:41 - Overriding database path with different value: /home/nilo/.stmcufinder/plugins/mcufinder/ => /home/nilo/.stmcufinder/plugins/mcufinder
2023-08-22 08:39:25,506 [WARN] DbFile:41 - Overriding database path with different value: /home/nilo/.stmcufinder/plugins/mcufinder/ => /home/nilo/.stmcufinder/plugins/mcufinder
2023-08-22 08:39:25,506 [INFO] CrossReferenceDbSqlite:203 - Set database path to: /home/nilo/.stmcufinder/plugins/mcufinder//mcu/cs/
2023-08-22 08:39:25,656 [INFO] MainPanel:262 - HeapMemory: 268435456
2023-08-22 08:39:25,867 [INFO] DbMcusXml:78 - Set database path to: /home/nilo/st/stm32cubeide_1.13.1/plugins/com.st.stm32cube.common.mx_6.9.1.202307191849//db//mcu/
2023-08-22 08:39:25,867 [INFO] ApiDb:274 - Set plugin database path to: /home/nilo/st/stm32cubeide_1.13.1/plugins/com.st.stm32cube.common.mx_6.9.1.202307191849//db//plugins/boardmanager/
2023-08-22 08:39:25,867 [INFO] ApiDb:261 - Set plugin images path to: /home/nilo/st/stm32cubeide_1.13.1/plugins/com.st.stm32cube.common.mx_6.9.1.202307191849//db//plugins/mcufinder/images/
2023-08-22 08:39:25,868 [WARN] DbFile:41 - Overriding database path with different value: /home/nilo/.stmcufinder/plugins/mcufinder/ => /home/nilo/.stmcufinder/plugins/mcufinder
2023-08-22 08:39:25,868 [INFO] ApiDb:250 - Set database path to: /home/nilo/.stmcufinder/plugins/mcufinder//mcu/
2023-08-22 08:39:25,868 [WARN] DbFile:41 - Overriding database path with different value: /home/nilo/.stmcufinder/plugins/mcufinder/ => /home/nilo/.stmcufinder/plugins/mcufinder
2023-08-22 08:39:25,868 [INFO] DbMcusAds:125 - Set database path to: /home/nilo/.stmcufinder/plugins/mcufinder//mcu/
2023-08-22 08:39:25,868 [WARN] DbFile:41 - Overriding database path with different value: /home/nilo/.stmcufinder/plugins/mcufinder/ => /home/nilo/.stmcufinder/plugins/mcufinder
2023-08-22 08:39:25,869 [WARN] DbFile:41 - Overriding database path with different value: /home/nilo/.stmcufinder/plugins/mcufinder/ => /home/nilo/.stmcufinder/plugins/mcufinder
2023-08-22 08:39:25,869 [INFO] CrossReferenceDbSqlite:203 - Set database path to: /home/nilo/.stmcufinder/plugins/mcufinder//mcu/cs/
2023-08-22 08:39:25,909 [INFO] ApplicationProperties:184 - Using Application install path: /home/nilo/st/stm32cubeide_1.13.1/plugins/com.st.stm32cube.common.mx_6.9.1.202307191849
2023-08-22 08:39:25,923 [INFO] PluginManage:196 - Search for loadable plugins [exclusion list=, ]
2023-08-22 08:39:25,925 [INFO] PluginManage:310 - Check plugin analytics
2023-08-22 08:39:26,334 [INFO] AnalyticsPlugin:253 - Accepted Software Licenses: 
2023-08-22 08:39:26,335 [INFO] AnalyticsPlugin:255 - Accepted CMSIS Pack Licenses: 
2023-08-22 08:39:26,337 [INFO] AnalyticsPlugin:257 - Accepted Firmware Licenses: 
2023-08-22 08:39:26,345 [INFO] PluginManage:359 - Loaded plugin analytics (category:tool,tabindex:-1)
2023-08-22 08:39:26,346 [INFO] PluginManage:310 - Check plugin cadmodel
2023-08-22 08:39:26,357 [INFO] CADModel:105 - Init CAD model plugin
2023-08-22 08:39:26,358 [INFO] PluginManage:359 - Loaded plugin cadmodel (category:power,tabindex:5)
2023-08-22 08:39:26,358 [INFO] PluginManage:310 - Check plugin clock
2023-08-22 08:39:26,392 [INFO] PluginManage:359 - Loaded plugin clock (category:base,tabindex:2)
2023-08-22 08:39:26,393 [INFO] PluginManage:310 - Check plugin ddr
2023-08-22 08:39:26,395 [INFO] PluginManage:359 - Loaded plugin ddr (category:tool,tabindex:6)
2023-08-22 08:39:26,396 [INFO] PluginManage:310 - Check plugin filemanager
2023-08-22 08:39:26,561 [INFO] PluginManage:359 - Loaded plugin filemanager (category:base,tabindex:10)
2023-08-22 08:39:26,561 [INFO] PluginManage:310 - Check plugin ipmanager
2023-08-22 08:39:26,569 [INFO] PluginManage:359 - Loaded plugin ipmanager (category:base,tabindex:5)
2023-08-22 08:39:26,570 [INFO] PluginManage:310 - Check plugin lpbam
2023-08-22 08:39:26,579 [INFO] PluginManage:359 - Loaded plugin lpbam (category:base,tabindex:0)
2023-08-22 08:39:26,580 [INFO] PluginManage:310 - Check plugin memorymap
2023-08-22 08:39:26,596 [INFO] PluginManage:359 - Loaded plugin memorymap (category:base,tabindex:4)
2023-08-22 08:39:26,596 [INFO] PluginManage:310 - Check plugin pinoutandconfiguration
2023-08-22 08:39:26,605 [INFO] PluginManage:359 - Loaded plugin pinoutandconfiguration (category:base,tabindex:1)
2023-08-22 08:39:26,605 [INFO] PluginManage:310 - Check plugin pinoutconfig
2023-08-22 08:39:26,724 [WARN] SupportedApi:132 - Cannot load RTOS API schema: s4s-elt-must-match.1: The content of 'definitions' must match (annotation?, (simpleType | complexType)?, (unique | key | keyref)*)). A problem was found starting at: attribute.
2023-08-22 08:39:26,972 [INFO] PluginManage:359 - Loaded plugin pinoutconfig (category:base,tabindex:0)
2023-08-22 08:39:26,973 [INFO] PluginManage:310 - Check plugin power
2023-08-22 08:39:26,991 [INFO] PluginManage:359 - Loaded plugin power (category:power,tabindex:4)
2023-08-22 08:39:26,991 [INFO] PluginManage:310 - Check plugin projectmanager
2023-08-22 08:39:27,018 [INFO] PluginManage:359 - Loaded plugin projectmanager (category:projectmanager,tabindex:3)
2023-08-22 08:39:27,019 [INFO] PluginManage:310 - Check plugin thirdparty
2023-08-22 08:39:27,257 [INFO] PluginManage:359 - Loaded plugin thirdparty (category:base,tabindex:-1)
2023-08-22 08:39:27,257 [INFO] PluginManage:310 - Check plugin tools
2023-08-22 08:39:27,260 [INFO] PluginManage:359 - Loaded plugin tools (category:base,tabindex:7)
2023-08-22 08:39:27,261 [INFO] PluginManage:310 - Check plugin tutovideos
2023-08-22 08:39:27,261 [WARN] IntegrityCheckThread:84 - waiting for thirdparty lock release [integrity check]
2023-08-22 08:39:27,264 [INFO] IntegrityCheckThread:86 - entering critical section [integrity check]
2023-08-22 08:39:27,274 [INFO] ThirdPartyUpdaterWithRetryManager:70 - Updater plugin not ready yet. [1/15]
2023-08-22 08:39:27,611 [INFO] PluginManage:359 - Loaded plugin tutovideos (category:base,tabindex:-1)
2023-08-22 08:39:27,611 [INFO] PluginManage:310 - Check plugin updater
2023-08-22 08:39:27,626 [INFO] PluginManage:359 - Loaded plugin updater (category:base,tabindex:12)
2023-08-22 08:39:27,626 [INFO] PluginManage:310 - Check plugin userauth
2023-08-22 08:39:27,633 [INFO] UserAuth:113 - Init User Auth plugin
2023-08-22 08:39:27,633 [INFO] PluginManage:359 - Loaded plugin userauth (category:base,tabindex:14)
2023-08-22 08:39:27,634 [INFO] PluginManage:283 - PluginManage : Loaded plugins [17]
2023-08-22 08:39:27,885 [INFO] PinOutPanel:1499 - setPackage(No Configuration,No Configuration)
2023-08-22 08:39:28,011 [INFO] CADModel:165 - CPN selected for project level
2023-08-22 08:39:28,012 [INFO] CADModel:114 - Register for checkConnection events
2023-08-22 08:39:28,021 [INFO] IPUIPlugin:80 - create IPUIPlugin
2023-08-22 08:39:28,021 [INFO] PluginManager:220 - loadIPPluginJar : add quadspi
2023-08-22 08:39:28,023 [INFO] IPUIPlugin:80 - create IPUIPlugin
2023-08-22 08:39:28,023 [INFO] PluginManager:220 - loadIPPluginJar : add tsc
2023-08-22 08:39:28,024 [INFO] IPUIPlugin:80 - create IPUIPlugin
2023-08-22 08:39:28,025 [INFO] PluginManager:220 - loadIPPluginJar : add genericplugin
2023-08-22 08:39:28,030 [INFO] IPUIPlugin:80 - create IPUIPlugin
2023-08-22 08:39:28,030 [INFO] PluginManager:220 - loadIPPluginJar : add i3c
2023-08-22 08:39:28,033 [INFO] IPUIPlugin:80 - create IPUIPlugin
2023-08-22 08:39:28,033 [INFO] PluginManager:220 - loadIPPluginJar : add lorawan
2023-08-22 08:39:28,036 [INFO] IPUIPlugin:80 - create IPUIPlugin
2023-08-22 08:39:28,036 [INFO] PluginManager:220 - loadIPPluginJar : add touchsensing
2023-08-22 08:39:28,042 [INFO] IPUIPlugin:80 - create IPUIPlugin
2023-08-22 08:39:28,043 [INFO] PluginManager:220 - loadIPPluginJar : add dma
2023-08-22 08:39:28,049 [INFO] IPUIPlugin:80 - create IPUIPlugin
2023-08-22 08:39:28,050 [INFO] PluginManager:220 - loadIPPluginJar : add fmc
2023-08-22 08:39:28,052 [INFO] IPUIPlugin:80 - create IPUIPlugin
2023-08-22 08:39:28,053 [INFO] PluginManager:220 - loadIPPluginJar : add spi
2023-08-22 08:39:28,055 [INFO] IPUIPlugin:80 - create IPUIPlugin
2023-08-22 08:39:28,056 [INFO] PluginManager:220 - loadIPPluginJar : add usart
2023-08-22 08:39:28,057 [INFO] IPUIPlugin:80 - create IPUIPlugin
2023-08-22 08:39:28,058 [INFO] PluginManager:220 - loadIPPluginJar : add ts
2023-08-22 08:39:28,064 [INFO] IPUIPlugin:80 - create IPUIPlugin
2023-08-22 08:39:28,068 [INFO] PluginManager:220 - loadIPPluginJar : add plateformsettings
2023-08-22 08:39:28,071 [INFO] IPUIPlugin:80 - create IPUIPlugin
2023-08-22 08:39:28,071 [INFO] PluginManager:220 - loadIPPluginJar : add can
2023-08-22 08:39:28,074 [INFO] IPUIPlugin:80 - create IPUIPlugin
2023-08-22 08:39:28,074 [INFO] PluginManager:220 - loadIPPluginJar : add opamp
2023-08-22 08:39:28,077 [INFO] IPUIPlugin:80 - create IPUIPlugin
2023-08-22 08:39:28,077 [INFO] PluginManager:220 - loadIPPluginJar : add gfxmmu
2023-08-22 08:39:28,078 [INFO] IPUIPlugin:80 - create IPUIPlugin
2023-08-22 08:39:28,079 [INFO] PluginManager:220 - loadIPPluginJar : add comp
2023-08-22 08:39:28,081 [INFO] IPUIPlugin:80 - create IPUIPlugin
2023-08-22 08:39:28,081 [INFO] PluginManager:220 - loadIPPluginJar : add dfsdm
2023-08-22 08:39:28,085 [INFO] IPUIPlugin:80 - create IPUIPlugin
2023-08-22 08:39:28,085 [INFO] PluginManager:220 - loadIPPluginJar : add usbx
2023-08-22 08:39:28,089 [INFO] IPUIPlugin:80 - create IPUIPlugin
2023-08-22 08:39:28,089 [INFO] PluginManager:220 - loadIPPluginJar : add pdm2pcm
2023-08-22 08:39:28,093 [INFO] IPUIPlugin:80 - create IPUIPlugin
2023-08-22 08:39:28,094 [INFO] PluginManager:220 - loadIPPluginJar : add gpio
2023-08-22 08:39:28,097 [INFO] IPUIPlugin:80 - create IPUIPlugin
2023-08-22 08:39:28,097 [INFO] PluginManager:220 - loadIPPluginJar : add openamp
2023-08-22 08:39:28,101 [INFO] IPUIPlugin:80 - create IPUIPlugin
2023-08-22 08:39:28,101 [INFO] PluginManager:220 - loadIPPluginJar : add aes
2023-08-22 08:39:28,104 [INFO] IPUIPlugin:80 - create IPUIPlugin
2023-08-22 08:39:28,104 [INFO] PluginManager:220 - loadIPPluginJar : add hash
2023-08-22 08:39:28,107 [INFO] IPUIPlugin:80 - create IPUIPlugin
2023-08-22 08:39:28,108 [INFO] PluginManager:220 - loadIPPluginJar : add i2s
2023-08-22 08:39:28,110 [INFO] IPUIPlugin:80 - create IPUIPlugin
2023-08-22 08:39:28,110 [INFO] PluginManager:220 - loadIPPluginJar : add tracer_emb
2023-08-22 08:39:28,118 [INFO] IPUIPlugin:80 - create IPUIPlugin
2023-08-22 08:39:28,118 [INFO] PluginManager:220 - loadIPPluginJar : add adc
2023-08-22 08:39:28,124 [INFO] IPUIPlugin:80 - create IPUIPlugin
2023-08-22 08:39:28,124 [INFO] PluginManager:220 - loadIPPluginJar : add freertos
2023-08-22 08:39:28,126 [INFO] IPUIPlugin:80 - create IPUIPlugin
2023-08-22 08:39:28,126 [INFO] PluginManager:220 - loadIPPluginJar : add ucpd
2023-08-22 08:39:28,130 [INFO] IPUIPlugin:80 - create IPUIPlugin
2023-08-22 08:39:28,131 [INFO] PluginManager:220 - loadIPPluginJar : add ipddr
2023-08-22 08:39:28,133 [INFO] IPUIPlugin:80 - create IPUIPlugin
2023-08-22 08:39:28,133 [INFO] PluginManager:220 - loadIPPluginJar : add tim
2023-08-22 08:39:28,137 [INFO] IPUIPlugin:80 - create IPUIPlugin
2023-08-22 08:39:28,137 [INFO] PluginManager:220 - loadIPPluginJar : add resmgrutility
2023-08-22 08:39:28,140 [INFO] IPUIPlugin:80 - create IPUIPlugin
2023-08-22 08:39:28,140 [INFO] PluginManager:220 - loadIPPluginJar : add gtzc
2023-08-22 08:39:28,145 [INFO] IPUIPlugin:80 - create IPUIPlugin
2023-08-22 08:39:28,145 [INFO] PluginManager:220 - loadIPPluginJar : add gic
2023-08-22 08:39:28,152 [INFO] IPUIPlugin:80 - create IPUIPlugin
2023-08-22 08:39:28,152 [INFO] PluginManager:220 - loadIPPluginJar : add linkedlist
2023-08-22 08:39:28,155 [INFO] IPUIPlugin:80 - create IPUIPlugin
2023-08-22 08:39:28,155 [INFO] PluginManager:220 - loadIPPluginJar : add dma3
2023-08-22 08:39:28,158 [INFO] IPUIPlugin:80 - create IPUIPlugin
2023-08-22 08:39:28,158 [INFO] PluginManager:220 - loadIPPluginJar : add sai
2023-08-22 08:39:28,159 [INFO] IPUIPlugin:80 - create IPUIPlugin
2023-08-22 08:39:28,159 [INFO] PluginManager:220 - loadIPPluginJar : add ltdc
2023-08-22 08:39:28,161 [INFO] IPUIPlugin:80 - create IPUIPlugin
2023-08-22 08:39:28,161 [INFO] PluginManager:220 - loadIPPluginJar : add fatfs
2023-08-22 08:39:28,164 [INFO] IPUIPlugin:80 - create IPUIPlugin
2023-08-22 08:39:28,164 [INFO] PluginManager:220 - loadIPPluginJar : add i2c
2023-08-22 08:39:28,170 [INFO] IPUIPlugin:80 - create IPUIPlugin
2023-08-22 08:39:28,170 [INFO] PluginManager:220 - loadIPPluginJar : add mdma
2023-08-22 08:39:28,175 [INFO] IPUIPlugin:80 - create IPUIPlugin
2023-08-22 08:39:28,175 [INFO] PluginManager:220 - loadIPPluginJar : add stm32_wpan
2023-08-22 08:39:28,177 [INFO] IPUIPlugin:80 - create IPUIPlugin
2023-08-22 08:39:28,177 [INFO] PluginManager:220 - loadIPPluginJar : add cryp
2023-08-22 08:39:28,180 [INFO] IPUIPlugin:80 - create IPUIPlugin
2023-08-22 08:39:28,181 [INFO] PluginManager:220 - loadIPPluginJar : add nvic
2023-08-22 08:39:28,291 [INFO] CADModel:165 - CPN selected for project level
2023-08-22 08:39:28,291 [INFO] CADModel:114 - Register for checkConnection events
2023-08-22 08:39:28,292 [FATAL] Updater:308 - Updater called before beeing initialized
2023-08-22 08:39:28,292 [ERROR] CADModel:125 - Updater not yet initialized, retry later 
2023-08-22 08:39:28,483 [INFO] CADModel:165 - CPN selected for project level
2023-08-22 08:39:28,485 [INFO] CADModel:114 - Register for checkConnection events
2023-08-22 08:39:28,486 [FATAL] Updater:308 - Updater called before beeing initialized
2023-08-22 08:39:28,486 [ERROR] CADModel:125 - Updater not yet initialized, retry later 
2023-08-22 08:39:28,510 [FATAL] Updater:308 - Updater called before beeing initialized
2023-08-22 08:39:28,689 [FATAL] Updater:308 - Updater called before beeing initialized
2023-08-22 08:39:28,696 [INFO] DbMcusAds:53 - JSON generation date=Thu Sep 30 03:55:09 BRT 2021 (1632984909247)
2023-08-22 08:39:28,696 [FATAL] Updater:308 - Updater called before beeing initialized
2023-08-22 08:39:28,741 [WARN] DetailPanel:346 - Failed to get advertising image, set to default
2023-08-22 08:39:28,896 [FATAL] Updater:308 - Updater called before beeing initialized
2023-08-22 08:39:28,898 [FATAL] Updater:308 - Updater called before beeing initialized
2023-08-22 08:39:28,898 [FATAL] Updater:308 - Updater called before beeing initialized
2023-08-22 08:39:28,898 [WARN] DetailPanel:346 - Failed to get advertising image, set to default
2023-08-22 08:39:28,900 [FATAL] Updater:308 - Updater called before beeing initialized
2023-08-22 08:39:28,983 [ERROR] Updater:1120 - MainUpdater not yet initialized. External WinMGr cannot be set.
2023-08-22 08:39:28,985 [INFO] Updater:1056 - Updater Version found : 6.9.1
2023-08-22 08:39:29,042 [INFO] ApplicationProperties:184 - Using Application install path: /home/nilo/st/stm32cubeide_1.13.1/plugins/com.st.stm32cube.common.mx_6.9.1.202307191849
2023-08-22 08:39:29,220 [INFO] MainUpdater:2868 - connection check result : 10
2023-08-22 08:39:29,221 [INFO] MainUpdater:285 - Updater Check For Update Now.
2023-08-22 08:39:29,221 [INFO] MicroXplorer:498 - Change Database Version : DB.6.0.91
2023-08-22 08:39:29,228 [INFO] McuFinderGlobals:63 - Set McuFinder mode to 2 (CubeIDE integrated)
2023-08-22 08:39:29,229 [INFO] UserAuth:179 - activating auth plugin
2023-08-22 08:39:29,233 [INFO] UserAuth:393 - Internet connection configuration mode: 1
2023-08-22 08:39:29,253 [INFO] JxBrowserEngine:151 - Initiate JxBrowser Engine with user profile folder
2023-08-22 08:39:29,460 [INFO] CheckServerUpdateThread:120 - End of CheckServer Thread
2023-08-22 08:39:30,029 [INFO] WebApp:157 - Instantiating new browser for Auth
2023-08-22 08:39:30,449 [WARN] PackLoader:240 - Cannot read IP mode file for STMicroelectronics.X-CUBE-SMBUS.2.1.0
2023-08-22 08:39:30,541 [WARN] PackLoader:240 - Cannot read IP mode file for STMicroelectronics.X-CUBE-AZRTOS-F7.1.1.0
2023-08-22 08:39:30,555 [WARN] PackLoader:240 - Cannot read IP mode file for STMicroelectronics.FP-SNS-MOTENV1.4.3.2
2023-08-22 08:39:30,569 [WARN] PackLoader:240 - Cannot read IP mode file for STMicroelectronics.X-CUBE-BLE1.6.2.3
2023-08-22 08:39:30,576 [WARN] PackLoader:240 - Cannot read IP mode file for STMicroelectronics.X-CUBE-BLE1.6.2.4
2023-08-22 08:39:30,582 [WARN] PackLoader:240 - Cannot read IP mode file for STMicroelectronics.FP-SNS-FLIGHT1.5.0.2
2023-08-22 08:39:30,598 [WARN] PackLoader:240 - Cannot read IP mode file for STMicroelectronics.X-CUBE-TOF1.3.1.0
2023-08-22 08:39:30,616 [WARN] PackLoader:240 - Cannot read IP mode file for STMicroelectronics.X-CUBE-DISPLAY.3.0.0
2023-08-22 08:39:30,629 [WARN] PackLoader:240 - Cannot read IP mode file for STMicroelectronics.X-CUBE-BLE1.7.0.0
2023-08-22 08:39:30,636 [WARN] PackLoader:240 - Cannot read IP mode file for STMicroelectronics.X-CUBE-TOUCHGFX.4.22.0
2023-08-22 08:39:30,724 [WARN] PackLoader:240 - Cannot read IP mode file for STMicroelectronics.X-CUBE-MEMS1.9.3.0
2023-08-22 08:39:30,811 [INFO] WebApp:753 - Register for checkConnection events
2023-08-22 08:39:30,812 [INFO] WebApp:390 - Apply proxy settings
2023-08-22 08:39:30,812 [INFO] WebApp:475 - Chromium requires no authentication
2023-08-22 08:39:30,824 [INFO] WebApp:418 - Direct internet connection detected
2023-08-22 08:39:30,989 [WARN] PackLoader:240 - Cannot read IP mode file for STMicroelectronics.X-CUBE-AI.7.2.0
2023-08-22 08:39:31,002 [INFO] LogOutputStream:77 - [STDOUT_REDIRECT] 1 : Invalid condition id : UX_CORESTACK_Condition cause : null
2023-08-22 08:39:31,003 [INFO] LogOutputStream:77 - [STDOUT_REDIRECT] 1 : Invalid condition id : UX_CORESTACK_Condition cause : null
2023-08-22 08:39:31,003 [INFO] LogOutputStream:77 - [STDOUT_REDIRECT] 1 : Invalid condition id : UX_CORESTACK_Condition cause : null
2023-08-22 08:39:31,004 [INFO] LogOutputStream:77 - [STDOUT_REDIRECT] 1 : Invalid condition id : UX_CORESTACK_Condition cause : null
2023-08-22 08:39:31,004 [INFO] LogOutputStream:77 - [STDOUT_REDIRECT] 1 : Invalid condition id : UX_CORESTACK_Condition cause : null
2023-08-22 08:39:31,010 [WARN] PackLoader:240 - Cannot read IP mode file for STMicroelectronics.X-CUBE-AZRTOS-WL.2.0.0
2023-08-22 08:39:31,020 [WARN] PackLoader:240 - Cannot read IP mode file for WES.I-CUBE-Cesium.1.3.0
2023-08-22 08:39:31,026 [WARN] PackLoader:240 - Cannot read IP mode file for STMicroelectronics.X-CUBE-BLE2.3.3.0
2023-08-22 08:39:31,039 [WARN] PackLoader:240 - Cannot read IP mode file for STMicroelectronics.X-CUBE-DISPLAY.2.2.0
2023-08-22 08:39:31,063 [WARN] PackLoader:240 - Cannot read IP mode file for STMicroelectronics.X-CUBE-TOF1.3.2.0
2023-08-22 08:39:31,088 [WARN] PackLoader:240 - Cannot read IP mode file for STMicroelectronics.X-CUBE-ISPU.1.0.0
2023-08-22 08:39:31,127 [WARN] PackLoader:240 - Cannot read IP mode file for STMicroelectronics.X-CUBE-AZRTOS-H7.2.1.0
2023-08-22 08:39:31,141 [WARN] PackLoader:240 - Cannot read IP mode file for STMicroelectronics.X-CUBE-TOUCHGFX.4.21.1
2023-08-22 08:39:31,145 [WARN] PackLoader:240 - Cannot read IP mode file for STMicroelectronics.X-CUBE-TOUCHGFX.4.21.0
2023-08-22 08:39:31,248 [WARN] PackLoader:240 - Cannot read IP mode file for STMicroelectronics.X-CUBE-MEMS1.9.4.0
2023-08-22 08:39:31,323 [INFO] WebApp:188 - Starting web application
2023-08-22 08:39:31,323 [INFO] WebApp:520 - Web application path used /home/nilo/st/stm32cubeide_1.13.1/plugins/com.st.stm32cube.common.mx_6.9.1.202307191849/db/plugins/mcufinder/reactClient1/index.html
2023-08-22 08:39:31,580 [WARN] PackLoader:240 - Cannot read IP mode file for STMicroelectronics.X-CUBE-AI.7.3.0
2023-08-22 08:39:31,593 [WARN] PackLoader:240 - Cannot read IP mode file for STMicroelectronics.X-CUBE-ALGOBUILD.1.3.0
2023-08-22 08:39:31,621 [WARN] PackLoader:240 - Cannot read IP mode file for STMicroelectronics.X-CUBE-AZRTOS-G0.1.1.0
2023-08-22 08:39:31,650 [WARN] PackLoader:240 - Cannot read IP mode file for STMicroelectronics.X-CUBE-NFC4.3.0.0
2023-08-22 08:39:31,757 [WARN] PackLoader:240 - Cannot read IP mode file for SEGGER.I-CUBE-embOS.1.2.0
2023-08-22 08:39:31,883 [WARN] PackLoader:240 - Cannot read IP mode file for STMicroelectronics.X-CUBE-BLEMGR.1.3.0
2023-08-22 08:39:31,889 [WARN] PackLoader:240 - Cannot read IP mode file for STMicroelectronics.FP-ATR-SIGFOX1.3.2.0
2023-08-22 08:39:31,896 [WARN] PackLoader:240 - Cannot read IP mode file for emotas.I-CUBE-CANOPEN.1.1.2
2023-08-22 08:39:31,900 [WARN] PackLoader:240 - Cannot read IP mode file for STMicroelectronics.X-CUBE-TOUCHGFX.4.20.0
2023-08-22 08:39:31,951 [WARN] PackLoader:240 - Cannot read IP mode file for STMicroelectronics.X-CUBE-MEMS1.9.5.0
2023-08-22 08:39:32,205 [WARN] PackLoader:240 - Cannot read IP mode file for SEGGER.I-CUBE-embOS.1.3.1
2023-08-22 08:39:32,258 [WARN] PackLoader:240 - Cannot read IP mode file for STMicroelectronics.X-CUBE-GNSS1.6.0.0
2023-08-22 08:39:32,277 [WARN] PackLoader:240 - Cannot read IP mode file for STMicroelectronics.X-CUBE-AZRTOS-F4.1.1.0
2023-08-22 08:39:32,289 [WARN] PackLoader:240 - Cannot read IP mode file for STMicroelectronics.X-CUBE-BLEMGR.1.2.0
2023-08-22 08:39:32,309 [WARN] PackLoader:240 - Cannot read IP mode file for STMicroelectronics.X-CUBE-AZRTOS-L5.2.0.0
2023-08-22 08:39:32,361 [WARN] PackLoader:240 - Cannot read IP mode file for STMicroelectronics.X-CUBE-MEMS1.9.6.0
2023-08-22 08:39:32,612 [WARN] PackLoader:240 - Cannot read IP mode file for STMicroelectronics.X-CUBE-BLEMGR.2.0.0
2023-08-22 08:39:32,619 [WARN] PackLoader:240 - Cannot read IP mode file for STMicroelectronics.X-CUBE-NFC4.2.0.5
2023-08-22 08:39:32,625 [WARN] PackLoader:240 - Cannot read IP mode file for STMicroelectronics.X-CUBE-NFC4.2.0.4
2023-08-22 08:39:32,645 [WARN] ConditionMgr:438 - getConditionDescription Invalid condition id : UX DEVICE CLASS RTOS Condition cause : null
2023-08-22 08:39:32,645 [WARN] ConditionMgr:438 - getConditionDescription Invalid condition id : UX DEVICE CLASS RTOS Condition cause : null
2023-08-22 08:39:32,650 [WARN] PackLoader:240 - Cannot read IP mode file for STMicroelectronics.X-CUBE-AZRTOS-H7.3.1.0
2023-08-22 08:39:32,652 [WARN] ConditionMgr:1039 - genDependencies : Invalid condition id : UX DEVICE CLASS RTOS Condition cause : null
2023-08-22 08:39:32,652 [WARN] ConditionMgr:1039 - genDependencies : Invalid condition id : UX DEVICE CLASS RTOS Condition cause : null
2023-08-22 08:39:32,653 [WARN] ConditionMgr:1039 - genDependencies : Invalid condition id : UX DEVICE CLASS RTOS Condition cause : null
2023-08-22 08:39:32,654 [WARN] ConditionMgr:1039 - genDependencies : Invalid condition id : UX DEVICE CLASS RTOS Condition cause : null
2023-08-22 08:39:32,654 [WARN] ConditionMgr:1039 - genDependencies : Invalid condition id : UX DEVICE CLASS RTOS Condition cause : null
2023-08-22 08:39:32,661 [WARN] PackLoader:240 - Cannot read IP mode file for wolfSSL.I-CUBE-wolfSSL.5.5.0
2023-08-22 08:39:32,667 [WARN] PackLoader:240 - Cannot read IP mode file for STMicroelectronics.X-CUBE-NFC7.1.0.1
2023-08-22 08:39:32,675 [WARN] PackLoader:240 - Cannot read IP mode file for STMicroelectronics.X-CUBE-NFC7.1.0.0
2023-08-22 08:39:32,682 [WARN] PackLoader:240 - Cannot read IP mode file for STMicroelectronics.X-CUBE-EEPRMA1.4.1.0
2023-08-22 08:39:32,691 [WARN] PackLoader:240 - Cannot read IP mode file for STMicroelectronics.X-CUBE-AI.8.1.0
2023-08-22 08:39:32,711 [WARN] ConditionMgr:438 - getConditionDescription Invalid condition id : LAN8742 Phy interface Condition cause : null
2023-08-22 08:39:32,719 [WARN] PackLoader:240 - Cannot read IP mode file for STMicroelectronics.X-CUBE-AZRTOS-L4.2.0.0
2023-08-22 08:39:32,721 [WARN] ConditionMgr:1039 - genDependencies : Invalid condition id : LAN8742 Phy interface Condition cause : null
2023-08-22 08:39:32,722 [WARN] ConditionMgr:1039 - genDependencies : Invalid condition id : LAN8742 Phy interface Condition cause : null
2023-08-22 08:39:32,722 [WARN] ConditionMgr:1039 - genDependencies : Invalid condition id : LAN8742 Phy interface Condition cause : null
2023-08-22 08:39:32,738 [WARN] PackLoader:240 - Cannot read IP mode file for STMicroelectronics.X-CUBE-SFXS2LP1.4.0.0
2023-08-22 08:39:32,759 [WARN] PackLoader:240 - Cannot read IP mode file for STMicroelectronics.X-CUBE-AZRTOS-H7.3.0.0
2023-08-22 08:39:32,774 [WARN] PackLoader:240 - Cannot read IP mode file for STMicroelectronics.X-CUBE-ISPU.1.1.0
2023-08-22 08:39:32,782 [WARN] PackLoader:240 - Cannot read IP mode file for RoweBots.I-CUBE-UNISONRTOS.5.5.0-4
2023-08-22 08:39:32,787 [WARN] PackLoader:240 - Cannot read IP mode file for STMicroelectronics.X-CUBE-AI.8.0.0
2023-08-22 08:39:32,802 [WARN] ConditionMgr:438 - getConditionDescription Invalid condition id : UX DEVICE CLASS RTOS Condition cause : null
2023-08-22 08:39:32,803 [WARN] ConditionMgr:438 - getConditionDescription Invalid condition id : UX DEVICE CLASS RTOS Condition cause : null
2023-08-22 08:39:32,805 [WARN] PackLoader:240 - Cannot read IP mode file for STMicroelectronics.X-CUBE-AZRTOS-WB.2.0.0
2023-08-22 08:39:32,806 [WARN] ConditionMgr:1039 - genDependencies : Invalid condition id : UX DEVICE CLASS RTOS Condition cause : null
2023-08-22 08:39:32,806 [WARN] ConditionMgr:1039 - genDependencies : Invalid condition id : UX DEVICE CLASS RTOS Condition cause : null
2023-08-22 08:39:32,807 [WARN] ConditionMgr:1039 - genDependencies : Invalid condition id : UX DEVICE CLASS RTOS Condition cause : null
2023-08-22 08:39:32,808 [WARN] ConditionMgr:1039 - genDependencies : Invalid condition id : UX DEVICE CLASS RTOS Condition cause : null
2023-08-22 08:39:32,808 [WARN] ConditionMgr:1039 - genDependencies : Invalid condition id : UX DEVICE CLASS RTOS Condition cause : null
2023-08-22 08:39:32,828 [WARN] PackLoader:240 - Cannot read IP mode file for STMicroelectronics.X-CUBE-FREERTOS.1.0.1
2023-08-22 08:39:32,835 [WARN] PackLoader:240 - Cannot read IP mode file for STMicroelectronics.X-CUBE-BLEMGR.1.0.0
2023-08-22 08:39:32,853 [WARN] PackLoader:240 - Cannot read IP mode file for STMicroelectronics.X-CUBE-AZRTOS-L5.1.1.0
2023-08-22 08:39:32,873 [WARN] PackLoader:240 - Cannot read IP mode file for STMicroelectronics.X-CUBE-SUBG2.5.0.0
2023-08-22 08:39:32,889 [WARN] PackLoader:240 - Cannot read IP mode file for STMicroelectronics.X-CUBE-TOF1.3.3.1
2023-08-22 08:39:32,913 [WARN] PackLoader:240 - Cannot read IP mode file for STMicroelectronics.X-CUBE-AZRTOS-G4.2.0.0
2023-08-22 08:39:32,918 [WARN] PackLoader:240 - Cannot read IP mode file for STMicroelectronics.FP-ATR-ASTRA1.1.1.1
2023-08-22 08:39:32,931 [WARN] PackLoader:240 - Cannot read IP mode file for STMicroelectronics.X-CUBE-AZRTOS-G4.1.0.0
2023-08-22 08:39:32,950 [WARN] PackLoader:240 - Cannot read IP mode file for STMicroelectronics.X-CUBE-AZRTOS-L4.1.0.0
2023-08-22 08:39:32,965 [WARN] PackLoader:240 - Cannot read IP mode file for STMicroelectronics.X-CUBE-AZRTOS-WL.1.0.0
2023-08-22 08:39:32,972 [WARN] PackLoader:240 - Cannot read IP mode file for portGmbH.I-Cube-SoM-uGOAL.1.1.0
2023-08-22 08:39:32,976 [WARN] PackLoader:240 - Cannot read IP mode file for STMicroelectronics.X-CUBE-ALS.1.0.1
2023-08-22 08:39:32,990 [WARN] PackLoader:240 - Cannot read IP mode file for STMicroelectronics.X-CUBE-AZRTOS-WB.1.1.0
2023-08-22 08:39:33,012 [WARN] PackLoader:240 - Cannot read IP mode file for STMicroelectronics.X-CUBE-AZRTOS-L5.1.0.0
2023-08-22 08:39:33,021 [WARN] PackLoader:240 - Cannot read IP mode file for STMicroelectronics.X-CUBE-EEPRMA1.3.1.1
2023-08-22 08:39:33,025 [WARN] PackLoader:240 - Cannot read IP mode file for STMicroelectronics.FP-ATR-ASTRA1.2.0.0
2023-08-22 08:39:33,026 [INFO] ThirdParty:978 - Integrity check success = true
2023-08-22 08:39:33,027 [INFO] IntegrityCheckThread:100 - exiting critical section [integrity check]
2023-08-22 08:39:33,027 [INFO] IntegrityCheckThread:103 - End integrity checks thread
2023-08-22 11:48:34,565 [ERROR] LogOutputStream:75 - [STDERR_REDIRECT] 
2023-08-22 11:49:35,694 [INFO] Activator:176 - 


2023-08-22 11:49:35,697 [INFO] Activator:177 - !SESSION log4j initialized
2023-08-22 11:49:45,036 [INFO] LogOutputStream:77 - [STDOUT_REDIRECT] 
2023-08-22 11:49:47,810 [INFO] ApplicationProperties:184 - Using Application install path: /home/nilo/st/stm32cubeide_1.13.1/plugins/com.st.stm32cube.common.mx_6.9.1.202307191849
2023-08-22 11:49:47,860 [INFO] DbMcusXml:78 - Set database path to: /home/nilo/st/stm32cubeide_1.13.1/plugins/com.st.stm32cube.common.mx_6.9.1.202307191849//db//mcu/
2023-08-22 11:49:47,860 [INFO] ApiDb:274 - Set plugin database path to: /home/nilo/st/stm32cubeide_1.13.1/plugins/com.st.stm32cube.common.mx_6.9.1.202307191849//db//plugins/boardmanager/
2023-08-22 11:49:47,861 [WARN] ApiDb:259 - Overriding images path with different value:  => /home/nilo/st/stm32cubeide_1.13.1/plugins/com.st.stm32cube.common.mx_6.9.1.202307191849//db//plugins/mcufinder/images/
2023-08-22 11:49:47,910 [INFO] ApiDb:250 - Set database path to: /home/nilo/.stmcufinder/plugins/mcufinder//mcu/
2023-08-22 11:49:47,913 [INFO] DbMcusAds:125 - Set database path to: /home/nilo/.stmcufinder/plugins/mcufinder//mcu/
2023-08-22 11:49:47,959 [INFO] CrossReferenceDbSqlite:203 - Set database path to: /home/nilo/.stmcufinder/plugins/mcufinder//mcu/cs/
2023-08-22 11:49:48,620 [INFO] RulesReader:64 - Compatibility file has been processed (293 Rules)
2023-08-22 11:49:48,904 [INFO] DbMcusXml:78 - Set database path to: /home/nilo/st/stm32cubeide_1.13.1/plugins/com.st.stm32cube.common.mx_6.9.1.202307191849//db//mcu/
2023-08-22 11:49:48,905 [INFO] ApiDb:274 - Set plugin database path to: /home/nilo/st/stm32cubeide_1.13.1/plugins/com.st.stm32cube.common.mx_6.9.1.202307191849//db//plugins/boardmanager/
2023-08-22 11:49:48,905 [INFO] ApiDb:261 - Set plugin images path to: /home/nilo/st/stm32cubeide_1.13.1/plugins/com.st.stm32cube.common.mx_6.9.1.202307191849//db//plugins/mcufinder/images/
2023-08-22 11:49:48,906 [WARN] DbFile:41 - Overriding database path with different value: /home/nilo/.stmcufinder/plugins/mcufinder/ => /home/nilo/.stmcufinder/plugins/mcufinder
2023-08-22 11:49:48,906 [INFO] ApiDb:250 - Set database path to: /home/nilo/.stmcufinder/plugins/mcufinder//mcu/
2023-08-22 11:49:48,907 [WARN] DbFile:41 - Overriding database path with different value: /home/nilo/.stmcufinder/plugins/mcufinder/ => /home/nilo/.stmcufinder/plugins/mcufinder
2023-08-22 11:49:48,908 [INFO] DbMcusAds:125 - Set database path to: /home/nilo/.stmcufinder/plugins/mcufinder//mcu/
2023-08-22 11:49:48,908 [WARN] DbFile:41 - Overriding database path with different value: /home/nilo/.stmcufinder/plugins/mcufinder/ => /home/nilo/.stmcufinder/plugins/mcufinder
2023-08-22 11:49:48,909 [WARN] DbFile:41 - Overriding database path with different value: /home/nilo/.stmcufinder/plugins/mcufinder/ => /home/nilo/.stmcufinder/plugins/mcufinder
2023-08-22 11:49:48,909 [INFO] CrossReferenceDbSqlite:203 - Set database path to: /home/nilo/.stmcufinder/plugins/mcufinder//mcu/cs/
2023-08-22 11:49:49,239 [INFO] MainPanel:262 - HeapMemory: 591396864
2023-08-22 11:49:49,731 [INFO] DbMcusXml:78 - Set database path to: /home/nilo/st/stm32cubeide_1.13.1/plugins/com.st.stm32cube.common.mx_6.9.1.202307191849//db//mcu/
2023-08-22 11:49:49,731 [INFO] ApiDb:274 - Set plugin database path to: /home/nilo/st/stm32cubeide_1.13.1/plugins/com.st.stm32cube.common.mx_6.9.1.202307191849//db//plugins/boardmanager/
2023-08-22 11:49:49,731 [INFO] ApiDb:261 - Set plugin images path to: /home/nilo/st/stm32cubeide_1.13.1/plugins/com.st.stm32cube.common.mx_6.9.1.202307191849//db//plugins/mcufinder/images/
2023-08-22 11:49:49,732 [WARN] DbFile:41 - Overriding database path with different value: /home/nilo/.stmcufinder/plugins/mcufinder/ => /home/nilo/.stmcufinder/plugins/mcufinder
2023-08-22 11:49:49,732 [INFO] ApiDb:250 - Set database path to: /home/nilo/.stmcufinder/plugins/mcufinder//mcu/
2023-08-22 11:49:49,732 [WARN] DbFile:41 - Overriding database path with different value: /home/nilo/.stmcufinder/plugins/mcufinder/ => /home/nilo/.stmcufinder/plugins/mcufinder
2023-08-22 11:49:49,733 [INFO] DbMcusAds:125 - Set database path to: /home/nilo/.stmcufinder/plugins/mcufinder//mcu/
2023-08-22 11:49:49,733 [WARN] DbFile:41 - Overriding database path with different value: /home/nilo/.stmcufinder/plugins/mcufinder/ => /home/nilo/.stmcufinder/plugins/mcufinder
2023-08-22 11:49:49,733 [WARN] DbFile:41 - Overriding database path with different value: /home/nilo/.stmcufinder/plugins/mcufinder/ => /home/nilo/.stmcufinder/plugins/mcufinder
2023-08-22 11:49:49,733 [INFO] CrossReferenceDbSqlite:203 - Set database path to: /home/nilo/.stmcufinder/plugins/mcufinder//mcu/cs/
2023-08-22 11:49:49,801 [INFO] ApplicationProperties:184 - Using Application install path: /home/nilo/st/stm32cubeide_1.13.1/plugins/com.st.stm32cube.common.mx_6.9.1.202307191849
2023-08-22 11:49:49,811 [INFO] PluginManage:196 - Search for loadable plugins [exclusion list=, ]
2023-08-22 11:49:49,816 [INFO] PluginManage:310 - Check plugin analytics
2023-08-22 11:49:50,476 [INFO] AnalyticsPlugin:253 - Accepted Software Licenses: 
2023-08-22 11:49:50,477 [INFO] AnalyticsPlugin:255 - Accepted CMSIS Pack Licenses: 
2023-08-22 11:49:50,477 [INFO] AnalyticsPlugin:257 - Accepted Firmware Licenses: 
2023-08-22 11:49:50,486 [INFO] PluginManage:359 - Loaded plugin analytics (category:tool,tabindex:-1)
2023-08-22 11:49:50,486 [INFO] PluginManage:310 - Check plugin cadmodel
2023-08-22 11:49:50,501 [INFO] CADModel:105 - Init CAD model plugin
2023-08-22 11:49:50,502 [INFO] PluginManage:359 - Loaded plugin cadmodel (category:power,tabindex:5)
2023-08-22 11:49:50,503 [INFO] PluginManage:310 - Check plugin clock
2023-08-22 11:49:50,563 [INFO] PluginManage:359 - Loaded plugin clock (category:base,tabindex:2)
2023-08-22 11:49:50,566 [INFO] PluginManage:310 - Check plugin ddr
2023-08-22 11:49:50,575 [INFO] PluginManage:359 - Loaded plugin ddr (category:tool,tabindex:6)
2023-08-22 11:49:50,576 [INFO] PluginManage:310 - Check plugin filemanager
2023-08-22 11:49:51,188 [INFO] PluginManage:359 - Loaded plugin filemanager (category:base,tabindex:10)
2023-08-22 11:49:51,189 [INFO] PluginManage:310 - Check plugin ipmanager
2023-08-22 11:49:51,202 [INFO] PluginManage:359 - Loaded plugin ipmanager (category:base,tabindex:5)
2023-08-22 11:49:51,203 [INFO] PluginManage:310 - Check plugin lpbam
2023-08-22 11:49:51,230 [INFO] PluginManage:359 - Loaded plugin lpbam (category:base,tabindex:0)
2023-08-22 11:49:51,232 [INFO] PluginManage:310 - Check plugin memorymap
2023-08-22 11:49:51,283 [INFO] PluginManage:359 - Loaded plugin memorymap (category:base,tabindex:4)
2023-08-22 11:49:51,284 [INFO] PluginManage:310 - Check plugin pinoutandconfiguration
2023-08-22 11:49:51,321 [INFO] PluginManage:359 - Loaded plugin pinoutandconfiguration (category:base,tabindex:1)
2023-08-22 11:49:51,322 [INFO] PluginManage:310 - Check plugin pinoutconfig
2023-08-22 11:49:51,724 [WARN] SupportedApi:132 - Cannot load RTOS API schema: s4s-elt-must-match.1: The content of 'definitions' must match (annotation?, (simpleType | complexType)?, (unique | key | keyref)*)). A problem was found starting at: attribute.
2023-08-22 11:49:52,502 [INFO] PluginManage:359 - Loaded plugin pinoutconfig (category:base,tabindex:0)
2023-08-22 11:49:52,503 [INFO] PluginManage:310 - Check plugin power
2023-08-22 11:49:52,567 [INFO] PluginManage:359 - Loaded plugin power (category:power,tabindex:4)
2023-08-22 11:49:52,568 [INFO] PluginManage:310 - Check plugin projectmanager
2023-08-22 11:49:52,649 [INFO] PluginManage:359 - Loaded plugin projectmanager (category:projectmanager,tabindex:3)
2023-08-22 11:49:52,649 [INFO] PluginManage:310 - Check plugin thirdparty
2023-08-22 11:49:53,166 [INFO] PluginManage:359 - Loaded plugin thirdparty (category:base,tabindex:-1)
2023-08-22 11:49:53,167 [INFO] PluginManage:310 - Check plugin tools
2023-08-22 11:49:53,173 [INFO] PluginManage:359 - Loaded plugin tools (category:base,tabindex:7)
2023-08-22 11:49:53,175 [INFO] PluginManage:310 - Check plugin tutovideos
2023-08-22 11:49:53,167 [WARN] IntegrityCheckThread:84 - waiting for thirdparty lock release [integrity check]
2023-08-22 11:49:53,175 [INFO] IntegrityCheckThread:86 - entering critical section [integrity check]
2023-08-22 11:49:53,176 [INFO] ThirdPartyUpdaterWithRetryManager:70 - Updater plugin not ready yet. [1/15]
2023-08-22 11:49:53,611 [INFO] PluginManage:359 - Loaded plugin tutovideos (category:base,tabindex:-1)
2023-08-22 11:49:53,612 [INFO] PluginManage:310 - Check plugin updater
2023-08-22 11:49:53,635 [INFO] PluginManage:359 - Loaded plugin updater (category:base,tabindex:12)
2023-08-22 11:49:53,636 [INFO] PluginManage:310 - Check plugin userauth
2023-08-22 11:49:53,646 [INFO] UserAuth:113 - Init User Auth plugin
2023-08-22 11:49:53,646 [INFO] PluginManage:359 - Loaded plugin userauth (category:base,tabindex:14)
2023-08-22 11:49:53,647 [INFO] PluginManage:283 - PluginManage : Loaded plugins [17]
2023-08-22 11:49:54,093 [INFO] PinOutPanel:1499 - setPackage(No Configuration,No Configuration)
2023-08-22 11:49:54,302 [INFO] CADModel:165 - CPN selected for project level
2023-08-22 11:49:54,302 [INFO] CADModel:114 - Register for checkConnection events
2023-08-22 11:49:54,321 [INFO] IPUIPlugin:80 - create IPUIPlugin
2023-08-22 11:49:54,322 [INFO] PluginManager:220 - loadIPPluginJar : add quadspi
2023-08-22 11:49:54,325 [INFO] IPUIPlugin:80 - create IPUIPlugin
2023-08-22 11:49:54,325 [INFO] PluginManager:220 - loadIPPluginJar : add tsc
2023-08-22 11:49:54,329 [INFO] IPUIPlugin:80 - create IPUIPlugin
2023-08-22 11:49:54,329 [INFO] PluginManager:220 - loadIPPluginJar : add genericplugin
2023-08-22 11:49:54,341 [INFO] IPUIPlugin:80 - create IPUIPlugin
2023-08-22 11:49:54,341 [INFO] PluginManager:220 - loadIPPluginJar : add i3c
2023-08-22 11:49:54,347 [INFO] IPUIPlugin:80 - create IPUIPlugin
2023-08-22 11:49:54,347 [INFO] PluginManager:220 - loadIPPluginJar : add lorawan
2023-08-22 11:49:54,353 [INFO] IPUIPlugin:80 - create IPUIPlugin
2023-08-22 11:49:54,353 [INFO] PluginManager:220 - loadIPPluginJar : add touchsensing
2023-08-22 11:49:54,367 [INFO] IPUIPlugin:80 - create IPUIPlugin
2023-08-22 11:49:54,369 [INFO] PluginManager:220 - loadIPPluginJar : add dma
2023-08-22 11:49:54,383 [INFO] IPUIPlugin:80 - create IPUIPlugin
2023-08-22 11:49:54,383 [INFO] PluginManager:220 - loadIPPluginJar : add fmc
2023-08-22 11:49:54,389 [INFO] IPUIPlugin:80 - create IPUIPlugin
2023-08-22 11:49:54,389 [INFO] PluginManager:220 - loadIPPluginJar : add spi
2023-08-22 11:49:54,396 [INFO] IPUIPlugin:80 - create IPUIPlugin
2023-08-22 11:49:54,396 [INFO] PluginManager:220 - loadIPPluginJar : add usart
2023-08-22 11:49:54,403 [INFO] IPUIPlugin:80 - create IPUIPlugin
2023-08-22 11:49:54,403 [INFO] PluginManager:220 - loadIPPluginJar : add ts
2023-08-22 11:49:54,428 [INFO] IPUIPlugin:80 - create IPUIPlugin
2023-08-22 11:49:54,440 [INFO] PluginManager:220 - loadIPPluginJar : add plateformsettings
2023-08-22 11:49:54,445 [INFO] IPUIPlugin:80 - create IPUIPlugin
2023-08-22 11:49:54,446 [INFO] PluginManager:220 - loadIPPluginJar : add can
2023-08-22 11:49:54,458 [INFO] IPUIPlugin:80 - create IPUIPlugin
2023-08-22 11:49:54,458 [INFO] PluginManager:220 - loadIPPluginJar : add opamp
2023-08-22 11:49:54,467 [INFO] IPUIPlugin:80 - create IPUIPlugin
2023-08-22 11:49:54,468 [INFO] PluginManager:220 - loadIPPluginJar : add gfxmmu
2023-08-22 11:49:54,471 [INFO] IPUIPlugin:80 - create IPUIPlugin
2023-08-22 11:49:54,471 [INFO] PluginManager:220 - loadIPPluginJar : add comp
2023-08-22 11:49:54,479 [INFO] IPUIPlugin:80 - create IPUIPlugin
2023-08-22 11:49:54,479 [INFO] PluginManager:220 - loadIPPluginJar : add dfsdm
2023-08-22 11:49:54,485 [INFO] IPUIPlugin:80 - create IPUIPlugin
2023-08-22 11:49:54,485 [INFO] PluginManager:220 - loadIPPluginJar : add usbx
2023-08-22 11:49:54,495 [INFO] IPUIPlugin:80 - create IPUIPlugin
2023-08-22 11:49:54,495 [INFO] PluginManager:220 - loadIPPluginJar : add pdm2pcm
2023-08-22 11:49:54,506 [INFO] IPUIPlugin:80 - create IPUIPlugin
2023-08-22 11:49:54,507 [INFO] PluginManager:220 - loadIPPluginJar : add gpio
2023-08-22 11:49:54,517 [INFO] IPUIPlugin:80 - create IPUIPlugin
2023-08-22 11:49:54,518 [INFO] PluginManager:220 - loadIPPluginJar : add openamp
2023-08-22 11:49:54,525 [INFO] IPUIPlugin:80 - create IPUIPlugin
2023-08-22 11:49:54,526 [INFO] PluginManager:220 - loadIPPluginJar : add aes
2023-08-22 11:49:54,532 [INFO] IPUIPlugin:80 - create IPUIPlugin
2023-08-22 11:49:54,533 [INFO] PluginManager:220 - loadIPPluginJar : add hash
2023-08-22 11:49:54,540 [INFO] IPUIPlugin:80 - create IPUIPlugin
2023-08-22 11:49:54,541 [INFO] PluginManager:220 - loadIPPluginJar : add i2s
2023-08-22 11:49:54,544 [INFO] IPUIPlugin:80 - create IPUIPlugin
2023-08-22 11:49:54,547 [INFO] PluginManager:220 - loadIPPluginJar : add tracer_emb
2023-08-22 11:49:54,566 [INFO] IPUIPlugin:80 - create IPUIPlugin
2023-08-22 11:49:54,566 [INFO] PluginManager:220 - loadIPPluginJar : add adc
2023-08-22 11:49:54,577 [INFO] IPUIPlugin:80 - create IPUIPlugin
2023-08-22 11:49:54,577 [INFO] PluginManager:220 - loadIPPluginJar : add freertos
2023-08-22 11:49:54,582 [INFO] IPUIPlugin:80 - create IPUIPlugin
2023-08-22 11:49:54,582 [INFO] PluginManager:220 - loadIPPluginJar : add ucpd
2023-08-22 11:49:54,591 [INFO] IPUIPlugin:80 - create IPUIPlugin
2023-08-22 11:49:54,591 [INFO] PluginManager:220 - loadIPPluginJar : add ipddr
2023-08-22 11:49:54,596 [INFO] IPUIPlugin:80 - create IPUIPlugin
2023-08-22 11:49:54,596 [INFO] PluginManager:220 - loadIPPluginJar : add tim
2023-08-22 11:49:54,605 [INFO] IPUIPlugin:80 - create IPUIPlugin
2023-08-22 11:49:54,606 [INFO] PluginManager:220 - loadIPPluginJar : add resmgrutility
2023-08-22 11:49:54,613 [INFO] IPUIPlugin:80 - create IPUIPlugin
2023-08-22 11:49:54,613 [INFO] PluginManager:220 - loadIPPluginJar : add gtzc
2023-08-22 11:49:54,627 [INFO] IPUIPlugin:80 - create IPUIPlugin
2023-08-22 11:49:54,627 [INFO] PluginManager:220 - loadIPPluginJar : add gic
2023-08-22 11:49:54,643 [INFO] IPUIPlugin:80 - create IPUIPlugin
2023-08-22 11:49:54,644 [INFO] PluginManager:220 - loadIPPluginJar : add linkedlist
2023-08-22 11:49:54,648 [INFO] IPUIPlugin:80 - create IPUIPlugin
2023-08-22 11:49:54,649 [INFO] PluginManager:220 - loadIPPluginJar : add dma3
2023-08-22 11:49:54,657 [INFO] IPUIPlugin:80 - create IPUIPlugin
2023-08-22 11:49:54,658 [INFO] PluginManager:220 - loadIPPluginJar : add sai
2023-08-22 11:49:54,661 [INFO] IPUIPlugin:80 - create IPUIPlugin
2023-08-22 11:49:54,662 [INFO] PluginManager:220 - loadIPPluginJar : add ltdc
2023-08-22 11:49:54,665 [INFO] IPUIPlugin:80 - create IPUIPlugin
2023-08-22 11:49:54,665 [INFO] PluginManager:220 - loadIPPluginJar : add fatfs
2023-08-22 11:49:54,671 [INFO] IPUIPlugin:80 - create IPUIPlugin
2023-08-22 11:49:54,672 [INFO] PluginManager:220 - loadIPPluginJar : add i2c
2023-08-22 11:49:54,684 [INFO] IPUIPlugin:80 - create IPUIPlugin
2023-08-22 11:49:54,685 [INFO] PluginManager:220 - loadIPPluginJar : add mdma
2023-08-22 11:49:54,702 [INFO] IPUIPlugin:80 - create IPUIPlugin
2023-08-22 11:49:54,703 [INFO] PluginManager:220 - loadIPPluginJar : add stm32_wpan
2023-08-22 11:49:54,709 [INFO] IPUIPlugin:80 - create IPUIPlugin
2023-08-22 11:49:54,709 [INFO] PluginManager:220 - loadIPPluginJar : add cryp
2023-08-22 11:49:54,717 [INFO] IPUIPlugin:80 - create IPUIPlugin
2023-08-22 11:49:54,718 [INFO] PluginManager:220 - loadIPPluginJar : add nvic
2023-08-22 11:49:54,848 [INFO] CADModel:165 - CPN selected for project level
2023-08-22 11:49:54,848 [INFO] CADModel:114 - Register for checkConnection events
2023-08-22 11:49:54,849 [FATAL] Updater:308 - Updater called before beeing initialized
2023-08-22 11:49:54,849 [ERROR] CADModel:125 - Updater not yet initialized, retry later 
2023-08-22 11:49:55,280 [INFO] CADModel:165 - CPN selected for project level
2023-08-22 11:49:55,280 [INFO] CADModel:114 - Register for checkConnection events
2023-08-22 11:49:55,280 [FATAL] Updater:308 - Updater called before beeing initialized
2023-08-22 11:49:55,280 [ERROR] CADModel:125 - Updater not yet initialized, retry later 
2023-08-22 11:49:55,290 [FATAL] Updater:308 - Updater called before beeing initialized
2023-08-22 11:49:55,711 [FATAL] Updater:308 - Updater called before beeing initialized
2023-08-22 11:49:55,789 [INFO] DbMcusAds:53 - JSON generation date=Thu Sep 30 03:55:09 BRT 2021 (1632984909247)
2023-08-22 11:49:55,789 [FATAL] Updater:308 - Updater called before beeing initialized
2023-08-22 11:49:55,922 [WARN] DetailPanel:346 - Failed to get advertising image, set to default
2023-08-22 11:49:56,178 [INFO] ThirdPartyUpdaterWithRetryManager:70 - Updater plugin not ready yet. [2/15]
2023-08-22 11:49:56,585 [FATAL] Updater:308 - Updater called before beeing initialized
2023-08-22 11:49:56,607 [FATAL] Updater:308 - Updater called before beeing initialized
2023-08-22 11:49:56,607 [FATAL] Updater:308 - Updater called before beeing initialized
2023-08-22 11:49:56,608 [WARN] DetailPanel:346 - Failed to get advertising image, set to default
2023-08-22 11:49:56,621 [FATAL] Updater:308 - Updater called before beeing initialized
2023-08-22 11:49:56,784 [ERROR] Updater:1120 - MainUpdater not yet initialized. External WinMGr cannot be set.
2023-08-22 11:49:56,787 [INFO] Updater:1056 - Updater Version found : 6.9.1
2023-08-22 11:49:56,879 [INFO] ApplicationProperties:184 - Using Application install path: /home/nilo/st/stm32cubeide_1.13.1/plugins/com.st.stm32cube.common.mx_6.9.1.202307191849
2023-08-22 11:49:57,599 [INFO] MainUpdater:2868 - connection check result : 10
2023-08-22 11:49:57,614 [INFO] MainUpdater:285 - Updater Check For Update Now.
2023-08-22 11:49:57,615 [INFO] MicroXplorer:498 - Change Database Version : DB.6.0.91
2023-08-22 11:49:57,703 [INFO] McuFinderGlobals:63 - Set McuFinder mode to 2 (CubeIDE integrated)
2023-08-22 11:49:57,704 [INFO] UserAuth:179 - activating auth plugin
2023-08-22 11:49:57,789 [INFO] UserAuth:393 - Internet connection configuration mode: 1
2023-08-22 11:49:58,035 [INFO] JxBrowserEngine:151 - Initiate JxBrowser Engine with user profile folder
2023-08-22 11:49:58,558 [INFO] CheckServerUpdateThread:120 - End of CheckServer Thread
2023-08-22 11:49:59,538 [WARN] PackLoader:240 - Cannot read IP mode file for STMicroelectronics.X-CUBE-SMBUS.2.1.0
2023-08-22 11:49:59,678 [WARN] PackLoader:240 - Cannot read IP mode file for STMicroelectronics.X-CUBE-AZRTOS-F7.1.1.0
2023-08-22 11:49:59,722 [WARN] PackLoader:240 - Cannot read IP mode file for STMicroelectronics.FP-SNS-MOTENV1.4.3.2
2023-08-22 11:49:59,772 [WARN] PackLoader:240 - Cannot read IP mode file for STMicroelectronics.X-CUBE-BLE1.6.2.3
2023-08-22 11:49:59,792 [WARN] PackLoader:240 - Cannot read IP mode file for STMicroelectronics.X-CUBE-BLE1.6.2.4
2023-08-22 11:49:59,816 [WARN] PackLoader:240 - Cannot read IP mode file for STMicroelectronics.FP-SNS-FLIGHT1.5.0.2
2023-08-22 11:49:59,860 [WARN] PackLoader:240 - Cannot read IP mode file for STMicroelectronics.X-CUBE-TOF1.3.1.0
2023-08-22 11:49:59,918 [WARN] PackLoader:240 - Cannot read IP mode file for STMicroelectronics.X-CUBE-DISPLAY.3.0.0
2023-08-22 11:49:59,981 [WARN] PackLoader:240 - Cannot read IP mode file for STMicroelectronics.X-CUBE-BLE1.7.0.0
2023-08-22 11:49:59,995 [WARN] PackLoader:240 - Cannot read IP mode file for STMicroelectronics.X-CUBE-TOUCHGFX.4.22.0
2023-08-22 11:50:00,333 [WARN] PackLoader:240 - Cannot read IP mode file for STMicroelectronics.X-CUBE-MEMS1.9.3.0
2023-08-22 11:50:00,979 [WARN] PackLoader:240 - Cannot read IP mode file for STMicroelectronics.X-CUBE-AI.7.2.0
2023-08-22 11:50:01,014 [INFO] LogOutputStream:77 - [STDOUT_REDIRECT] 1 : Invalid condition id : UX_CORESTACK_Condition cause : null
2023-08-22 11:50:01,015 [INFO] LogOutputStream:77 - [STDOUT_REDIRECT] 1 : Invalid condition id : UX_CORESTACK_Condition cause : null
2023-08-22 11:50:01,016 [INFO] LogOutputStream:77 - [STDOUT_REDIRECT] 1 : Invalid condition id : UX_CORESTACK_Condition cause : null
2023-08-22 11:50:01,021 [INFO] LogOutputStream:77 - [STDOUT_REDIRECT] 1 : Invalid condition id : UX_CORESTACK_Condition cause : null
2023-08-22 11:50:01,030 [INFO] LogOutputStream:77 - [STDOUT_REDIRECT] 1 : Invalid condition id : UX_CORESTACK_Condition cause : null
2023-08-22 11:50:01,047 [WARN] PackLoader:240 - Cannot read IP mode file for STMicroelectronics.X-CUBE-AZRTOS-WL.2.0.0
2023-08-22 11:50:01,095 [WARN] PackLoader:240 - Cannot read IP mode file for WES.I-CUBE-Cesium.1.3.0
2023-08-22 11:50:01,126 [WARN] PackLoader:240 - Cannot read IP mode file for STMicroelectronics.X-CUBE-BLE2.3.3.0
2023-08-22 11:50:01,155 [WARN] PackLoader:240 - Cannot read IP mode file for STMicroelectronics.X-CUBE-DISPLAY.2.2.0
2023-08-22 11:50:01,199 [WARN] PackLoader:240 - Cannot read IP mode file for STMicroelectronics.X-CUBE-TOF1.3.2.0
2023-08-22 11:50:01,254 [WARN] PackLoader:240 - Cannot read IP mode file for STMicroelectronics.X-CUBE-ISPU.1.0.0
2023-08-22 11:50:01,362 [WARN] PackLoader:240 - Cannot read IP mode file for STMicroelectronics.X-CUBE-AZRTOS-H7.2.1.0
2023-08-22 11:50:01,390 [WARN] PackLoader:240 - Cannot read IP mode file for STMicroelectronics.X-CUBE-TOUCHGFX.4.21.1
2023-08-22 11:50:01,394 [WARN] PackLoader:240 - Cannot read IP mode file for STMicroelectronics.X-CUBE-TOUCHGFX.4.21.0
2023-08-22 11:50:01,464 [INFO] WebApp:157 - Instantiating new browser for Auth
2023-08-22 11:50:01,499 [WARN] PackLoader:240 - Cannot read IP mode file for STMicroelectronics.X-CUBE-MEMS1.9.4.0
2023-08-22 11:50:01,731 [WARN] PackLoader:240 - Cannot read IP mode file for STMicroelectronics.X-CUBE-AI.7.3.0
2023-08-22 11:50:01,742 [WARN] PackLoader:240 - Cannot read IP mode file for STMicroelectronics.X-CUBE-ALGOBUILD.1.3.0
2023-08-22 11:50:01,786 [WARN] PackLoader:240 - Cannot read IP mode file for STMicroelectronics.X-CUBE-AZRTOS-G0.1.1.0
2023-08-22 11:50:01,809 [WARN] PackLoader:240 - Cannot read IP mode file for STMicroelectronics.X-CUBE-NFC4.3.0.0
2023-08-22 11:50:01,973 [WARN] PackLoader:240 - Cannot read IP mode file for SEGGER.I-CUBE-embOS.1.2.0
2023-08-22 11:50:02,079 [WARN] PackLoader:240 - Cannot read IP mode file for STMicroelectronics.X-CUBE-BLEMGR.1.3.0
2023-08-22 11:50:02,097 [WARN] PackLoader:240 - Cannot read IP mode file for STMicroelectronics.FP-ATR-SIGFOX1.3.2.0
2023-08-22 11:50:02,108 [WARN] PackLoader:240 - Cannot read IP mode file for emotas.I-CUBE-CANOPEN.1.1.2
2023-08-22 11:50:02,113 [WARN] PackLoader:240 - Cannot read IP mode file for STMicroelectronics.X-CUBE-TOUCHGFX.4.20.0
2023-08-22 11:50:02,222 [WARN] PackLoader:240 - Cannot read IP mode file for STMicroelectronics.X-CUBE-MEMS1.9.5.0
2023-08-22 11:50:02,757 [WARN] PackLoader:240 - Cannot read IP mode file for SEGGER.I-CUBE-embOS.1.3.1
2023-08-22 11:50:02,960 [WARN] PackLoader:240 - Cannot read IP mode file for STMicroelectronics.X-CUBE-GNSS1.6.0.0
2023-08-22 11:50:03,021 [WARN] PackLoader:240 - Cannot read IP mode file for STMicroelectronics.X-CUBE-AZRTOS-F4.1.1.0
2023-08-22 11:50:03,072 [WARN] PackLoader:240 - Cannot read IP mode file for STMicroelectronics.X-CUBE-BLEMGR.1.2.0
2023-08-22 11:50:03,172 [WARN] PackLoader:240 - Cannot read IP mode file for STMicroelectronics.X-CUBE-AZRTOS-L5.2.0.0
2023-08-22 11:50:03,331 [WARN] PackLoader:240 - Cannot read IP mode file for STMicroelectronics.X-CUBE-MEMS1.9.6.0
2023-08-22 11:50:03,688 [WARN] PackLoader:240 - Cannot read IP mode file for STMicroelectronics.X-CUBE-BLEMGR.2.0.0
2023-08-22 11:50:03,715 [WARN] PackLoader:240 - Cannot read IP mode file for STMicroelectronics.X-CUBE-NFC4.2.0.5
2023-08-22 11:50:03,725 [WARN] PackLoader:240 - Cannot read IP mode file for STMicroelectronics.X-CUBE-NFC4.2.0.4
2023-08-22 11:50:03,773 [WARN] ConditionMgr:438 - getConditionDescription Invalid condition id : UX DEVICE CLASS RTOS Condition cause : null
2023-08-22 11:50:03,774 [WARN] ConditionMgr:438 - getConditionDescription Invalid condition id : UX DEVICE CLASS RTOS Condition cause : null
2023-08-22 11:50:03,784 [WARN] PackLoader:240 - Cannot read IP mode file for STMicroelectronics.X-CUBE-AZRTOS-H7.3.1.0
2023-08-22 11:50:03,788 [WARN] ConditionMgr:1039 - genDependencies : Invalid condition id : UX DEVICE CLASS RTOS Condition cause : null
2023-08-22 11:50:03,788 [WARN] ConditionMgr:1039 - genDependencies : Invalid condition id : UX DEVICE CLASS RTOS Condition cause : null
2023-08-22 11:50:03,790 [WARN] ConditionMgr:1039 - genDependencies : Invalid condition id : UX DEVICE CLASS RTOS Condition cause : null
2023-08-22 11:50:03,791 [WARN] ConditionMgr:1039 - genDependencies : Invalid condition id : UX DEVICE CLASS RTOS Condition cause : null
2023-08-22 11:50:03,791 [WARN] ConditionMgr:1039 - genDependencies : Invalid condition id : UX DEVICE CLASS RTOS Condition cause : null
2023-08-22 11:50:03,817 [WARN] PackLoader:240 - Cannot read IP mode file for wolfSSL.I-CUBE-wolfSSL.5.5.0
2023-08-22 11:50:03,827 [WARN] PackLoader:240 - Cannot read IP mode file for STMicroelectronics.X-CUBE-NFC7.1.0.1
2023-08-22 11:50:03,840 [WARN] PackLoader:240 - Cannot read IP mode file for STMicroelectronics.X-CUBE-NFC7.1.0.0
2023-08-22 11:50:03,867 [WARN] PackLoader:240 - Cannot read IP mode file for STMicroelectronics.X-CUBE-EEPRMA1.4.1.0
2023-08-22 11:50:03,885 [WARN] PackLoader:240 - Cannot read IP mode file for STMicroelectronics.X-CUBE-AI.8.1.0
2023-08-22 11:50:03,924 [WARN] ConditionMgr:438 - getConditionDescription Invalid condition id : LAN8742 Phy interface Condition cause : null
2023-08-22 11:50:03,926 [WARN] PackLoader:240 - Cannot read IP mode file for STMicroelectronics.X-CUBE-AZRTOS-L4.2.0.0
2023-08-22 11:50:03,928 [WARN] ConditionMgr:1039 - genDependencies : Invalid condition id : LAN8742 Phy interface Condition cause : null
2023-08-22 11:50:03,929 [WARN] ConditionMgr:1039 - genDependencies : Invalid condition id : LAN8742 Phy interface Condition cause : null
2023-08-22 11:50:03,931 [WARN] ConditionMgr:1039 - genDependencies : Invalid condition id : LAN8742 Phy interface Condition cause : null
2023-08-22 11:50:03,943 [WARN] PackLoader:240 - Cannot read IP mode file for STMicroelectronics.X-CUBE-SFXS2LP1.4.0.0
2023-08-22 11:50:03,968 [WARN] PackLoader:240 - Cannot read IP mode file for STMicroelectronics.X-CUBE-AZRTOS-H7.3.0.0
2023-08-22 11:50:03,994 [WARN] PackLoader:240 - Cannot read IP mode file for STMicroelectronics.X-CUBE-ISPU.1.1.0
2023-08-22 11:50:04,013 [WARN] PackLoader:240 - Cannot read IP mode file for RoweBots.I-CUBE-UNISONRTOS.5.5.0-4
2023-08-22 11:50:04,028 [WARN] PackLoader:240 - Cannot read IP mode file for STMicroelectronics.X-CUBE-AI.8.0.0
2023-08-22 11:50:04,071 [WARN] ConditionMgr:438 - getConditionDescription Invalid condition id : UX DEVICE CLASS RTOS Condition cause : null
2023-08-22 11:50:04,072 [WARN] ConditionMgr:438 - getConditionDescription Invalid condition id : UX DEVICE CLASS RTOS Condition cause : null
2023-08-22 11:50:04,081 [WARN] PackLoader:240 - Cannot read IP mode file for STMicroelectronics.X-CUBE-AZRTOS-WB.2.0.0
2023-08-22 11:50:04,082 [WARN] ConditionMgr:1039 - genDependencies : Invalid condition id : UX DEVICE CLASS RTOS Condition cause : null
2023-08-22 11:50:04,082 [WARN] ConditionMgr:1039 - genDependencies : Invalid condition id : UX DEVICE CLASS RTOS Condition cause : null
2023-08-22 11:50:04,083 [WARN] ConditionMgr:1039 - genDependencies : Invalid condition id : UX DEVICE CLASS RTOS Condition cause : null
2023-08-22 11:50:04,083 [WARN] ConditionMgr:1039 - genDependencies : Invalid condition id : UX DEVICE CLASS RTOS Condition cause : null
2023-08-22 11:50:04,084 [WARN] ConditionMgr:1039 - genDependencies : Invalid condition id : UX DEVICE CLASS RTOS Condition cause : null
2023-08-22 11:50:04,097 [WARN] PackLoader:240 - Cannot read IP mode file for STMicroelectronics.X-CUBE-FREERTOS.1.0.1
2023-08-22 11:50:04,114 [WARN] PackLoader:240 - Cannot read IP mode file for STMicroelectronics.X-CUBE-BLEMGR.1.0.0
2023-08-22 11:50:04,169 [WARN] PackLoader:240 - Cannot read IP mode file for STMicroelectronics.X-CUBE-AZRTOS-L5.1.1.0
2023-08-22 11:50:04,223 [WARN] PackLoader:240 - Cannot read IP mode file for STMicroelectronics.X-CUBE-SUBG2.5.0.0
2023-08-22 11:50:04,272 [WARN] PackLoader:240 - Cannot read IP mode file for STMicroelectronics.X-CUBE-TOF1.3.3.1
2023-08-22 11:50:04,394 [WARN] PackLoader:240 - Cannot read IP mode file for STMicroelectronics.X-CUBE-AZRTOS-G4.2.0.0
2023-08-22 11:50:04,406 [WARN] PackLoader:240 - Cannot read IP mode file for STMicroelectronics.FP-ATR-ASTRA1.1.1.1
2023-08-22 11:50:04,448 [WARN] PackLoader:240 - Cannot read IP mode file for STMicroelectronics.X-CUBE-AZRTOS-G4.1.0.0
2023-08-22 11:50:04,477 [INFO] WebApp:753 - Register for checkConnection events
2023-08-22 11:50:04,479 [INFO] WebApp:390 - Apply proxy settings
2023-08-22 11:50:04,479 [INFO] WebApp:475 - Chromium requires no authentication
2023-08-22 11:50:04,485 [WARN] PackLoader:240 - Cannot read IP mode file for STMicroelectronics.X-CUBE-AZRTOS-L4.1.0.0
2023-08-22 11:50:04,509 [INFO] WebApp:418 - Direct internet connection detected
2023-08-22 11:50:04,520 [WARN] PackLoader:240 - Cannot read IP mode file for STMicroelectronics.X-CUBE-AZRTOS-WL.1.0.0
2023-08-22 11:50:04,546 [WARN] PackLoader:240 - Cannot read IP mode file for portGmbH.I-Cube-SoM-uGOAL.1.1.0
2023-08-22 11:50:04,557 [WARN] PackLoader:240 - Cannot read IP mode file for STMicroelectronics.X-CUBE-ALS.1.0.1
2023-08-22 11:50:04,578 [WARN] PackLoader:240 - Cannot read IP mode file for STMicroelectronics.X-CUBE-AZRTOS-WB.1.1.0
2023-08-22 11:50:04,616 [WARN] PackLoader:240 - Cannot read IP mode file for STMicroelectronics.X-CUBE-AZRTOS-L5.1.0.0
2023-08-22 11:50:04,629 [WARN] PackLoader:240 - Cannot read IP mode file for STMicroelectronics.X-CUBE-EEPRMA1.3.1.1
2023-08-22 11:50:04,645 [WARN] PackLoader:240 - Cannot read IP mode file for STMicroelectronics.FP-ATR-ASTRA1.2.0.0
2023-08-22 11:50:04,646 [INFO] ThirdParty:978 - Integrity check success = true
2023-08-22 11:50:04,647 [INFO] IntegrityCheckThread:100 - exiting critical section [integrity check]
2023-08-22 11:50:04,647 [INFO] IntegrityCheckThread:103 - End integrity checks thread
2023-08-22 11:50:04,998 [INFO] WebApp:188 - Starting web application
2023-08-22 11:50:04,998 [INFO] WebApp:520 - Web application path used /home/nilo/st/stm32cubeide_1.13.1/plugins/com.st.stm32cube.common.mx_6.9.1.202307191849/db/plugins/mcufinder/reactClient1/index.html
2023-08-22 12:10:02,956 [ERROR] LogOutputStream:75 - [STDERR_REDIRECT] 
2023-08-22 14:20:17,298 [INFO] Activator:176 - 


2023-08-22 14:20:17,300 [INFO] Activator:177 - !SESSION log4j initialized
2023-08-22 14:20:25,520 [INFO] LogOutputStream:77 - [STDOUT_REDIRECT] 
2023-08-22 14:20:27,382 [INFO] ApplicationProperties:184 - Using Application install path: /home/nilo/st/stm32cubeide_1.13.1/plugins/com.st.stm32cube.common.mx_6.9.1.202307191849
2023-08-22 14:20:27,423 [INFO] DbMcusXml:78 - Set database path to: /home/nilo/st/stm32cubeide_1.13.1/plugins/com.st.stm32cube.common.mx_6.9.1.202307191849//db//mcu/
2023-08-22 14:20:27,424 [INFO] ApiDb:274 - Set plugin database path to: /home/nilo/st/stm32cubeide_1.13.1/plugins/com.st.stm32cube.common.mx_6.9.1.202307191849//db//plugins/boardmanager/
2023-08-22 14:20:27,425 [WARN] ApiDb:259 - Overriding images path with different value:  => /home/nilo/st/stm32cubeide_1.13.1/plugins/com.st.stm32cube.common.mx_6.9.1.202307191849//db//plugins/mcufinder/images/
2023-08-22 14:20:27,449 [INFO] ApiDb:250 - Set database path to: /home/nilo/.stmcufinder/plugins/mcufinder//mcu/
2023-08-22 14:20:27,451 [INFO] DbMcusAds:125 - Set database path to: /home/nilo/.stmcufinder/plugins/mcufinder//mcu/
2023-08-22 14:20:27,460 [INFO] CrossReferenceDbSqlite:203 - Set database path to: /home/nilo/.stmcufinder/plugins/mcufinder//mcu/cs/
2023-08-22 14:20:27,757 [INFO] RulesReader:64 - Compatibility file has been processed (293 Rules)
2023-08-22 14:20:28,115 [INFO] DbMcusXml:78 - Set database path to: /home/nilo/st/stm32cubeide_1.13.1/plugins/com.st.stm32cube.common.mx_6.9.1.202307191849//db//mcu/
2023-08-22 14:20:28,115 [INFO] ApiDb:274 - Set plugin database path to: /home/nilo/st/stm32cubeide_1.13.1/plugins/com.st.stm32cube.common.mx_6.9.1.202307191849//db//plugins/boardmanager/
2023-08-22 14:20:28,116 [INFO] ApiDb:261 - Set plugin images path to: /home/nilo/st/stm32cubeide_1.13.1/plugins/com.st.stm32cube.common.mx_6.9.1.202307191849//db//plugins/mcufinder/images/
2023-08-22 14:20:28,116 [WARN] DbFile:41 - Overriding database path with different value: /home/nilo/.stmcufinder/plugins/mcufinder/ => /home/nilo/.stmcufinder/plugins/mcufinder
2023-08-22 14:20:28,117 [INFO] ApiDb:250 - Set database path to: /home/nilo/.stmcufinder/plugins/mcufinder//mcu/
2023-08-22 14:20:28,117 [WARN] DbFile:41 - Overriding database path with different value: /home/nilo/.stmcufinder/plugins/mcufinder/ => /home/nilo/.stmcufinder/plugins/mcufinder
2023-08-22 14:20:28,117 [INFO] DbMcusAds:125 - Set database path to: /home/nilo/.stmcufinder/plugins/mcufinder//mcu/
2023-08-22 14:20:28,117 [WARN] DbFile:41 - Overriding database path with different value: /home/nilo/.stmcufinder/plugins/mcufinder/ => /home/nilo/.stmcufinder/plugins/mcufinder
2023-08-22 14:20:28,117 [WARN] DbFile:41 - Overriding database path with different value: /home/nilo/.stmcufinder/plugins/mcufinder/ => /home/nilo/.stmcufinder/plugins/mcufinder
2023-08-22 14:20:28,118 [INFO] CrossReferenceDbSqlite:203 - Set database path to: /home/nilo/.stmcufinder/plugins/mcufinder//mcu/cs/
2023-08-22 14:20:28,256 [INFO] MainPanel:262 - HeapMemory: 268435456
2023-08-22 14:20:28,440 [INFO] DbMcusXml:78 - Set database path to: /home/nilo/st/stm32cubeide_1.13.1/plugins/com.st.stm32cube.common.mx_6.9.1.202307191849//db//mcu/
2023-08-22 14:20:28,441 [INFO] ApiDb:274 - Set plugin database path to: /home/nilo/st/stm32cubeide_1.13.1/plugins/com.st.stm32cube.common.mx_6.9.1.202307191849//db//plugins/boardmanager/
2023-08-22 14:20:28,441 [INFO] ApiDb:261 - Set plugin images path to: /home/nilo/st/stm32cubeide_1.13.1/plugins/com.st.stm32cube.common.mx_6.9.1.202307191849//db//plugins/mcufinder/images/
2023-08-22 14:20:28,442 [WARN] DbFile:41 - Overriding database path with different value: /home/nilo/.stmcufinder/plugins/mcufinder/ => /home/nilo/.stmcufinder/plugins/mcufinder
2023-08-22 14:20:28,442 [INFO] ApiDb:250 - Set database path to: /home/nilo/.stmcufinder/plugins/mcufinder//mcu/
2023-08-22 14:20:28,442 [WARN] DbFile:41 - Overriding database path with different value: /home/nilo/.stmcufinder/plugins/mcufinder/ => /home/nilo/.stmcufinder/plugins/mcufinder
2023-08-22 14:20:28,442 [INFO] DbMcusAds:125 - Set database path to: /home/nilo/.stmcufinder/plugins/mcufinder//mcu/
2023-08-22 14:20:28,443 [WARN] DbFile:41 - Overriding database path with different value: /home/nilo/.stmcufinder/plugins/mcufinder/ => /home/nilo/.stmcufinder/plugins/mcufinder
2023-08-22 14:20:28,443 [WARN] DbFile:41 - Overriding database path with different value: /home/nilo/.stmcufinder/plugins/mcufinder/ => /home/nilo/.stmcufinder/plugins/mcufinder
2023-08-22 14:20:28,443 [INFO] CrossReferenceDbSqlite:203 - Set database path to: /home/nilo/.stmcufinder/plugins/mcufinder//mcu/cs/
2023-08-22 14:20:28,472 [INFO] ApplicationProperties:184 - Using Application install path: /home/nilo/st/stm32cubeide_1.13.1/plugins/com.st.stm32cube.common.mx_6.9.1.202307191849
2023-08-22 14:20:28,475 [INFO] PluginManage:196 - Search for loadable plugins [exclusion list=, ]
2023-08-22 14:20:28,478 [INFO] PluginManage:310 - Check plugin analytics
2023-08-22 14:20:28,950 [INFO] AnalyticsPlugin:253 - Accepted Software Licenses: 
2023-08-22 14:20:28,950 [INFO] AnalyticsPlugin:255 - Accepted CMSIS Pack Licenses: 
2023-08-22 14:20:28,951 [INFO] AnalyticsPlugin:257 - Accepted Firmware Licenses: 
2023-08-22 14:20:28,964 [INFO] PluginManage:359 - Loaded plugin analytics (category:tool,tabindex:-1)
2023-08-22 14:20:28,967 [INFO] PluginManage:310 - Check plugin cadmodel
2023-08-22 14:20:28,980 [INFO] CADModel:105 - Init CAD model plugin
2023-08-22 14:20:28,981 [INFO] PluginManage:359 - Loaded plugin cadmodel (category:power,tabindex:5)
2023-08-22 14:20:28,981 [INFO] PluginManage:310 - Check plugin clock
2023-08-22 14:20:29,021 [INFO] PluginManage:359 - Loaded plugin clock (category:base,tabindex:2)
2023-08-22 14:20:29,021 [INFO] PluginManage:310 - Check plugin ddr
2023-08-22 14:20:29,028 [INFO] PluginManage:359 - Loaded plugin ddr (category:tool,tabindex:6)
2023-08-22 14:20:29,028 [INFO] PluginManage:310 - Check plugin filemanager
2023-08-22 14:20:29,324 [INFO] PluginManage:359 - Loaded plugin filemanager (category:base,tabindex:10)
2023-08-22 14:20:29,324 [INFO] PluginManage:310 - Check plugin ipmanager
2023-08-22 14:20:29,336 [INFO] PluginManage:359 - Loaded plugin ipmanager (category:base,tabindex:5)
2023-08-22 14:20:29,336 [INFO] PluginManage:310 - Check plugin lpbam
2023-08-22 14:20:29,357 [INFO] PluginManage:359 - Loaded plugin lpbam (category:base,tabindex:0)
2023-08-22 14:20:29,358 [INFO] PluginManage:310 - Check plugin memorymap
2023-08-22 14:20:29,408 [INFO] PluginManage:359 - Loaded plugin memorymap (category:base,tabindex:4)
2023-08-22 14:20:29,409 [INFO] PluginManage:310 - Check plugin pinoutandconfiguration
2023-08-22 14:20:29,425 [INFO] PluginManage:359 - Loaded plugin pinoutandconfiguration (category:base,tabindex:1)
2023-08-22 14:20:29,425 [INFO] PluginManage:310 - Check plugin pinoutconfig
2023-08-22 14:20:29,636 [WARN] SupportedApi:132 - Cannot load RTOS API schema: s4s-elt-must-match.1: The content of 'definitions' must match (annotation?, (simpleType | complexType)?, (unique | key | keyref)*)). A problem was found starting at: attribute.
2023-08-22 14:20:29,939 [INFO] PluginManage:359 - Loaded plugin pinoutconfig (category:base,tabindex:0)
2023-08-22 14:20:29,940 [INFO] PluginManage:310 - Check plugin power
2023-08-22 14:20:29,975 [INFO] PluginManage:359 - Loaded plugin power (category:power,tabindex:4)
2023-08-22 14:20:29,975 [INFO] PluginManage:310 - Check plugin projectmanager
2023-08-22 14:20:30,018 [INFO] PluginManage:359 - Loaded plugin projectmanager (category:projectmanager,tabindex:3)
2023-08-22 14:20:30,018 [INFO] PluginManage:310 - Check plugin thirdparty
2023-08-22 14:20:30,367 [INFO] PluginManage:359 - Loaded plugin thirdparty (category:base,tabindex:-1)
2023-08-22 14:20:30,367 [INFO] PluginManage:310 - Check plugin tools
2023-08-22 14:20:30,367 [WARN] IntegrityCheckThread:84 - waiting for thirdparty lock release [integrity check]
2023-08-22 14:20:30,368 [INFO] IntegrityCheckThread:86 - entering critical section [integrity check]
2023-08-22 14:20:30,368 [INFO] ThirdPartyUpdaterWithRetryManager:70 - Updater plugin not ready yet. [1/15]
2023-08-22 14:20:30,377 [INFO] PluginManage:359 - Loaded plugin tools (category:base,tabindex:7)
2023-08-22 14:20:30,378 [INFO] PluginManage:310 - Check plugin tutovideos
2023-08-22 14:20:31,201 [INFO] PluginManage:359 - Loaded plugin tutovideos (category:base,tabindex:-1)
2023-08-22 14:20:31,204 [INFO] PluginManage:310 - Check plugin updater
2023-08-22 14:20:31,245 [INFO] PluginManage:359 - Loaded plugin updater (category:base,tabindex:12)
2023-08-22 14:20:31,246 [INFO] PluginManage:310 - Check plugin userauth
2023-08-22 14:20:31,273 [INFO] UserAuth:113 - Init User Auth plugin
2023-08-22 14:20:31,274 [INFO] PluginManage:359 - Loaded plugin userauth (category:base,tabindex:14)
2023-08-22 14:20:31,276 [INFO] PluginManage:283 - PluginManage : Loaded plugins [17]
2023-08-22 14:20:31,793 [INFO] PinOutPanel:1499 - setPackage(No Configuration,No Configuration)
2023-08-22 14:20:31,948 [INFO] CADModel:165 - CPN selected for project level
2023-08-22 14:20:31,949 [INFO] CADModel:114 - Register for checkConnection events
2023-08-22 14:20:31,963 [INFO] IPUIPlugin:80 - create IPUIPlugin
2023-08-22 14:20:31,963 [INFO] PluginManager:220 - loadIPPluginJar : add quadspi
2023-08-22 14:20:31,965 [INFO] IPUIPlugin:80 - create IPUIPlugin
2023-08-22 14:20:31,966 [INFO] PluginManager:220 - loadIPPluginJar : add tsc
2023-08-22 14:20:31,969 [INFO] IPUIPlugin:80 - create IPUIPlugin
2023-08-22 14:20:31,969 [INFO] PluginManager:220 - loadIPPluginJar : add genericplugin
2023-08-22 14:20:31,977 [INFO] IPUIPlugin:80 - create IPUIPlugin
2023-08-22 14:20:31,977 [INFO] PluginManager:220 - loadIPPluginJar : add i3c
2023-08-22 14:20:31,980 [INFO] IPUIPlugin:80 - create IPUIPlugin
2023-08-22 14:20:31,981 [INFO] PluginManager:220 - loadIPPluginJar : add lorawan
2023-08-22 14:20:31,986 [INFO] IPUIPlugin:80 - create IPUIPlugin
2023-08-22 14:20:31,986 [INFO] PluginManager:220 - loadIPPluginJar : add touchsensing
2023-08-22 14:20:31,995 [INFO] IPUIPlugin:80 - create IPUIPlugin
2023-08-22 14:20:31,996 [INFO] PluginManager:220 - loadIPPluginJar : add dma
2023-08-22 14:20:32,005 [INFO] IPUIPlugin:80 - create IPUIPlugin
2023-08-22 14:20:32,006 [INFO] PluginManager:220 - loadIPPluginJar : add fmc
2023-08-22 14:20:32,011 [INFO] IPUIPlugin:80 - create IPUIPlugin
2023-08-22 14:20:32,013 [INFO] PluginManager:220 - loadIPPluginJar : add spi
2023-08-22 14:20:32,019 [INFO] IPUIPlugin:80 - create IPUIPlugin
2023-08-22 14:20:32,019 [INFO] PluginManager:220 - loadIPPluginJar : add usart
2023-08-22 14:20:32,022 [INFO] IPUIPlugin:80 - create IPUIPlugin
2023-08-22 14:20:32,022 [INFO] PluginManager:220 - loadIPPluginJar : add ts
2023-08-22 14:20:32,033 [INFO] IPUIPlugin:80 - create IPUIPlugin
2023-08-22 14:20:32,038 [INFO] PluginManager:220 - loadIPPluginJar : add plateformsettings
2023-08-22 14:20:32,042 [INFO] IPUIPlugin:80 - create IPUIPlugin
2023-08-22 14:20:32,045 [INFO] PluginManager:220 - loadIPPluginJar : add can
2023-08-22 14:20:32,053 [INFO] IPUIPlugin:80 - create IPUIPlugin
2023-08-22 14:20:32,053 [INFO] PluginManager:220 - loadIPPluginJar : add opamp
2023-08-22 14:20:32,059 [INFO] IPUIPlugin:80 - create IPUIPlugin
2023-08-22 14:20:32,059 [INFO] PluginManager:220 - loadIPPluginJar : add gfxmmu
2023-08-22 14:20:32,062 [INFO] IPUIPlugin:80 - create IPUIPlugin
2023-08-22 14:20:32,062 [INFO] PluginManager:220 - loadIPPluginJar : add comp
2023-08-22 14:20:32,066 [INFO] IPUIPlugin:80 - create IPUIPlugin
2023-08-22 14:20:32,066 [INFO] PluginManager:220 - loadIPPluginJar : add dfsdm
2023-08-22 14:20:32,070 [INFO] IPUIPlugin:80 - create IPUIPlugin
2023-08-22 14:20:32,070 [INFO] PluginManager:220 - loadIPPluginJar : add usbx
2023-08-22 14:20:32,075 [INFO] IPUIPlugin:80 - create IPUIPlugin
2023-08-22 14:20:32,075 [INFO] PluginManager:220 - loadIPPluginJar : add pdm2pcm
2023-08-22 14:20:32,086 [INFO] IPUIPlugin:80 - create IPUIPlugin
2023-08-22 14:20:32,087 [INFO] PluginManager:220 - loadIPPluginJar : add gpio
2023-08-22 14:20:32,091 [INFO] IPUIPlugin:80 - create IPUIPlugin
2023-08-22 14:20:32,092 [INFO] PluginManager:220 - loadIPPluginJar : add openamp
2023-08-22 14:20:32,095 [INFO] IPUIPlugin:80 - create IPUIPlugin
2023-08-22 14:20:32,096 [INFO] PluginManager:220 - loadIPPluginJar : add aes
2023-08-22 14:20:32,099 [INFO] IPUIPlugin:80 - create IPUIPlugin
2023-08-22 14:20:32,099 [INFO] PluginManager:220 - loadIPPluginJar : add hash
2023-08-22 14:20:32,103 [INFO] IPUIPlugin:80 - create IPUIPlugin
2023-08-22 14:20:32,104 [INFO] PluginManager:220 - loadIPPluginJar : add i2s
2023-08-22 14:20:32,107 [INFO] IPUIPlugin:80 - create IPUIPlugin
2023-08-22 14:20:32,107 [INFO] PluginManager:220 - loadIPPluginJar : add tracer_emb
2023-08-22 14:20:32,119 [INFO] IPUIPlugin:80 - create IPUIPlugin
2023-08-22 14:20:32,119 [INFO] PluginManager:220 - loadIPPluginJar : add adc
2023-08-22 14:20:32,129 [INFO] IPUIPlugin:80 - create IPUIPlugin
2023-08-22 14:20:32,130 [INFO] PluginManager:220 - loadIPPluginJar : add freertos
2023-08-22 14:20:32,133 [INFO] IPUIPlugin:80 - create IPUIPlugin
2023-08-22 14:20:32,133 [INFO] PluginManager:220 - loadIPPluginJar : add ucpd
2023-08-22 14:20:32,139 [INFO] IPUIPlugin:80 - create IPUIPlugin
2023-08-22 14:20:32,139 [INFO] PluginManager:220 - loadIPPluginJar : add ipddr
2023-08-22 14:20:32,142 [INFO] IPUIPlugin:80 - create IPUIPlugin
2023-08-22 14:20:32,142 [INFO] PluginManager:220 - loadIPPluginJar : add tim
2023-08-22 14:20:32,150 [INFO] IPUIPlugin:80 - create IPUIPlugin
2023-08-22 14:20:32,150 [INFO] PluginManager:220 - loadIPPluginJar : add resmgrutility
2023-08-22 14:20:32,154 [INFO] IPUIPlugin:80 - create IPUIPlugin
2023-08-22 14:20:32,154 [INFO] PluginManager:220 - loadIPPluginJar : add gtzc
2023-08-22 14:20:32,166 [INFO] IPUIPlugin:80 - create IPUIPlugin
2023-08-22 14:20:32,166 [INFO] PluginManager:220 - loadIPPluginJar : add gic
2023-08-22 14:20:32,180 [INFO] IPUIPlugin:80 - create IPUIPlugin
2023-08-22 14:20:32,181 [INFO] PluginManager:220 - loadIPPluginJar : add linkedlist
2023-08-22 14:20:32,185 [INFO] IPUIPlugin:80 - create IPUIPlugin
2023-08-22 14:20:32,186 [INFO] PluginManager:220 - loadIPPluginJar : add dma3
2023-08-22 14:20:32,191 [INFO] IPUIPlugin:80 - create IPUIPlugin
2023-08-22 14:20:32,191 [INFO] PluginManager:220 - loadIPPluginJar : add sai
2023-08-22 14:20:32,194 [INFO] IPUIPlugin:80 - create IPUIPlugin
2023-08-22 14:20:32,194 [INFO] PluginManager:220 - loadIPPluginJar : add ltdc
2023-08-22 14:20:32,197 [INFO] IPUIPlugin:80 - create IPUIPlugin
2023-08-22 14:20:32,198 [INFO] PluginManager:220 - loadIPPluginJar : add fatfs
2023-08-22 14:20:32,202 [INFO] IPUIPlugin:80 - create IPUIPlugin
2023-08-22 14:20:32,202 [INFO] PluginManager:220 - loadIPPluginJar : add i2c
2023-08-22 14:20:32,222 [INFO] IPUIPlugin:80 - create IPUIPlugin
2023-08-22 14:20:32,222 [INFO] PluginManager:220 - loadIPPluginJar : add mdma
2023-08-22 14:20:32,231 [INFO] IPUIPlugin:80 - create IPUIPlugin
2023-08-22 14:20:32,232 [INFO] PluginManager:220 - loadIPPluginJar : add stm32_wpan
2023-08-22 14:20:32,236 [INFO] IPUIPlugin:80 - create IPUIPlugin
2023-08-22 14:20:32,236 [INFO] PluginManager:220 - loadIPPluginJar : add cryp
2023-08-22 14:20:32,242 [INFO] IPUIPlugin:80 - create IPUIPlugin
2023-08-22 14:20:32,243 [INFO] PluginManager:220 - loadIPPluginJar : add nvic
2023-08-22 14:20:32,382 [INFO] CADModel:165 - CPN selected for project level
2023-08-22 14:20:32,383 [INFO] CADModel:114 - Register for checkConnection events
2023-08-22 14:20:32,383 [FATAL] Updater:308 - Updater called before beeing initialized
2023-08-22 14:20:32,383 [ERROR] CADModel:125 - Updater not yet initialized, retry later 
2023-08-22 14:20:32,636 [INFO] CADModel:165 - CPN selected for project level
2023-08-22 14:20:32,636 [INFO] CADModel:114 - Register for checkConnection events
2023-08-22 14:20:32,637 [FATAL] Updater:308 - Updater called before beeing initialized
2023-08-22 14:20:32,637 [ERROR] CADModel:125 - Updater not yet initialized, retry later 
2023-08-22 14:20:32,642 [FATAL] Updater:308 - Updater called before beeing initialized
2023-08-22 14:20:32,813 [FATAL] Updater:308 - Updater called before beeing initialized
2023-08-22 14:20:32,824 [INFO] DbMcusAds:53 - JSON generation date=Thu Sep 30 03:55:09 BRT 2021 (1632984909247)
2023-08-22 14:20:32,824 [FATAL] Updater:308 - Updater called before beeing initialized
2023-08-22 14:20:32,879 [WARN] DetailPanel:346 - Failed to get advertising image, set to default
2023-08-22 14:20:33,012 [FATAL] Updater:308 - Updater called before beeing initialized
2023-08-22 14:20:33,017 [FATAL] Updater:308 - Updater called before beeing initialized
2023-08-22 14:20:33,017 [FATAL] Updater:308 - Updater called before beeing initialized
2023-08-22 14:20:33,017 [WARN] DetailPanel:346 - Failed to get advertising image, set to default
2023-08-22 14:20:33,020 [FATAL] Updater:308 - Updater called before beeing initialized
2023-08-22 14:20:33,072 [ERROR] Updater:1120 - MainUpdater not yet initialized. External WinMGr cannot be set.
2023-08-22 14:20:33,075 [INFO] Updater:1056 - Updater Version found : 6.9.1
2023-08-22 14:20:33,102 [INFO] ApplicationProperties:184 - Using Application install path: /home/nilo/st/stm32cubeide_1.13.1/plugins/com.st.stm32cube.common.mx_6.9.1.202307191849
2023-08-22 14:20:33,316 [INFO] MainUpdater:2868 - connection check result : 10
2023-08-22 14:20:33,319 [INFO] MainUpdater:285 - Updater Check For Update Now.
2023-08-22 14:20:33,320 [INFO] MicroXplorer:498 - Change Database Version : DB.6.0.91
2023-08-22 14:20:33,338 [INFO] McuFinderGlobals:63 - Set McuFinder mode to 2 (CubeIDE integrated)
2023-08-22 14:20:33,338 [INFO] UserAuth:179 - activating auth plugin
2023-08-22 14:20:33,342 [INFO] UserAuth:393 - Internet connection configuration mode: 1
2023-08-22 14:20:33,362 [INFO] JxBrowserEngine:151 - Initiate JxBrowser Engine with user profile folder
2023-08-22 14:20:33,369 [WARN] MainUpdater:1189 - Updater busy. Cannot search thirdparties
2023-08-22 14:20:33,370 [INFO] ThirdPartyUpdaterWithRetryManager:96 - Updater plugin is busy. [1/15]
2023-08-22 14:20:33,643 [INFO] CheckServerUpdateThread:120 - End of CheckServer Thread
2023-08-22 14:20:34,469 [INFO] WebApp:157 - Instantiating new browser for Auth
2023-08-22 14:20:35,460 [INFO] WebApp:753 - Register for checkConnection events
2023-08-22 14:20:35,460 [INFO] WebApp:390 - Apply proxy settings
2023-08-22 14:20:35,460 [INFO] WebApp:475 - Chromium requires no authentication
2023-08-22 14:20:35,471 [INFO] WebApp:418 - Direct internet connection detected
2023-08-22 14:20:35,691 [INFO] WebApp:188 - Starting web application
2023-08-22 14:20:35,691 [INFO] WebApp:520 - Web application path used /home/nilo/st/stm32cubeide_1.13.1/plugins/com.st.stm32cube.common.mx_6.9.1.202307191849/db/plugins/mcufinder/reactClient1/index.html
2023-08-22 14:20:36,552 [WARN] PackLoader:240 - Cannot read IP mode file for STMicroelectronics.X-CUBE-SMBUS.2.1.0
2023-08-22 14:20:36,600 [WARN] PackLoader:240 - Cannot read IP mode file for STMicroelectronics.X-CUBE-AZRTOS-F7.1.1.0
2023-08-22 14:20:36,616 [WARN] PackLoader:240 - Cannot read IP mode file for STMicroelectronics.FP-SNS-MOTENV1.4.3.2
2023-08-22 14:20:36,629 [WARN] PackLoader:240 - Cannot read IP mode file for STMicroelectronics.X-CUBE-BLE1.6.2.3
2023-08-22 14:20:36,636 [WARN] PackLoader:240 - Cannot read IP mode file for STMicroelectronics.X-CUBE-BLE1.6.2.4
2023-08-22 14:20:36,642 [WARN] PackLoader:240 - Cannot read IP mode file for STMicroelectronics.FP-SNS-FLIGHT1.5.0.2
2023-08-22 14:20:36,660 [WARN] PackLoader:240 - Cannot read IP mode file for STMicroelectronics.X-CUBE-TOF1.3.1.0
2023-08-22 14:20:36,679 [WARN] PackLoader:240 - Cannot read IP mode file for STMicroelectronics.X-CUBE-DISPLAY.3.0.0
2023-08-22 14:20:36,692 [WARN] PackLoader:240 - Cannot read IP mode file for STMicroelectronics.X-CUBE-BLE1.7.0.0
2023-08-22 14:20:36,698 [WARN] PackLoader:240 - Cannot read IP mode file for STMicroelectronics.X-CUBE-TOUCHGFX.4.22.0
2023-08-22 14:20:36,797 [WARN] PackLoader:240 - Cannot read IP mode file for STMicroelectronics.X-CUBE-MEMS1.9.3.0
2023-08-22 14:20:37,059 [WARN] PackLoader:240 - Cannot read IP mode file for STMicroelectronics.X-CUBE-AI.7.2.0
2023-08-22 14:20:37,070 [INFO] LogOutputStream:77 - [STDOUT_REDIRECT] 1 : Invalid condition id : UX_CORESTACK_Condition cause : null
2023-08-22 14:20:37,071 [INFO] LogOutputStream:77 - [STDOUT_REDIRECT] 1 : Invalid condition id : UX_CORESTACK_Condition cause : null
2023-08-22 14:20:37,071 [INFO] LogOutputStream:77 - [STDOUT_REDIRECT] 1 : Invalid condition id : UX_CORESTACK_Condition cause : null
2023-08-22 14:20:37,071 [INFO] LogOutputStream:77 - [STDOUT_REDIRECT] 1 : Invalid condition id : UX_CORESTACK_Condition cause : null
2023-08-22 14:20:37,072 [INFO] LogOutputStream:77 - [STDOUT_REDIRECT] 1 : Invalid condition id : UX_CORESTACK_Condition cause : null
2023-08-22 14:20:37,075 [WARN] PackLoader:240 - Cannot read IP mode file for STMicroelectronics.X-CUBE-AZRTOS-WL.2.0.0
2023-08-22 14:20:37,084 [WARN] PackLoader:240 - Cannot read IP mode file for WES.I-CUBE-Cesium.1.3.0
2023-08-22 14:20:37,089 [WARN] PackLoader:240 - Cannot read IP mode file for STMicroelectronics.X-CUBE-BLE2.3.3.0
2023-08-22 14:20:37,097 [WARN] PackLoader:240 - Cannot read IP mode file for STMicroelectronics.X-CUBE-DISPLAY.2.2.0
2023-08-22 14:20:37,113 [WARN] PackLoader:240 - Cannot read IP mode file for STMicroelectronics.X-CUBE-TOF1.3.2.0
2023-08-22 14:20:37,135 [WARN] PackLoader:240 - Cannot read IP mode file for STMicroelectronics.X-CUBE-ISPU.1.0.0
2023-08-22 14:20:37,158 [WARN] PackLoader:240 - Cannot read IP mode file for STMicroelectronics.X-CUBE-AZRTOS-H7.2.1.0
2023-08-22 14:20:37,165 [WARN] PackLoader:240 - Cannot read IP mode file for STMicroelectronics.X-CUBE-TOUCHGFX.4.21.1
2023-08-22 14:20:37,169 [WARN] PackLoader:240 - Cannot read IP mode file for STMicroelectronics.X-CUBE-TOUCHGFX.4.21.0
2023-08-22 14:20:37,218 [WARN] PackLoader:240 - Cannot read IP mode file for STMicroelectronics.X-CUBE-MEMS1.9.4.0
2023-08-22 14:20:37,410 [WARN] PackLoader:240 - Cannot read IP mode file for STMicroelectronics.X-CUBE-AI.7.3.0
2023-08-22 14:20:37,430 [WARN] PackLoader:240 - Cannot read IP mode file for STMicroelectronics.X-CUBE-ALGOBUILD.1.3.0
2023-08-22 14:20:37,451 [WARN] PackLoader:240 - Cannot read IP mode file for STMicroelectronics.X-CUBE-AZRTOS-G0.1.1.0
2023-08-22 14:20:37,460 [WARN] PackLoader:240 - Cannot read IP mode file for STMicroelectronics.X-CUBE-NFC4.3.0.0
2023-08-22 14:20:37,517 [WARN] PackLoader:240 - Cannot read IP mode file for SEGGER.I-CUBE-embOS.1.2.0
2023-08-22 14:20:37,591 [WARN] PackLoader:240 - Cannot read IP mode file for STMicroelectronics.X-CUBE-BLEMGR.1.3.0
2023-08-22 14:20:37,597 [WARN] PackLoader:240 - Cannot read IP mode file for STMicroelectronics.FP-ATR-SIGFOX1.3.2.0
2023-08-22 14:20:37,605 [WARN] PackLoader:240 - Cannot read IP mode file for emotas.I-CUBE-CANOPEN.1.1.2
2023-08-22 14:20:37,609 [WARN] PackLoader:240 - Cannot read IP mode file for STMicroelectronics.X-CUBE-TOUCHGFX.4.20.0
2023-08-22 14:20:37,682 [WARN] PackLoader:240 - Cannot read IP mode file for STMicroelectronics.X-CUBE-MEMS1.9.5.0
2023-08-22 14:20:38,198 [WARN] PackLoader:240 - Cannot read IP mode file for SEGGER.I-CUBE-embOS.1.3.1
2023-08-22 14:20:38,264 [WARN] PackLoader:240 - Cannot read IP mode file for STMicroelectronics.X-CUBE-GNSS1.6.0.0
2023-08-22 14:20:38,291 [WARN] PackLoader:240 - Cannot read IP mode file for STMicroelectronics.X-CUBE-AZRTOS-F4.1.1.0
2023-08-22 14:20:38,307 [WARN] PackLoader:240 - Cannot read IP mode file for STMicroelectronics.X-CUBE-BLEMGR.1.2.0
2023-08-22 14:20:38,337 [WARN] PackLoader:240 - Cannot read IP mode file for STMicroelectronics.X-CUBE-AZRTOS-L5.2.0.0
2023-08-22 14:20:38,423 [WARN] PackLoader:240 - Cannot read IP mode file for STMicroelectronics.X-CUBE-MEMS1.9.6.0
2023-08-22 14:20:38,636 [WARN] PackLoader:240 - Cannot read IP mode file for STMicroelectronics.X-CUBE-BLEMGR.2.0.0
2023-08-22 14:20:38,645 [WARN] PackLoader:240 - Cannot read IP mode file for STMicroelectronics.X-CUBE-NFC4.2.0.5
2023-08-22 14:20:38,653 [WARN] PackLoader:240 - Cannot read IP mode file for STMicroelectronics.X-CUBE-NFC4.2.0.4
2023-08-22 14:20:38,687 [WARN] ConditionMgr:438 - getConditionDescription Invalid condition id : UX DEVICE CLASS RTOS Condition cause : null
2023-08-22 14:20:38,687 [WARN] ConditionMgr:438 - getConditionDescription Invalid condition id : UX DEVICE CLASS RTOS Condition cause : null
2023-08-22 14:20:38,691 [WARN] PackLoader:240 - Cannot read IP mode file for STMicroelectronics.X-CUBE-AZRTOS-H7.3.1.0
2023-08-22 14:20:38,693 [WARN] ConditionMgr:1039 - genDependencies : Invalid condition id : UX DEVICE CLASS RTOS Condition cause : null
2023-08-22 14:20:38,694 [WARN] ConditionMgr:1039 - genDependencies : Invalid condition id : UX DEVICE CLASS RTOS Condition cause : null
2023-08-22 14:20:38,695 [WARN] ConditionMgr:1039 - genDependencies : Invalid condition id : UX DEVICE CLASS RTOS Condition cause : null
2023-08-22 14:20:38,696 [WARN] ConditionMgr:1039 - genDependencies : Invalid condition id : UX DEVICE CLASS RTOS Condition cause : null
2023-08-22 14:20:38,696 [WARN] ConditionMgr:1039 - genDependencies : Invalid condition id : UX DEVICE CLASS RTOS Condition cause : null
2023-08-22 14:20:38,703 [WARN] PackLoader:240 - Cannot read IP mode file for wolfSSL.I-CUBE-wolfSSL.5.5.0
2023-08-22 14:20:38,707 [WARN] PackLoader:240 - Cannot read IP mode file for STMicroelectronics.X-CUBE-NFC7.1.0.1
2023-08-22 14:20:38,713 [WARN] PackLoader:240 - Cannot read IP mode file for STMicroelectronics.X-CUBE-NFC7.1.0.0
2023-08-22 14:20:38,720 [WARN] PackLoader:240 - Cannot read IP mode file for STMicroelectronics.X-CUBE-EEPRMA1.4.1.0
2023-08-22 14:20:38,725 [WARN] PackLoader:240 - Cannot read IP mode file for STMicroelectronics.X-CUBE-AI.8.1.0
2023-08-22 14:20:38,747 [WARN] ConditionMgr:438 - getConditionDescription Invalid condition id : LAN8742 Phy interface Condition cause : null
2023-08-22 14:20:38,747 [WARN] PackLoader:240 - Cannot read IP mode file for STMicroelectronics.X-CUBE-AZRTOS-L4.2.0.0
2023-08-22 14:20:38,749 [WARN] ConditionMgr:1039 - genDependencies : Invalid condition id : LAN8742 Phy interface Condition cause : null
2023-08-22 14:20:38,749 [WARN] ConditionMgr:1039 - genDependencies : Invalid condition id : LAN8742 Phy interface Condition cause : null
2023-08-22 14:20:38,750 [WARN] ConditionMgr:1039 - genDependencies : Invalid condition id : LAN8742 Phy interface Condition cause : null
2023-08-22 14:20:38,760 [WARN] PackLoader:240 - Cannot read IP mode file for STMicroelectronics.X-CUBE-SFXS2LP1.4.0.0
2023-08-22 14:20:38,792 [WARN] PackLoader:240 - Cannot read IP mode file for STMicroelectronics.X-CUBE-AZRTOS-H7.3.0.0
2023-08-22 14:20:38,802 [WARN] PackLoader:240 - Cannot read IP mode file for STMicroelectronics.X-CUBE-ISPU.1.1.0
2023-08-22 14:20:38,810 [WARN] PackLoader:240 - Cannot read IP mode file for RoweBots.I-CUBE-UNISONRTOS.5.5.0-4
2023-08-22 14:20:38,814 [WARN] PackLoader:240 - Cannot read IP mode file for STMicroelectronics.X-CUBE-AI.8.0.0
2023-08-22 14:20:38,830 [WARN] ConditionMgr:438 - getConditionDescription Invalid condition id : UX DEVICE CLASS RTOS Condition cause : null
2023-08-22 14:20:38,830 [WARN] ConditionMgr:438 - getConditionDescription Invalid condition id : UX DEVICE CLASS RTOS Condition cause : null
2023-08-22 14:20:38,833 [WARN] PackLoader:240 - Cannot read IP mode file for STMicroelectronics.X-CUBE-AZRTOS-WB.2.0.0
2023-08-22 14:20:38,834 [WARN] ConditionMgr:1039 - genDependencies : Invalid condition id : UX DEVICE CLASS RTOS Condition cause : null
2023-08-22 14:20:38,834 [WARN] ConditionMgr:1039 - genDependencies : Invalid condition id : UX DEVICE CLASS RTOS Condition cause : null
2023-08-22 14:20:38,835 [WARN] ConditionMgr:1039 - genDependencies : Invalid condition id : UX DEVICE CLASS RTOS Condition cause : null
2023-08-22 14:20:38,835 [WARN] ConditionMgr:1039 - genDependencies : Invalid condition id : UX DEVICE CLASS RTOS Condition cause : null
2023-08-22 14:20:38,835 [WARN] ConditionMgr:1039 - genDependencies : Invalid condition id : UX DEVICE CLASS RTOS Condition cause : null
2023-08-22 14:20:38,841 [WARN] PackLoader:240 - Cannot read IP mode file for STMicroelectronics.X-CUBE-FREERTOS.1.0.1
2023-08-22 14:20:38,849 [WARN] PackLoader:240 - Cannot read IP mode file for STMicroelectronics.X-CUBE-BLEMGR.1.0.0
2023-08-22 14:20:38,869 [WARN] PackLoader:240 - Cannot read IP mode file for STMicroelectronics.X-CUBE-AZRTOS-L5.1.1.0
2023-08-22 14:20:38,884 [WARN] PackLoader:240 - Cannot read IP mode file for STMicroelectronics.X-CUBE-SUBG2.5.0.0
2023-08-22 14:20:38,903 [WARN] PackLoader:240 - Cannot read IP mode file for STMicroelectronics.X-CUBE-TOF1.3.3.1
2023-08-22 14:20:38,932 [WARN] PackLoader:240 - Cannot read IP mode file for STMicroelectronics.X-CUBE-AZRTOS-G4.2.0.0
2023-08-22 14:20:38,939 [WARN] PackLoader:240 - Cannot read IP mode file for STMicroelectronics.FP-ATR-ASTRA1.1.1.1
2023-08-22 14:20:38,953 [WARN] PackLoader:240 - Cannot read IP mode file for STMicroelectronics.X-CUBE-AZRTOS-G4.1.0.0
2023-08-22 14:20:38,977 [WARN] PackLoader:240 - Cannot read IP mode file for STMicroelectronics.X-CUBE-AZRTOS-L4.1.0.0
2023-08-22 14:20:38,998 [WARN] PackLoader:240 - Cannot read IP mode file for STMicroelectronics.X-CUBE-AZRTOS-WL.1.0.0
2023-08-22 14:20:39,005 [WARN] PackLoader:240 - Cannot read IP mode file for portGmbH.I-Cube-SoM-uGOAL.1.1.0
2023-08-22 14:20:39,016 [WARN] PackLoader:240 - Cannot read IP mode file for STMicroelectronics.X-CUBE-ALS.1.0.1
2023-08-22 14:20:39,034 [WARN] PackLoader:240 - Cannot read IP mode file for STMicroelectronics.X-CUBE-AZRTOS-WB.1.1.0
2023-08-22 14:20:39,052 [WARN] PackLoader:240 - Cannot read IP mode file for STMicroelectronics.X-CUBE-AZRTOS-L5.1.0.0
2023-08-22 14:20:39,061 [WARN] PackLoader:240 - Cannot read IP mode file for STMicroelectronics.X-CUBE-EEPRMA1.3.1.1
2023-08-22 14:20:39,066 [WARN] PackLoader:240 - Cannot read IP mode file for STMicroelectronics.FP-ATR-ASTRA1.2.0.0
2023-08-22 14:20:39,068 [INFO] ThirdParty:978 - Integrity check success = true
2023-08-22 14:20:39,068 [INFO] IntegrityCheckThread:100 - exiting critical section [integrity check]
2023-08-22 14:20:39,068 [INFO] IntegrityCheckThread:103 - End integrity checks thread
2023-08-22 14:54:38,640 [ERROR] LogOutputStream:75 - [STDERR_REDIRECT] 
