2023-08-24 07:37:20,018 [INFO] Activator:176 - 


2023-08-24 07:37:20,023 [INFO] Activator:177 - !SESSION log4j initialized
2023-08-24 07:37:27,796 [INFO] LogOutputStream:77 - [STDOUT_REDIRECT] 
2023-08-24 07:37:29,452 [INFO] ApplicationProperties:184 - Using Application install path: /home/nilo/st/stm32cubeide_1.13.1/plugins/com.st.stm32cube.common.mx_6.9.1.202307191849
2023-08-24 07:37:29,526 [INFO] DbMcusXml:78 - Set database path to: /home/nilo/st/stm32cubeide_1.13.1/plugins/com.st.stm32cube.common.mx_6.9.1.202307191849//db//mcu/
2023-08-24 07:37:29,527 [INFO] ApiDb:274 - Set plugin database path to: /home/nilo/st/stm32cubeide_1.13.1/plugins/com.st.stm32cube.common.mx_6.9.1.202307191849//db//plugins/boardmanager/
2023-08-24 07:37:29,528 [WARN] ApiDb:259 - Overriding images path with different value:  => /home/nilo/st/stm32cubeide_1.13.1/plugins/com.st.stm32cube.common.mx_6.9.1.202307191849//db//plugins/mcufinder/images/
2023-08-24 07:37:29,569 [INFO] ApiDb:250 - Set database path to: /home/nilo/.stmcufinder/plugins/mcufinder//mcu/
2023-08-24 07:37:29,572 [INFO] DbMcusAds:125 - Set database path to: /home/nilo/.stmcufinder/plugins/mcufinder//mcu/
2023-08-24 07:37:29,579 [INFO] CrossReferenceDbSqlite:203 - Set database path to: /home/nilo/.stmcufinder/plugins/mcufinder//mcu/cs/
2023-08-24 07:37:30,012 [INFO] RulesReader:64 - Compatibility file has been processed (293 Rules)
2023-08-24 07:37:30,180 [INFO] DbMcusXml:78 - Set database path to: /home/nilo/st/stm32cubeide_1.13.1/plugins/com.st.stm32cube.common.mx_6.9.1.202307191849//db//mcu/
2023-08-24 07:37:30,181 [INFO] ApiDb:274 - Set plugin database path to: /home/nilo/st/stm32cubeide_1.13.1/plugins/com.st.stm32cube.common.mx_6.9.1.202307191849//db//plugins/boardmanager/
2023-08-24 07:37:30,181 [INFO] ApiDb:261 - Set plugin images path to: /home/nilo/st/stm32cubeide_1.13.1/plugins/com.st.stm32cube.common.mx_6.9.1.202307191849//db//plugins/mcufinder/images/
2023-08-24 07:37:30,181 [WARN] DbFile:41 - Overriding database path with different value: /home/nilo/.stmcufinder/plugins/mcufinder/ => /home/nilo/.stmcufinder/plugins/mcufinder
2023-08-24 07:37:30,182 [INFO] ApiDb:250 - Set database path to: /home/nilo/.stmcufinder/plugins/mcufinder//mcu/
2023-08-24 07:37:30,182 [WARN] DbFile:41 - Overriding database path with different value: /home/nilo/.stmcufinder/plugins/mcufinder/ => /home/nilo/.stmcufinder/plugins/mcufinder
2023-08-24 07:37:30,182 [INFO] DbMcusAds:125 - Set database path to: /home/nilo/.stmcufinder/plugins/mcufinder//mcu/
2023-08-24 07:37:30,182 [WARN] DbFile:41 - Overriding database path with different value: /home/nilo/.stmcufinder/plugins/mcufinder/ => /home/nilo/.stmcufinder/plugins/mcufinder
2023-08-24 07:37:30,182 [WARN] DbFile:41 - Overriding database path with different value: /home/nilo/.stmcufinder/plugins/mcufinder/ => /home/nilo/.stmcufinder/plugins/mcufinder
2023-08-24 07:37:30,183 [INFO] CrossReferenceDbSqlite:203 - Set database path to: /home/nilo/.stmcufinder/plugins/mcufinder//mcu/cs/
2023-08-24 07:37:30,326 [INFO] MainPanel:262 - HeapMemory: 268435456
2023-08-24 07:37:30,598 [INFO] DbMcusXml:78 - Set database path to: /home/nilo/st/stm32cubeide_1.13.1/plugins/com.st.stm32cube.common.mx_6.9.1.202307191849//db//mcu/
2023-08-24 07:37:30,598 [INFO] ApiDb:274 - Set plugin database path to: /home/nilo/st/stm32cubeide_1.13.1/plugins/com.st.stm32cube.common.mx_6.9.1.202307191849//db//plugins/boardmanager/
2023-08-24 07:37:30,598 [INFO] ApiDb:261 - Set plugin images path to: /home/nilo/st/stm32cubeide_1.13.1/plugins/com.st.stm32cube.common.mx_6.9.1.202307191849//db//plugins/mcufinder/images/
2023-08-24 07:37:30,599 [WARN] DbFile:41 - Overriding database path with different value: /home/nilo/.stmcufinder/plugins/mcufinder/ => /home/nilo/.stmcufinder/plugins/mcufinder
2023-08-24 07:37:30,600 [INFO] ApiDb:250 - Set database path to: /home/nilo/.stmcufinder/plugins/mcufinder//mcu/
2023-08-24 07:37:30,600 [WARN] DbFile:41 - Overriding database path with different value: /home/nilo/.stmcufinder/plugins/mcufinder/ => /home/nilo/.stmcufinder/plugins/mcufinder
2023-08-24 07:37:30,600 [INFO] DbMcusAds:125 - Set database path to: /home/nilo/.stmcufinder/plugins/mcufinder//mcu/
2023-08-24 07:37:30,600 [WARN] DbFile:41 - Overriding database path with different value: /home/nilo/.stmcufinder/plugins/mcufinder/ => /home/nilo/.stmcufinder/plugins/mcufinder
2023-08-24 07:37:30,600 [WARN] DbFile:41 - Overriding database path with different value: /home/nilo/.stmcufinder/plugins/mcufinder/ => /home/nilo/.stmcufinder/plugins/mcufinder
2023-08-24 07:37:30,600 [INFO] CrossReferenceDbSqlite:203 - Set database path to: /home/nilo/.stmcufinder/plugins/mcufinder//mcu/cs/
2023-08-24 07:37:30,631 [INFO] ApplicationProperties:184 - Using Application install path: /home/nilo/st/stm32cubeide_1.13.1/plugins/com.st.stm32cube.common.mx_6.9.1.202307191849
2023-08-24 07:37:30,633 [INFO] PluginManage:196 - Search for loadable plugins [exclusion list=, ]
2023-08-24 07:37:30,636 [INFO] PluginManage:310 - Check plugin analytics
2023-08-24 07:37:31,011 [INFO] AnalyticsPlugin:253 - Accepted Software Licenses: 
2023-08-24 07:37:31,011 [INFO] AnalyticsPlugin:255 - Accepted CMSIS Pack Licenses: 
2023-08-24 07:37:31,012 [INFO] AnalyticsPlugin:257 - Accepted Firmware Licenses: 
2023-08-24 07:37:31,016 [INFO] PluginManage:359 - Loaded plugin analytics (category:tool,tabindex:-1)
2023-08-24 07:37:31,017 [INFO] PluginManage:310 - Check plugin cadmodel
2023-08-24 07:37:31,025 [INFO] CADModel:105 - Init CAD model plugin
2023-08-24 07:37:31,026 [INFO] PluginManage:359 - Loaded plugin cadmodel (category:power,tabindex:5)
2023-08-24 07:37:31,026 [INFO] PluginManage:310 - Check plugin clock
2023-08-24 07:37:31,047 [INFO] PluginManage:359 - Loaded plugin clock (category:base,tabindex:2)
2023-08-24 07:37:31,047 [INFO] PluginManage:310 - Check plugin ddr
2023-08-24 07:37:31,052 [INFO] PluginManage:359 - Loaded plugin ddr (category:tool,tabindex:6)
2023-08-24 07:37:31,052 [INFO] PluginManage:310 - Check plugin filemanager
2023-08-24 07:37:31,412 [INFO] PluginManage:359 - Loaded plugin filemanager (category:base,tabindex:10)
2023-08-24 07:37:31,412 [INFO] PluginManage:310 - Check plugin ipmanager
2023-08-24 07:37:31,429 [INFO] PluginManage:359 - Loaded plugin ipmanager (category:base,tabindex:5)
2023-08-24 07:37:31,429 [INFO] PluginManage:310 - Check plugin lpbam
2023-08-24 07:37:31,468 [INFO] PluginManage:359 - Loaded plugin lpbam (category:base,tabindex:0)
2023-08-24 07:37:31,470 [INFO] PluginManage:310 - Check plugin memorymap
2023-08-24 07:37:31,510 [INFO] PluginManage:359 - Loaded plugin memorymap (category:base,tabindex:4)
2023-08-24 07:37:31,511 [INFO] PluginManage:310 - Check plugin pinoutandconfiguration
2023-08-24 07:37:31,534 [INFO] PluginManage:359 - Loaded plugin pinoutandconfiguration (category:base,tabindex:1)
2023-08-24 07:37:31,535 [INFO] PluginManage:310 - Check plugin pinoutconfig
2023-08-24 07:37:31,744 [WARN] SupportedApi:132 - Cannot load RTOS API schema: s4s-elt-must-match.1: The content of 'definitions' must match (annotation?, (simpleType | complexType)?, (unique | key | keyref)*)). A problem was found starting at: attribute.
2023-08-24 07:37:32,273 [INFO] PluginManage:359 - Loaded plugin pinoutconfig (category:base,tabindex:0)
2023-08-24 07:37:32,275 [INFO] PluginManage:310 - Check plugin power
2023-08-24 07:37:32,307 [INFO] PluginManage:359 - Loaded plugin power (category:power,tabindex:4)
2023-08-24 07:37:32,308 [INFO] PluginManage:310 - Check plugin projectmanager
2023-08-24 07:37:32,373 [INFO] PluginManage:359 - Loaded plugin projectmanager (category:projectmanager,tabindex:3)
2023-08-24 07:37:32,373 [INFO] PluginManage:310 - Check plugin thirdparty
2023-08-24 07:37:32,850 [INFO] PluginManage:359 - Loaded plugin thirdparty (category:base,tabindex:-1)
2023-08-24 07:37:32,851 [INFO] PluginManage:310 - Check plugin tools
2023-08-24 07:37:32,856 [INFO] PluginManage:359 - Loaded plugin tools (category:base,tabindex:7)
2023-08-24 07:37:32,857 [INFO] PluginManage:310 - Check plugin tutovideos
2023-08-24 07:37:32,851 [WARN] IntegrityCheckThread:84 - waiting for thirdparty lock release [integrity check]
2023-08-24 07:37:32,858 [INFO] IntegrityCheckThread:86 - entering critical section [integrity check]
2023-08-24 07:37:32,861 [INFO] ThirdPartyUpdaterWithRetryManager:70 - Updater plugin not ready yet. [1/15]
2023-08-24 07:37:33,380 [INFO] PluginManage:359 - Loaded plugin tutovideos (category:base,tabindex:-1)
2023-08-24 07:37:33,380 [INFO] PluginManage:310 - Check plugin updater
2023-08-24 07:37:33,406 [INFO] PluginManage:359 - Loaded plugin updater (category:base,tabindex:12)
2023-08-24 07:37:33,406 [INFO] PluginManage:310 - Check plugin userauth
2023-08-24 07:37:33,421 [INFO] UserAuth:113 - Init User Auth plugin
2023-08-24 07:37:33,421 [INFO] PluginManage:359 - Loaded plugin userauth (category:base,tabindex:14)
2023-08-24 07:37:33,422 [INFO] PluginManage:283 - PluginManage : Loaded plugins [17]
2023-08-24 07:37:33,827 [INFO] PinOutPanel:1499 - setPackage(No Configuration,No Configuration)
2023-08-24 07:37:34,028 [INFO] CADModel:165 - CPN selected for project level
2023-08-24 07:37:34,029 [INFO] CADModel:114 - Register for checkConnection events
2023-08-24 07:37:34,047 [INFO] IPUIPlugin:80 - create IPUIPlugin
2023-08-24 07:37:34,047 [INFO] PluginManager:220 - loadIPPluginJar : add quadspi
2023-08-24 07:37:34,050 [INFO] IPUIPlugin:80 - create IPUIPlugin
2023-08-24 07:37:34,050 [INFO] PluginManager:220 - loadIPPluginJar : add tsc
2023-08-24 07:37:34,053 [INFO] IPUIPlugin:80 - create IPUIPlugin
2023-08-24 07:37:34,053 [INFO] PluginManager:220 - loadIPPluginJar : add genericplugin
2023-08-24 07:37:34,063 [INFO] IPUIPlugin:80 - create IPUIPlugin
2023-08-24 07:37:34,063 [INFO] PluginManager:220 - loadIPPluginJar : add i3c
2023-08-24 07:37:34,068 [INFO] IPUIPlugin:80 - create IPUIPlugin
2023-08-24 07:37:34,068 [INFO] PluginManager:220 - loadIPPluginJar : add lorawan
2023-08-24 07:37:34,073 [INFO] IPUIPlugin:80 - create IPUIPlugin
2023-08-24 07:37:34,073 [INFO] PluginManager:220 - loadIPPluginJar : add touchsensing
2023-08-24 07:37:34,084 [INFO] IPUIPlugin:80 - create IPUIPlugin
2023-08-24 07:37:34,086 [INFO] PluginManager:220 - loadIPPluginJar : add dma
2023-08-24 07:37:34,097 [INFO] IPUIPlugin:80 - create IPUIPlugin
2023-08-24 07:37:34,097 [INFO] PluginManager:220 - loadIPPluginJar : add fmc
2023-08-24 07:37:34,101 [INFO] IPUIPlugin:80 - create IPUIPlugin
2023-08-24 07:37:34,102 [INFO] PluginManager:220 - loadIPPluginJar : add spi
2023-08-24 07:37:34,105 [INFO] IPUIPlugin:80 - create IPUIPlugin
2023-08-24 07:37:34,106 [INFO] PluginManager:220 - loadIPPluginJar : add usart
2023-08-24 07:37:34,108 [INFO] IPUIPlugin:80 - create IPUIPlugin
2023-08-24 07:37:34,109 [INFO] PluginManager:220 - loadIPPluginJar : add ts
2023-08-24 07:37:34,122 [INFO] IPUIPlugin:80 - create IPUIPlugin
2023-08-24 07:37:34,127 [INFO] PluginManager:220 - loadIPPluginJar : add plateformsettings
2023-08-24 07:37:34,131 [INFO] IPUIPlugin:80 - create IPUIPlugin
2023-08-24 07:37:34,131 [INFO] PluginManager:220 - loadIPPluginJar : add can
2023-08-24 07:37:34,136 [INFO] IPUIPlugin:80 - create IPUIPlugin
2023-08-24 07:37:34,136 [INFO] PluginManager:220 - loadIPPluginJar : add opamp
2023-08-24 07:37:34,140 [INFO] IPUIPlugin:80 - create IPUIPlugin
2023-08-24 07:37:34,140 [INFO] PluginManager:220 - loadIPPluginJar : add gfxmmu
2023-08-24 07:37:34,142 [INFO] IPUIPlugin:80 - create IPUIPlugin
2023-08-24 07:37:34,142 [INFO] PluginManager:220 - loadIPPluginJar : add comp
2023-08-24 07:37:34,151 [INFO] IPUIPlugin:80 - create IPUIPlugin
2023-08-24 07:37:34,151 [INFO] PluginManager:220 - loadIPPluginJar : add dfsdm
2023-08-24 07:37:34,157 [INFO] IPUIPlugin:80 - create IPUIPlugin
2023-08-24 07:37:34,157 [INFO] PluginManager:220 - loadIPPluginJar : add usbx
2023-08-24 07:37:34,162 [INFO] IPUIPlugin:80 - create IPUIPlugin
2023-08-24 07:37:34,162 [INFO] PluginManager:220 - loadIPPluginJar : add pdm2pcm
2023-08-24 07:37:34,169 [INFO] IPUIPlugin:80 - create IPUIPlugin
2023-08-24 07:37:34,169 [INFO] PluginManager:220 - loadIPPluginJar : add gpio
2023-08-24 07:37:34,174 [INFO] IPUIPlugin:80 - create IPUIPlugin
2023-08-24 07:37:34,175 [INFO] PluginManager:220 - loadIPPluginJar : add openamp
2023-08-24 07:37:34,179 [INFO] IPUIPlugin:80 - create IPUIPlugin
2023-08-24 07:37:34,179 [INFO] PluginManager:220 - loadIPPluginJar : add aes
2023-08-24 07:37:34,182 [INFO] IPUIPlugin:80 - create IPUIPlugin
2023-08-24 07:37:34,183 [INFO] PluginManager:220 - loadIPPluginJar : add hash
2023-08-24 07:37:34,187 [INFO] IPUIPlugin:80 - create IPUIPlugin
2023-08-24 07:37:34,187 [INFO] PluginManager:220 - loadIPPluginJar : add i2s
2023-08-24 07:37:34,192 [INFO] IPUIPlugin:80 - create IPUIPlugin
2023-08-24 07:37:34,193 [INFO] PluginManager:220 - loadIPPluginJar : add tracer_emb
2023-08-24 07:37:34,203 [INFO] IPUIPlugin:80 - create IPUIPlugin
2023-08-24 07:37:34,203 [INFO] PluginManager:220 - loadIPPluginJar : add adc
2023-08-24 07:37:34,214 [INFO] IPUIPlugin:80 - create IPUIPlugin
2023-08-24 07:37:34,215 [INFO] PluginManager:220 - loadIPPluginJar : add freertos
2023-08-24 07:37:34,219 [INFO] IPUIPlugin:80 - create IPUIPlugin
2023-08-24 07:37:34,219 [INFO] PluginManager:220 - loadIPPluginJar : add ucpd
2023-08-24 07:37:34,228 [INFO] IPUIPlugin:80 - create IPUIPlugin
2023-08-24 07:37:34,228 [INFO] PluginManager:220 - loadIPPluginJar : add ipddr
2023-08-24 07:37:34,231 [INFO] IPUIPlugin:80 - create IPUIPlugin
2023-08-24 07:37:34,232 [INFO] PluginManager:220 - loadIPPluginJar : add tim
2023-08-24 07:37:34,242 [INFO] IPUIPlugin:80 - create IPUIPlugin
2023-08-24 07:37:34,242 [INFO] PluginManager:220 - loadIPPluginJar : add resmgrutility
2023-08-24 07:37:34,247 [INFO] IPUIPlugin:80 - create IPUIPlugin
2023-08-24 07:37:34,247 [INFO] PluginManager:220 - loadIPPluginJar : add gtzc
2023-08-24 07:37:34,256 [INFO] IPUIPlugin:80 - create IPUIPlugin
2023-08-24 07:37:34,256 [INFO] PluginManager:220 - loadIPPluginJar : add gic
2023-08-24 07:37:34,269 [INFO] IPUIPlugin:80 - create IPUIPlugin
2023-08-24 07:37:34,269 [INFO] PluginManager:220 - loadIPPluginJar : add linkedlist
2023-08-24 07:37:34,273 [INFO] IPUIPlugin:80 - create IPUIPlugin
2023-08-24 07:37:34,273 [INFO] PluginManager:220 - loadIPPluginJar : add dma3
2023-08-24 07:37:34,278 [INFO] IPUIPlugin:80 - create IPUIPlugin
2023-08-24 07:37:34,279 [INFO] PluginManager:220 - loadIPPluginJar : add sai
2023-08-24 07:37:34,281 [INFO] IPUIPlugin:80 - create IPUIPlugin
2023-08-24 07:37:34,281 [INFO] PluginManager:220 - loadIPPluginJar : add ltdc
2023-08-24 07:37:34,283 [INFO] IPUIPlugin:80 - create IPUIPlugin
2023-08-24 07:37:34,284 [INFO] PluginManager:220 - loadIPPluginJar : add fatfs
2023-08-24 07:37:34,288 [INFO] IPUIPlugin:80 - create IPUIPlugin
2023-08-24 07:37:34,288 [INFO] PluginManager:220 - loadIPPluginJar : add i2c
2023-08-24 07:37:34,300 [INFO] IPUIPlugin:80 - create IPUIPlugin
2023-08-24 07:37:34,300 [INFO] PluginManager:220 - loadIPPluginJar : add mdma
2023-08-24 07:37:34,307 [INFO] IPUIPlugin:80 - create IPUIPlugin
2023-08-24 07:37:34,307 [INFO] PluginManager:220 - loadIPPluginJar : add stm32_wpan
2023-08-24 07:37:34,311 [INFO] IPUIPlugin:80 - create IPUIPlugin
2023-08-24 07:37:34,311 [INFO] PluginManager:220 - loadIPPluginJar : add cryp
2023-08-24 07:37:34,317 [INFO] IPUIPlugin:80 - create IPUIPlugin
2023-08-24 07:37:34,317 [INFO] PluginManager:220 - loadIPPluginJar : add nvic
2023-08-24 07:37:34,433 [INFO] CADModel:165 - CPN selected for project level
2023-08-24 07:37:34,433 [INFO] CADModel:114 - Register for checkConnection events
2023-08-24 07:37:34,433 [FATAL] Updater:308 - Updater called before beeing initialized
2023-08-24 07:37:34,433 [ERROR] CADModel:125 - Updater not yet initialized, retry later 
2023-08-24 07:37:34,673 [INFO] CADModel:165 - CPN selected for project level
2023-08-24 07:37:34,673 [INFO] CADModel:114 - Register for checkConnection events
2023-08-24 07:37:34,673 [FATAL] Updater:308 - Updater called before beeing initialized
2023-08-24 07:37:34,674 [ERROR] CADModel:125 - Updater not yet initialized, retry later 
2023-08-24 07:37:34,680 [FATAL] Updater:308 - Updater called before beeing initialized
2023-08-24 07:37:34,809 [FATAL] Updater:308 - Updater called before beeing initialized
2023-08-24 07:37:34,818 [INFO] DbMcusAds:53 - JSON generation date=Thu Sep 30 03:55:09 BRT 2021 (1632984909247)
2023-08-24 07:37:34,818 [FATAL] Updater:308 - Updater called before beeing initialized
2023-08-24 07:37:34,874 [WARN] DetailPanel:346 - Failed to get advertising image, set to default
2023-08-24 07:37:35,025 [FATAL] Updater:308 - Updater called before beeing initialized
2023-08-24 07:37:35,028 [FATAL] Updater:308 - Updater called before beeing initialized
2023-08-24 07:37:35,028 [FATAL] Updater:308 - Updater called before beeing initialized
2023-08-24 07:37:35,028 [WARN] DetailPanel:346 - Failed to get advertising image, set to default
2023-08-24 07:37:35,030 [FATAL] Updater:308 - Updater called before beeing initialized
2023-08-24 07:37:35,084 [ERROR] Updater:1120 - MainUpdater not yet initialized. External WinMGr cannot be set.
2023-08-24 07:37:35,087 [INFO] Updater:1056 - Updater Version found : 6.9.1
2023-08-24 07:37:35,148 [INFO] ApplicationProperties:184 - Using Application install path: /home/nilo/st/stm32cubeide_1.13.1/plugins/com.st.stm32cube.common.mx_6.9.1.202307191849
2023-08-24 07:37:35,343 [INFO] MainUpdater:2868 - connection check result : 10
2023-08-24 07:37:35,345 [INFO] MainUpdater:285 - Updater Check For Update Now.
2023-08-24 07:37:35,345 [INFO] MicroXplorer:498 - Change Database Version : DB.6.0.91
2023-08-24 07:37:35,352 [INFO] McuFinderGlobals:63 - Set McuFinder mode to 2 (CubeIDE integrated)
2023-08-24 07:37:35,353 [INFO] UserAuth:179 - activating auth plugin
2023-08-24 07:37:35,357 [INFO] UserAuth:393 - Internet connection configuration mode: 1
2023-08-24 07:37:35,379 [INFO] JxBrowserEngine:151 - Initiate JxBrowser Engine with user profile folder
2023-08-24 07:37:35,554 [INFO] CheckServerUpdateThread:120 - End of CheckServer Thread
2023-08-24 07:37:36,119 [WARN] PackLoader:240 - Cannot read IP mode file for STMicroelectronics.X-CUBE-SMBUS.2.1.0
2023-08-24 07:37:36,177 [WARN] PackLoader:240 - Cannot read IP mode file for STMicroelectronics.X-CUBE-AZRTOS-F7.1.1.0
2023-08-24 07:37:36,193 [WARN] PackLoader:240 - Cannot read IP mode file for STMicroelectronics.FP-SNS-MOTENV1.4.3.2
2023-08-24 07:37:36,206 [WARN] PackLoader:240 - Cannot read IP mode file for STMicroelectronics.X-CUBE-BLE1.6.2.3
2023-08-24 07:37:36,214 [WARN] PackLoader:240 - Cannot read IP mode file for STMicroelectronics.X-CUBE-BLE1.6.2.4
2023-08-24 07:37:36,220 [WARN] PackLoader:240 - Cannot read IP mode file for STMicroelectronics.FP-SNS-FLIGHT1.5.0.2
2023-08-24 07:37:36,249 [WARN] PackLoader:240 - Cannot read IP mode file for STMicroelectronics.X-CUBE-TOF1.3.1.0
2023-08-24 07:37:36,270 [WARN] PackLoader:240 - Cannot read IP mode file for STMicroelectronics.X-CUBE-DISPLAY.3.0.0
2023-08-24 07:37:36,285 [WARN] PackLoader:240 - Cannot read IP mode file for STMicroelectronics.X-CUBE-BLE1.7.0.0
2023-08-24 07:37:36,292 [WARN] PackLoader:240 - Cannot read IP mode file for STMicroelectronics.X-CUBE-TOUCHGFX.4.22.0
2023-08-24 07:37:36,417 [WARN] PackLoader:240 - Cannot read IP mode file for STMicroelectronics.X-CUBE-MEMS1.9.3.0
2023-08-24 07:37:36,629 [WARN] PackLoader:240 - Cannot read IP mode file for STMicroelectronics.X-CUBE-AI.7.2.0
2023-08-24 07:37:36,642 [INFO] LogOutputStream:77 - [STDOUT_REDIRECT] 1 : Invalid condition id : UX_CORESTACK_Condition cause : null
2023-08-24 07:37:36,643 [INFO] LogOutputStream:77 - [STDOUT_REDIRECT] 1 : Invalid condition id : UX_CORESTACK_Condition cause : null
2023-08-24 07:37:36,643 [INFO] LogOutputStream:77 - [STDOUT_REDIRECT] 1 : Invalid condition id : UX_CORESTACK_Condition cause : null
2023-08-24 07:37:36,644 [INFO] LogOutputStream:77 - [STDOUT_REDIRECT] 1 : Invalid condition id : UX_CORESTACK_Condition cause : null
2023-08-24 07:37:36,644 [INFO] LogOutputStream:77 - [STDOUT_REDIRECT] 1 : Invalid condition id : UX_CORESTACK_Condition cause : null
2023-08-24 07:37:36,651 [WARN] PackLoader:240 - Cannot read IP mode file for STMicroelectronics.X-CUBE-AZRTOS-WL.2.0.0
2023-08-24 07:37:36,662 [WARN] PackLoader:240 - Cannot read IP mode file for WES.I-CUBE-Cesium.1.3.0
2023-08-24 07:37:36,669 [WARN] PackLoader:240 - Cannot read IP mode file for STMicroelectronics.X-CUBE-BLE2.3.3.0
2023-08-24 07:37:36,681 [WARN] PackLoader:240 - Cannot read IP mode file for STMicroelectronics.X-CUBE-DISPLAY.2.2.0
2023-08-24 07:37:36,705 [WARN] PackLoader:240 - Cannot read IP mode file for STMicroelectronics.X-CUBE-TOF1.3.2.0
2023-08-24 07:37:36,772 [WARN] PackLoader:240 - Cannot read IP mode file for STMicroelectronics.X-CUBE-ISPU.1.0.0
2023-08-24 07:37:36,853 [WARN] PackLoader:240 - Cannot read IP mode file for STMicroelectronics.X-CUBE-AZRTOS-H7.2.1.0
2023-08-24 07:37:36,881 [WARN] PackLoader:240 - Cannot read IP mode file for STMicroelectronics.X-CUBE-TOUCHGFX.4.21.1
2023-08-24 07:37:36,890 [WARN] PackLoader:240 - Cannot read IP mode file for STMicroelectronics.X-CUBE-TOUCHGFX.4.21.0
2023-08-24 07:37:37,095 [WARN] PackLoader:240 - Cannot read IP mode file for STMicroelectronics.X-CUBE-MEMS1.9.4.0
2023-08-24 07:37:37,378 [INFO] WebApp:157 - Instantiating new browser for Auth
2023-08-24 07:37:37,520 [WARN] PackLoader:240 - Cannot read IP mode file for STMicroelectronics.X-CUBE-AI.7.3.0
2023-08-24 07:37:37,537 [WARN] PackLoader:240 - Cannot read IP mode file for STMicroelectronics.X-CUBE-ALGOBUILD.1.3.0
2023-08-24 07:37:37,570 [WARN] PackLoader:240 - Cannot read IP mode file for STMicroelectronics.X-CUBE-AZRTOS-G0.1.1.0
2023-08-24 07:37:37,581 [WARN] PackLoader:240 - Cannot read IP mode file for STMicroelectronics.X-CUBE-NFC4.3.0.0
2023-08-24 07:37:37,665 [WARN] PackLoader:240 - Cannot read IP mode file for SEGGER.I-CUBE-embOS.1.2.0
2023-08-24 07:37:37,789 [WARN] PackLoader:240 - Cannot read IP mode file for STMicroelectronics.X-CUBE-BLEMGR.1.3.0
2023-08-24 07:37:37,814 [WARN] PackLoader:240 - Cannot read IP mode file for STMicroelectronics.FP-ATR-SIGFOX1.3.2.0
2023-08-24 07:37:37,831 [WARN] PackLoader:240 - Cannot read IP mode file for emotas.I-CUBE-CANOPEN.1.1.2
2023-08-24 07:37:37,847 [WARN] PackLoader:240 - Cannot read IP mode file for STMicroelectronics.X-CUBE-TOUCHGFX.4.20.0
2023-08-24 07:37:37,976 [WARN] PackLoader:240 - Cannot read IP mode file for STMicroelectronics.X-CUBE-MEMS1.9.5.0
2023-08-24 07:37:38,460 [WARN] PackLoader:240 - Cannot read IP mode file for SEGGER.I-CUBE-embOS.1.3.1
2023-08-24 07:37:38,535 [WARN] PackLoader:240 - Cannot read IP mode file for STMicroelectronics.X-CUBE-GNSS1.6.0.0
2023-08-24 07:37:38,582 [WARN] PackLoader:240 - Cannot read IP mode file for STMicroelectronics.X-CUBE-AZRTOS-F4.1.1.0
2023-08-24 07:37:38,598 [WARN] PackLoader:240 - Cannot read IP mode file for STMicroelectronics.X-CUBE-BLEMGR.1.2.0
2023-08-24 07:37:38,651 [WARN] PackLoader:240 - Cannot read IP mode file for STMicroelectronics.X-CUBE-AZRTOS-L5.2.0.0
2023-08-24 07:37:38,736 [WARN] PackLoader:240 - Cannot read IP mode file for STMicroelectronics.X-CUBE-MEMS1.9.6.0
2023-08-24 07:37:38,941 [WARN] PackLoader:240 - Cannot read IP mode file for STMicroelectronics.X-CUBE-BLEMGR.2.0.0
2023-08-24 07:37:38,949 [WARN] PackLoader:240 - Cannot read IP mode file for STMicroelectronics.X-CUBE-NFC4.2.0.5
2023-08-24 07:37:38,961 [WARN] PackLoader:240 - Cannot read IP mode file for STMicroelectronics.X-CUBE-NFC4.2.0.4
2023-08-24 07:37:39,000 [WARN] ConditionMgr:438 - getConditionDescription Invalid condition id : UX DEVICE CLASS RTOS Condition cause : null
2023-08-24 07:37:39,001 [WARN] ConditionMgr:438 - getConditionDescription Invalid condition id : UX DEVICE CLASS RTOS Condition cause : null
2023-08-24 07:37:39,005 [WARN] PackLoader:240 - Cannot read IP mode file for STMicroelectronics.X-CUBE-AZRTOS-H7.3.1.0
2023-08-24 07:37:39,009 [WARN] ConditionMgr:1039 - genDependencies : Invalid condition id : UX DEVICE CLASS RTOS Condition cause : null
2023-08-24 07:37:39,009 [WARN] ConditionMgr:1039 - genDependencies : Invalid condition id : UX DEVICE CLASS RTOS Condition cause : null
2023-08-24 07:37:39,010 [WARN] ConditionMgr:1039 - genDependencies : Invalid condition id : UX DEVICE CLASS RTOS Condition cause : null
2023-08-24 07:37:39,011 [WARN] ConditionMgr:1039 - genDependencies : Invalid condition id : UX DEVICE CLASS RTOS Condition cause : null
2023-08-24 07:37:39,011 [WARN] ConditionMgr:1039 - genDependencies : Invalid condition id : UX DEVICE CLASS RTOS Condition cause : null
2023-08-24 07:37:39,020 [WARN] PackLoader:240 - Cannot read IP mode file for wolfSSL.I-CUBE-wolfSSL.5.5.0
2023-08-24 07:37:39,028 [WARN] PackLoader:240 - Cannot read IP mode file for STMicroelectronics.X-CUBE-NFC7.1.0.1
2023-08-24 07:37:39,036 [WARN] PackLoader:240 - Cannot read IP mode file for STMicroelectronics.X-CUBE-NFC7.1.0.0
2023-08-24 07:37:39,045 [WARN] PackLoader:240 - Cannot read IP mode file for STMicroelectronics.X-CUBE-EEPRMA1.4.1.0
2023-08-24 07:37:39,049 [INFO] WebApp:753 - Register for checkConnection events
2023-08-24 07:37:39,050 [INFO] WebApp:390 - Apply proxy settings
2023-08-24 07:37:39,050 [INFO] WebApp:475 - Chromium requires no authentication
2023-08-24 07:37:39,058 [WARN] PackLoader:240 - Cannot read IP mode file for STMicroelectronics.X-CUBE-AI.8.1.0
2023-08-24 07:37:39,062 [INFO] WebApp:418 - Direct internet connection detected
2023-08-24 07:37:39,090 [WARN] ConditionMgr:438 - getConditionDescription Invalid condition id : LAN8742 Phy interface Condition cause : null
2023-08-24 07:37:39,091 [WARN] PackLoader:240 - Cannot read IP mode file for STMicroelectronics.X-CUBE-AZRTOS-L4.2.0.0
2023-08-24 07:37:39,094 [WARN] ConditionMgr:1039 - genDependencies : Invalid condition id : LAN8742 Phy interface Condition cause : null
2023-08-24 07:37:39,101 [WARN] ConditionMgr:1039 - genDependencies : Invalid condition id : LAN8742 Phy interface Condition cause : null
2023-08-24 07:37:39,104 [WARN] ConditionMgr:1039 - genDependencies : Invalid condition id : LAN8742 Phy interface Condition cause : null
2023-08-24 07:37:39,116 [WARN] PackLoader:240 - Cannot read IP mode file for STMicroelectronics.X-CUBE-SFXS2LP1.4.0.0
2023-08-24 07:37:39,144 [WARN] PackLoader:240 - Cannot read IP mode file for STMicroelectronics.X-CUBE-AZRTOS-H7.3.0.0
2023-08-24 07:37:39,154 [WARN] PackLoader:240 - Cannot read IP mode file for STMicroelectronics.X-CUBE-ISPU.1.1.0
2023-08-24 07:37:39,164 [WARN] PackLoader:240 - Cannot read IP mode file for RoweBots.I-CUBE-UNISONRTOS.5.5.0-4
2023-08-24 07:37:39,170 [WARN] PackLoader:240 - Cannot read IP mode file for STMicroelectronics.X-CUBE-AI.8.0.0
2023-08-24 07:37:39,188 [WARN] ConditionMgr:438 - getConditionDescription Invalid condition id : UX DEVICE CLASS RTOS Condition cause : null
2023-08-24 07:37:39,188 [WARN] ConditionMgr:438 - getConditionDescription Invalid condition id : UX DEVICE CLASS RTOS Condition cause : null
2023-08-24 07:37:39,192 [WARN] PackLoader:240 - Cannot read IP mode file for STMicroelectronics.X-CUBE-AZRTOS-WB.2.0.0
2023-08-24 07:37:39,193 [WARN] ConditionMgr:1039 - genDependencies : Invalid condition id : UX DEVICE CLASS RTOS Condition cause : null
2023-08-24 07:37:39,193 [WARN] ConditionMgr:1039 - genDependencies : Invalid condition id : UX DEVICE CLASS RTOS Condition cause : null
2023-08-24 07:37:39,194 [WARN] ConditionMgr:1039 - genDependencies : Invalid condition id : UX DEVICE CLASS RTOS Condition cause : null
2023-08-24 07:37:39,194 [WARN] ConditionMgr:1039 - genDependencies : Invalid condition id : UX DEVICE CLASS RTOS Condition cause : null
2023-08-24 07:37:39,195 [WARN] ConditionMgr:1039 - genDependencies : Invalid condition id : UX DEVICE CLASS RTOS Condition cause : null
2023-08-24 07:37:39,209 [WARN] PackLoader:240 - Cannot read IP mode file for STMicroelectronics.X-CUBE-FREERTOS.1.0.1
2023-08-24 07:37:39,225 [WARN] PackLoader:240 - Cannot read IP mode file for STMicroelectronics.X-CUBE-BLEMGR.1.0.0
2023-08-24 07:37:39,275 [WARN] PackLoader:240 - Cannot read IP mode file for STMicroelectronics.X-CUBE-AZRTOS-L5.1.1.0
2023-08-24 07:37:39,303 [WARN] PackLoader:240 - Cannot read IP mode file for STMicroelectronics.X-CUBE-SUBG2.5.0.0
2023-08-24 07:37:39,336 [WARN] PackLoader:240 - Cannot read IP mode file for STMicroelectronics.X-CUBE-TOF1.3.3.1
2023-08-24 07:37:39,374 [WARN] PackLoader:240 - Cannot read IP mode file for STMicroelectronics.X-CUBE-AZRTOS-G4.2.0.0
2023-08-24 07:37:39,377 [INFO] WebApp:188 - Starting web application
2023-08-24 07:37:39,377 [INFO] WebApp:520 - Web application path used /home/nilo/st/stm32cubeide_1.13.1/plugins/com.st.stm32cube.common.mx_6.9.1.202307191849/db/plugins/mcufinder/reactClient1/index.html
2023-08-24 07:37:39,383 [WARN] PackLoader:240 - Cannot read IP mode file for STMicroelectronics.FP-ATR-ASTRA1.1.1.1
2023-08-24 07:37:39,403 [WARN] PackLoader:240 - Cannot read IP mode file for STMicroelectronics.X-CUBE-AZRTOS-G4.1.0.0
2023-08-24 07:37:39,434 [WARN] PackLoader:240 - Cannot read IP mode file for STMicroelectronics.X-CUBE-AZRTOS-L4.1.0.0
2023-08-24 07:37:39,481 [WARN] PackLoader:240 - Cannot read IP mode file for STMicroelectronics.X-CUBE-AZRTOS-WL.1.0.0
2023-08-24 07:37:39,500 [WARN] PackLoader:240 - Cannot read IP mode file for portGmbH.I-Cube-SoM-uGOAL.1.1.0
2023-08-24 07:37:39,509 [WARN] PackLoader:240 - Cannot read IP mode file for STMicroelectronics.X-CUBE-ALS.1.0.1
2023-08-24 07:37:39,536 [WARN] PackLoader:240 - Cannot read IP mode file for STMicroelectronics.X-CUBE-AZRTOS-WB.1.1.0
2023-08-24 07:37:39,569 [WARN] PackLoader:240 - Cannot read IP mode file for STMicroelectronics.X-CUBE-AZRTOS-L5.1.0.0
2023-08-24 07:37:39,580 [WARN] PackLoader:240 - Cannot read IP mode file for STMicroelectronics.X-CUBE-EEPRMA1.3.1.1
2023-08-24 07:37:39,590 [WARN] PackLoader:240 - Cannot read IP mode file for STMicroelectronics.FP-ATR-ASTRA1.2.0.0
2023-08-24 07:37:39,592 [INFO] ThirdParty:978 - Integrity check success = true
2023-08-24 07:37:39,593 [INFO] IntegrityCheckThread:100 - exiting critical section [integrity check]
2023-08-24 07:37:39,593 [INFO] IntegrityCheckThread:103 - End integrity checks thread
2023-08-24 08:58:31,988 [ERROR] LogOutputStream:75 - [STDERR_REDIRECT] 
