2023-09-19 10:09:20,782 [INFO] Activator:176 - 


2023-09-19 10:09:20,789 [INFO] Activator:177 - !SESSION log4j initialized
2023-09-19 10:09:28,620 [INFO] LogOutputStream:77 - [STDOUT_REDIRECT] 
2023-09-19 10:09:31,257 [INFO] ApplicationProperties:184 - Using Application install path: /home/nilo/st/stm32cubeide_1.13.1/plugins/com.st.stm32cube.common.mx_6.9.1.202307191849
2023-09-19 10:09:31,327 [INFO] DbMcusXml:78 - Set database path to: /home/nilo/st/stm32cubeide_1.13.1/plugins/com.st.stm32cube.common.mx_6.9.1.202307191849//db//mcu/
2023-09-19 10:09:31,328 [INFO] ApiDb:274 - Set plugin database path to: /home/nilo/st/stm32cubeide_1.13.1/plugins/com.st.stm32cube.common.mx_6.9.1.202307191849//db//plugins/boardmanager/
2023-09-19 10:09:31,336 [WARN] ApiDb:259 - Overriding images path with different value:  => /home/nilo/st/stm32cubeide_1.13.1/plugins/com.st.stm32cube.common.mx_6.9.1.202307191849//db//plugins/mcufinder/images/
2023-09-19 10:09:31,381 [INFO] ApiDb:250 - Set database path to: /home/nilo/.stmcufinder/plugins/mcufinder//mcu/
2023-09-19 10:09:31,383 [INFO] DbMcusAds:125 - Set database path to: /home/nilo/.stmcufinder/plugins/mcufinder//mcu/
2023-09-19 10:09:31,392 [INFO] CrossReferenceDbSqlite:203 - Set database path to: /home/nilo/.stmcufinder/plugins/mcufinder//mcu/cs/
2023-09-19 10:09:31,706 [INFO] RulesReader:64 - Compatibility file has been processed (293 Rules)
2023-09-19 10:09:31,841 [INFO] DbMcusXml:78 - Set database path to: /home/nilo/st/stm32cubeide_1.13.1/plugins/com.st.stm32cube.common.mx_6.9.1.202307191849//db//mcu/
2023-09-19 10:09:31,842 [INFO] ApiDb:274 - Set plugin database path to: /home/nilo/st/stm32cubeide_1.13.1/plugins/com.st.stm32cube.common.mx_6.9.1.202307191849//db//plugins/boardmanager/
2023-09-19 10:09:31,842 [INFO] ApiDb:261 - Set plugin images path to: /home/nilo/st/stm32cubeide_1.13.1/plugins/com.st.stm32cube.common.mx_6.9.1.202307191849//db//plugins/mcufinder/images/
2023-09-19 10:09:31,842 [WARN] DbFile:41 - Overriding database path with different value: /home/nilo/.stmcufinder/plugins/mcufinder/ => /home/nilo/.stmcufinder/plugins/mcufinder
2023-09-19 10:09:31,843 [INFO] ApiDb:250 - Set database path to: /home/nilo/.stmcufinder/plugins/mcufinder//mcu/
2023-09-19 10:09:31,843 [WARN] DbFile:41 - Overriding database path with different value: /home/nilo/.stmcufinder/plugins/mcufinder/ => /home/nilo/.stmcufinder/plugins/mcufinder
2023-09-19 10:09:31,843 [INFO] DbMcusAds:125 - Set database path to: /home/nilo/.stmcufinder/plugins/mcufinder//mcu/
2023-09-19 10:09:31,843 [WARN] DbFile:41 - Overriding database path with different value: /home/nilo/.stmcufinder/plugins/mcufinder/ => /home/nilo/.stmcufinder/plugins/mcufinder
2023-09-19 10:09:31,843 [WARN] DbFile:41 - Overriding database path with different value: /home/nilo/.stmcufinder/plugins/mcufinder/ => /home/nilo/.stmcufinder/plugins/mcufinder
2023-09-19 10:09:31,844 [INFO] CrossReferenceDbSqlite:203 - Set database path to: /home/nilo/.stmcufinder/plugins/mcufinder//mcu/cs/
2023-09-19 10:09:32,001 [INFO] MainPanel:262 - HeapMemory: 268435456
2023-09-19 10:09:32,221 [INFO] DbMcusXml:78 - Set database path to: /home/nilo/st/stm32cubeide_1.13.1/plugins/com.st.stm32cube.common.mx_6.9.1.202307191849//db//mcu/
2023-09-19 10:09:32,222 [INFO] ApiDb:274 - Set plugin database path to: /home/nilo/st/stm32cubeide_1.13.1/plugins/com.st.stm32cube.common.mx_6.9.1.202307191849//db//plugins/boardmanager/
2023-09-19 10:09:32,222 [INFO] ApiDb:261 - Set plugin images path to: /home/nilo/st/stm32cubeide_1.13.1/plugins/com.st.stm32cube.common.mx_6.9.1.202307191849//db//plugins/mcufinder/images/
2023-09-19 10:09:32,223 [WARN] DbFile:41 - Overriding database path with different value: /home/nilo/.stmcufinder/plugins/mcufinder/ => /home/nilo/.stmcufinder/plugins/mcufinder
2023-09-19 10:09:32,223 [INFO] ApiDb:250 - Set database path to: /home/nilo/.stmcufinder/plugins/mcufinder//mcu/
2023-09-19 10:09:32,223 [WARN] DbFile:41 - Overriding database path with different value: /home/nilo/.stmcufinder/plugins/mcufinder/ => /home/nilo/.stmcufinder/plugins/mcufinder
2023-09-19 10:09:32,223 [INFO] DbMcusAds:125 - Set database path to: /home/nilo/.stmcufinder/plugins/mcufinder//mcu/
2023-09-19 10:09:32,224 [WARN] DbFile:41 - Overriding database path with different value: /home/nilo/.stmcufinder/plugins/mcufinder/ => /home/nilo/.stmcufinder/plugins/mcufinder
2023-09-19 10:09:32,224 [WARN] DbFile:41 - Overriding database path with different value: /home/nilo/.stmcufinder/plugins/mcufinder/ => /home/nilo/.stmcufinder/plugins/mcufinder
2023-09-19 10:09:32,224 [INFO] CrossReferenceDbSqlite:203 - Set database path to: /home/nilo/.stmcufinder/plugins/mcufinder//mcu/cs/
2023-09-19 10:09:32,255 [INFO] ApplicationProperties:184 - Using Application install path: /home/nilo/st/stm32cubeide_1.13.1/plugins/com.st.stm32cube.common.mx_6.9.1.202307191849
2023-09-19 10:09:32,258 [INFO] PluginManage:196 - Search for loadable plugins [exclusion list=, ]
2023-09-19 10:09:32,261 [INFO] PluginManage:310 - Check plugin analytics
2023-09-19 10:09:32,548 [INFO] AnalyticsPlugin:253 - Accepted Software Licenses: 
2023-09-19 10:09:32,549 [INFO] AnalyticsPlugin:255 - Accepted CMSIS Pack Licenses: 
2023-09-19 10:09:32,549 [INFO] AnalyticsPlugin:257 - Accepted Firmware Licenses: 
2023-09-19 10:09:32,553 [INFO] PluginManage:359 - Loaded plugin analytics (category:tool,tabindex:-1)
2023-09-19 10:09:32,554 [INFO] PluginManage:310 - Check plugin cadmodel
2023-09-19 10:09:32,564 [INFO] CADModel:105 - Init CAD model plugin
2023-09-19 10:09:32,564 [INFO] PluginManage:359 - Loaded plugin cadmodel (category:power,tabindex:5)
2023-09-19 10:09:32,565 [INFO] PluginManage:310 - Check plugin clock
2023-09-19 10:09:32,583 [INFO] PluginManage:359 - Loaded plugin clock (category:base,tabindex:2)
2023-09-19 10:09:32,584 [INFO] PluginManage:310 - Check plugin ddr
2023-09-19 10:09:32,591 [INFO] PluginManage:359 - Loaded plugin ddr (category:tool,tabindex:6)
2023-09-19 10:09:32,591 [INFO] PluginManage:310 - Check plugin filemanager
2023-09-19 10:09:32,976 [INFO] PluginManage:359 - Loaded plugin filemanager (category:base,tabindex:10)
2023-09-19 10:09:32,976 [INFO] PluginManage:310 - Check plugin ipmanager
2023-09-19 10:09:33,008 [INFO] PluginManage:359 - Loaded plugin ipmanager (category:base,tabindex:5)
2023-09-19 10:09:33,008 [INFO] PluginManage:310 - Check plugin lpbam
2023-09-19 10:09:33,071 [INFO] PluginManage:359 - Loaded plugin lpbam (category:base,tabindex:0)
2023-09-19 10:09:33,073 [INFO] PluginManage:310 - Check plugin memorymap
2023-09-19 10:09:33,118 [INFO] PluginManage:359 - Loaded plugin memorymap (category:base,tabindex:4)
2023-09-19 10:09:33,121 [INFO] PluginManage:310 - Check plugin pinoutandconfiguration
2023-09-19 10:09:33,150 [INFO] PluginManage:359 - Loaded plugin pinoutandconfiguration (category:base,tabindex:1)
2023-09-19 10:09:33,152 [INFO] PluginManage:310 - Check plugin pinoutconfig
2023-09-19 10:09:33,372 [WARN] SupportedApi:132 - Cannot load RTOS API schema: s4s-elt-must-match.1: The content of 'definitions' must match (annotation?, (simpleType | complexType)?, (unique | key | keyref)*)). A problem was found starting at: attribute.
2023-09-19 10:09:33,622 [INFO] PluginManage:359 - Loaded plugin pinoutconfig (category:base,tabindex:0)
2023-09-19 10:09:33,622 [INFO] PluginManage:310 - Check plugin power
2023-09-19 10:09:33,648 [INFO] PluginManage:359 - Loaded plugin power (category:power,tabindex:4)
2023-09-19 10:09:33,648 [INFO] PluginManage:310 - Check plugin projectmanager
2023-09-19 10:09:33,690 [INFO] PluginManage:359 - Loaded plugin projectmanager (category:projectmanager,tabindex:3)
2023-09-19 10:09:33,691 [INFO] PluginManage:310 - Check plugin thirdparty
2023-09-19 10:09:33,947 [WARN] IntegrityCheckThread:84 - waiting for thirdparty lock release [integrity check]
2023-09-19 10:09:33,947 [INFO] IntegrityCheckThread:86 - entering critical section [integrity check]
2023-09-19 10:09:33,947 [INFO] PluginManage:359 - Loaded plugin thirdparty (category:base,tabindex:-1)
2023-09-19 10:09:33,948 [INFO] PluginManage:310 - Check plugin tools
2023-09-19 10:09:33,948 [INFO] ThirdPartyUpdaterWithRetryManager:70 - Updater plugin not ready yet. [1/15]
2023-09-19 10:09:33,951 [INFO] PluginManage:359 - Loaded plugin tools (category:base,tabindex:7)
2023-09-19 10:09:33,951 [INFO] PluginManage:310 - Check plugin tutovideos
2023-09-19 10:09:34,191 [INFO] PluginManage:359 - Loaded plugin tutovideos (category:base,tabindex:-1)
2023-09-19 10:09:34,191 [INFO] PluginManage:310 - Check plugin updater
2023-09-19 10:09:34,213 [INFO] PluginManage:359 - Loaded plugin updater (category:base,tabindex:12)
2023-09-19 10:09:34,213 [INFO] PluginManage:310 - Check plugin userauth
2023-09-19 10:09:34,226 [INFO] UserAuth:113 - Init User Auth plugin
2023-09-19 10:09:34,226 [INFO] PluginManage:359 - Loaded plugin userauth (category:base,tabindex:14)
2023-09-19 10:09:34,227 [INFO] PluginManage:283 - PluginManage : Loaded plugins [17]
2023-09-19 10:09:34,613 [INFO] PinOutPanel:1499 - setPackage(No Configuration,No Configuration)
2023-09-19 10:09:34,749 [INFO] CADModel:165 - CPN selected for project level
2023-09-19 10:09:34,749 [INFO] CADModel:114 - Register for checkConnection events
2023-09-19 10:09:34,763 [INFO] IPUIPlugin:80 - create IPUIPlugin
2023-09-19 10:09:34,763 [INFO] PluginManager:220 - loadIPPluginJar : add quadspi
2023-09-19 10:09:34,766 [INFO] IPUIPlugin:80 - create IPUIPlugin
2023-09-19 10:09:34,766 [INFO] PluginManager:220 - loadIPPluginJar : add tsc
2023-09-19 10:09:34,768 [INFO] IPUIPlugin:80 - create IPUIPlugin
2023-09-19 10:09:34,768 [INFO] PluginManager:220 - loadIPPluginJar : add genericplugin
2023-09-19 10:09:34,776 [INFO] IPUIPlugin:80 - create IPUIPlugin
2023-09-19 10:09:34,776 [INFO] PluginManager:220 - loadIPPluginJar : add i3c
2023-09-19 10:09:34,780 [INFO] IPUIPlugin:80 - create IPUIPlugin
2023-09-19 10:09:34,781 [INFO] PluginManager:220 - loadIPPluginJar : add lorawan
2023-09-19 10:09:34,786 [INFO] IPUIPlugin:80 - create IPUIPlugin
2023-09-19 10:09:34,786 [INFO] PluginManager:220 - loadIPPluginJar : add touchsensing
2023-09-19 10:09:34,805 [INFO] IPUIPlugin:80 - create IPUIPlugin
2023-09-19 10:09:34,807 [INFO] PluginManager:220 - loadIPPluginJar : add dma
2023-09-19 10:09:34,844 [INFO] IPUIPlugin:80 - create IPUIPlugin
2023-09-19 10:09:34,851 [INFO] PluginManager:220 - loadIPPluginJar : add fmc
2023-09-19 10:09:34,857 [INFO] IPUIPlugin:80 - create IPUIPlugin
2023-09-19 10:09:34,858 [INFO] PluginManager:220 - loadIPPluginJar : add spi
2023-09-19 10:09:34,870 [INFO] IPUIPlugin:80 - create IPUIPlugin
2023-09-19 10:09:34,870 [INFO] PluginManager:220 - loadIPPluginJar : add usart
2023-09-19 10:09:34,877 [INFO] IPUIPlugin:80 - create IPUIPlugin
2023-09-19 10:09:34,877 [INFO] PluginManager:220 - loadIPPluginJar : add ts
2023-09-19 10:09:34,888 [INFO] IPUIPlugin:80 - create IPUIPlugin
2023-09-19 10:09:34,893 [INFO] PluginManager:220 - loadIPPluginJar : add plateformsettings
2023-09-19 10:09:34,898 [INFO] IPUIPlugin:80 - create IPUIPlugin
2023-09-19 10:09:34,899 [INFO] PluginManager:220 - loadIPPluginJar : add can
2023-09-19 10:09:34,905 [INFO] IPUIPlugin:80 - create IPUIPlugin
2023-09-19 10:09:34,905 [INFO] PluginManager:220 - loadIPPluginJar : add opamp
2023-09-19 10:09:34,911 [INFO] IPUIPlugin:80 - create IPUIPlugin
2023-09-19 10:09:34,912 [INFO] PluginManager:220 - loadIPPluginJar : add gfxmmu
2023-09-19 10:09:34,917 [INFO] IPUIPlugin:80 - create IPUIPlugin
2023-09-19 10:09:34,917 [INFO] PluginManager:220 - loadIPPluginJar : add comp
2023-09-19 10:09:34,921 [INFO] IPUIPlugin:80 - create IPUIPlugin
2023-09-19 10:09:34,922 [INFO] PluginManager:220 - loadIPPluginJar : add dfsdm
2023-09-19 10:09:34,926 [INFO] IPUIPlugin:80 - create IPUIPlugin
2023-09-19 10:09:34,926 [INFO] PluginManager:220 - loadIPPluginJar : add usbx
2023-09-19 10:09:34,948 [INFO] IPUIPlugin:80 - create IPUIPlugin
2023-09-19 10:09:34,948 [INFO] PluginManager:220 - loadIPPluginJar : add pdm2pcm
2023-09-19 10:09:34,958 [INFO] IPUIPlugin:80 - create IPUIPlugin
2023-09-19 10:09:34,958 [INFO] PluginManager:220 - loadIPPluginJar : add gpio
2023-09-19 10:09:34,964 [INFO] IPUIPlugin:80 - create IPUIPlugin
2023-09-19 10:09:34,964 [INFO] PluginManager:220 - loadIPPluginJar : add openamp
2023-09-19 10:09:34,969 [INFO] IPUIPlugin:80 - create IPUIPlugin
2023-09-19 10:09:34,970 [INFO] PluginManager:220 - loadIPPluginJar : add aes
2023-09-19 10:09:34,977 [INFO] IPUIPlugin:80 - create IPUIPlugin
2023-09-19 10:09:34,977 [INFO] PluginManager:220 - loadIPPluginJar : add hash
2023-09-19 10:09:34,982 [INFO] IPUIPlugin:80 - create IPUIPlugin
2023-09-19 10:09:34,983 [INFO] PluginManager:220 - loadIPPluginJar : add i2s
2023-09-19 10:09:34,987 [INFO] IPUIPlugin:80 - create IPUIPlugin
2023-09-19 10:09:34,989 [INFO] PluginManager:220 - loadIPPluginJar : add tracer_emb
2023-09-19 10:09:35,001 [INFO] IPUIPlugin:80 - create IPUIPlugin
2023-09-19 10:09:35,002 [INFO] PluginManager:220 - loadIPPluginJar : add adc
2023-09-19 10:09:35,010 [INFO] IPUIPlugin:80 - create IPUIPlugin
2023-09-19 10:09:35,010 [INFO] PluginManager:220 - loadIPPluginJar : add freertos
2023-09-19 10:09:35,014 [INFO] IPUIPlugin:80 - create IPUIPlugin
2023-09-19 10:09:35,014 [INFO] PluginManager:220 - loadIPPluginJar : add ucpd
2023-09-19 10:09:35,019 [INFO] IPUIPlugin:80 - create IPUIPlugin
2023-09-19 10:09:35,019 [INFO] PluginManager:220 - loadIPPluginJar : add ipddr
2023-09-19 10:09:35,022 [INFO] IPUIPlugin:80 - create IPUIPlugin
2023-09-19 10:09:35,022 [INFO] PluginManager:220 - loadIPPluginJar : add tim
2023-09-19 10:09:35,029 [INFO] IPUIPlugin:80 - create IPUIPlugin
2023-09-19 10:09:35,030 [INFO] PluginManager:220 - loadIPPluginJar : add resmgrutility
2023-09-19 10:09:35,034 [INFO] IPUIPlugin:80 - create IPUIPlugin
2023-09-19 10:09:35,035 [INFO] PluginManager:220 - loadIPPluginJar : add gtzc
2023-09-19 10:09:35,042 [INFO] IPUIPlugin:80 - create IPUIPlugin
2023-09-19 10:09:35,043 [INFO] PluginManager:220 - loadIPPluginJar : add gic
2023-09-19 10:09:35,055 [INFO] IPUIPlugin:80 - create IPUIPlugin
2023-09-19 10:09:35,056 [INFO] PluginManager:220 - loadIPPluginJar : add linkedlist
2023-09-19 10:09:35,060 [INFO] IPUIPlugin:80 - create IPUIPlugin
2023-09-19 10:09:35,061 [INFO] PluginManager:220 - loadIPPluginJar : add dma3
2023-09-19 10:09:35,065 [INFO] IPUIPlugin:80 - create IPUIPlugin
2023-09-19 10:09:35,066 [INFO] PluginManager:220 - loadIPPluginJar : add sai
2023-09-19 10:09:35,068 [INFO] IPUIPlugin:80 - create IPUIPlugin
2023-09-19 10:09:35,068 [INFO] PluginManager:220 - loadIPPluginJar : add ltdc
2023-09-19 10:09:35,070 [INFO] IPUIPlugin:80 - create IPUIPlugin
2023-09-19 10:09:35,070 [INFO] PluginManager:220 - loadIPPluginJar : add fatfs
2023-09-19 10:09:35,074 [INFO] IPUIPlugin:80 - create IPUIPlugin
2023-09-19 10:09:35,074 [INFO] PluginManager:220 - loadIPPluginJar : add i2c
2023-09-19 10:09:35,084 [INFO] IPUIPlugin:80 - create IPUIPlugin
2023-09-19 10:09:35,085 [INFO] PluginManager:220 - loadIPPluginJar : add mdma
2023-09-19 10:09:35,092 [INFO] IPUIPlugin:80 - create IPUIPlugin
2023-09-19 10:09:35,092 [INFO] PluginManager:220 - loadIPPluginJar : add stm32_wpan
2023-09-19 10:09:35,096 [INFO] IPUIPlugin:80 - create IPUIPlugin
2023-09-19 10:09:35,096 [INFO] PluginManager:220 - loadIPPluginJar : add cryp
2023-09-19 10:09:35,102 [INFO] IPUIPlugin:80 - create IPUIPlugin
2023-09-19 10:09:35,102 [INFO] PluginManager:220 - loadIPPluginJar : add nvic
2023-09-19 10:09:35,225 [INFO] CADModel:165 - CPN selected for project level
2023-09-19 10:09:35,225 [INFO] CADModel:114 - Register for checkConnection events
2023-09-19 10:09:35,225 [FATAL] Updater:308 - Updater called before beeing initialized
2023-09-19 10:09:35,226 [ERROR] CADModel:125 - Updater not yet initialized, retry later 
2023-09-19 10:09:35,537 [INFO] CADModel:165 - CPN selected for project level
2023-09-19 10:09:35,538 [INFO] CADModel:114 - Register for checkConnection events
2023-09-19 10:09:35,538 [FATAL] Updater:308 - Updater called before beeing initialized
2023-09-19 10:09:35,538 [ERROR] CADModel:125 - Updater not yet initialized, retry later 
2023-09-19 10:09:35,544 [FATAL] Updater:308 - Updater called before beeing initialized
2023-09-19 10:09:35,726 [FATAL] Updater:308 - Updater called before beeing initialized
2023-09-19 10:09:35,734 [INFO] DbMcusAds:53 - JSON generation date=Thu Sep 30 03:55:09 BRT 2021 (1632984909247)
2023-09-19 10:09:35,734 [FATAL] Updater:308 - Updater called before beeing initialized
2023-09-19 10:09:35,788 [WARN] DetailPanel:346 - Failed to get advertising image, set to default
2023-09-19 10:09:35,946 [FATAL] Updater:308 - Updater called before beeing initialized
2023-09-19 10:09:35,952 [FATAL] Updater:308 - Updater called before beeing initialized
2023-09-19 10:09:35,952 [FATAL] Updater:308 - Updater called before beeing initialized
2023-09-19 10:09:35,953 [WARN] DetailPanel:346 - Failed to get advertising image, set to default
2023-09-19 10:09:35,954 [FATAL] Updater:308 - Updater called before beeing initialized
2023-09-19 10:09:36,069 [ERROR] Updater:1120 - MainUpdater not yet initialized. External WinMGr cannot be set.
2023-09-19 10:09:36,072 [INFO] Updater:1056 - Updater Version found : 6.9.1
2023-09-19 10:09:36,137 [INFO] ApplicationProperties:184 - Using Application install path: /home/nilo/st/stm32cubeide_1.13.1/plugins/com.st.stm32cube.common.mx_6.9.1.202307191849
2023-09-19 10:09:36,553 [INFO] MainUpdater:2868 - connection check result : 10
2023-09-19 10:09:36,553 [INFO] MainUpdater:3562 - Updater definition file requires update
2023-09-19 10:09:36,565 [INFO] MainUpdater:285 - Updater Check For Update Now.
2023-09-19 10:09:36,565 [INFO] MicroXplorer:498 - Change Database Version : DB.6.0.91
2023-09-19 10:09:36,573 [INFO] McuFinderGlobals:63 - Set McuFinder mode to 2 (CubeIDE integrated)
2023-09-19 10:09:36,573 [INFO] UserAuth:179 - activating auth plugin
2023-09-19 10:09:36,580 [INFO] UserAuth:393 - Internet connection configuration mode: 1
2023-09-19 10:09:36,589 [INFO] ServerAccessManage:473 - Download File updaters.zip
2023-09-19 10:09:36,635 [INFO] JxBrowserEngine:151 - Initiate JxBrowser Engine with user profile folder
2023-09-19 10:09:36,757 [INFO] FileExtend:240 - Unzip File : updaters.zip
2023-09-19 10:09:36,757 [INFO] FileExtend:255 - Standard Zip Deflate
2023-09-19 10:09:36,949 [WARN] MainUpdater:1189 - Updater busy. Cannot search thirdparties
2023-09-19 10:09:36,961 [INFO] ThirdPartyUpdaterWithRetryManager:96 - Updater plugin is busy. [1/15]
2023-09-19 10:09:37,130 [INFO] ServerAccessManage:473 - Download File PacksControlFlags.xml
2023-09-19 10:09:37,209 [INFO] ServerAccessManage:473 - Download File cubemx.pidx
2023-09-19 10:09:37,668 [INFO] ServerAccessManage:473 - Download File STMicroelectronics.FP-SNS-SMARTAG2.pdsc
2023-09-19 10:09:38,125 [INFO] ServerAccessManage:473 - Download File STMicroelectronics.X-CUBE-FREERTOS.pdsc
2023-09-19 10:09:38,599 [INFO] ServerAccessManage:473 - Download File STMicroelectronics.X-CUBE-NFC6.pdsc
2023-09-19 10:09:38,947 [INFO] WebApp:157 - Instantiating new browser for Auth
2023-09-19 10:09:39,962 [WARN] MainUpdater:1189 - Updater busy. Cannot search thirdparties
2023-09-19 10:09:39,962 [INFO] ThirdPartyUpdaterWithRetryManager:96 - Updater plugin is busy. [2/15]
2023-09-19 10:09:40,009 [WARN] PackLoader:240 - Cannot read IP mode file for STMicroelectronics.FP-SNS-SMARTAG2.1.2.0
2023-09-19 10:09:40,050 [WARN] PackLoader:240 - Cannot read IP mode file for STMicroelectronics.X-CUBE-FREERTOS.1.1.0
2023-09-19 10:09:40,090 [WARN] PackLoader:240 - Cannot read IP mode file for STMicroelectronics.X-CUBE-NFC6.3.0.0
2023-09-19 10:09:40,115 [INFO] PopulateThirdPartyThread:66 - Ending populate Thread
2023-09-19 10:09:40,120 [INFO] ThirdParty:1030 - CMSIS Pack Vendor :STMicroelectronics FP-SNS-SMARTAG2 1.2.0
2023-09-19 10:09:40,120 [INFO] ThirdParty:1030 - CMSIS Pack Vendor :STMicroelectronics X-CUBE-FREERTOS 1.1.0
2023-09-19 10:09:40,120 [INFO] ThirdParty:1030 - CMSIS Pack Vendor :STMicroelectronics X-CUBE-NFC6 3.0.0
2023-09-19 10:09:40,120 [INFO] LoadServerUpdatesThread:373 - End of LoadServerUpdate Thread
2023-09-19 10:09:40,204 [INFO] CheckServerUpdateThread:120 - End of CheckServer Thread
2023-09-19 10:09:40,728 [INFO] WebApp:753 - Register for checkConnection events
2023-09-19 10:09:40,729 [INFO] WebApp:390 - Apply proxy settings
2023-09-19 10:09:40,730 [INFO] WebApp:475 - Chromium requires no authentication
2023-09-19 10:09:40,756 [INFO] WebApp:418 - Direct internet connection detected
2023-09-19 10:09:41,118 [INFO] WebApp:188 - Starting web application
2023-09-19 10:09:41,119 [INFO] WebApp:520 - Web application path used /home/nilo/st/stm32cubeide_1.13.1/plugins/com.st.stm32cube.common.mx_6.9.1.202307191849/db/plugins/mcufinder/reactClient1/index.html
2023-09-19 10:09:43,109 [WARN] PackLoader:240 - Cannot read IP mode file for STMicroelectronics.X-CUBE-SMBUS.2.1.0
2023-09-19 10:09:43,145 [WARN] PackLoader:240 - Cannot read IP mode file for STMicroelectronics.X-CUBE-AZRTOS-F7.1.1.0
2023-09-19 10:09:43,162 [WARN] PackLoader:240 - Cannot read IP mode file for STMicroelectronics.FP-SNS-MOTENV1.4.3.2
2023-09-19 10:09:43,173 [WARN] PackLoader:240 - Cannot read IP mode file for STMicroelectronics.X-CUBE-BLE1.6.2.3
2023-09-19 10:09:43,180 [WARN] PackLoader:240 - Cannot read IP mode file for STMicroelectronics.X-CUBE-BLE1.6.2.4
2023-09-19 10:09:43,186 [WARN] PackLoader:240 - Cannot read IP mode file for STMicroelectronics.FP-SNS-FLIGHT1.5.0.2
2023-09-19 10:09:43,202 [WARN] PackLoader:240 - Cannot read IP mode file for STMicroelectronics.X-CUBE-TOF1.3.1.0
2023-09-19 10:09:43,221 [WARN] PackLoader:240 - Cannot read IP mode file for STMicroelectronics.X-CUBE-DISPLAY.3.0.0
2023-09-19 10:09:43,235 [WARN] PackLoader:240 - Cannot read IP mode file for STMicroelectronics.X-CUBE-BLE1.7.0.0
2023-09-19 10:09:43,240 [WARN] PackLoader:240 - Cannot read IP mode file for STMicroelectronics.X-CUBE-TOUCHGFX.4.22.0
2023-09-19 10:09:43,327 [WARN] PackLoader:240 - Cannot read IP mode file for STMicroelectronics.X-CUBE-MEMS1.9.3.0
2023-09-19 10:09:43,560 [WARN] PackLoader:240 - Cannot read IP mode file for STMicroelectronics.X-CUBE-AI.7.2.0
2023-09-19 10:09:43,566 [WARN] PackLoader:240 - Cannot read IP mode file for STMicroelectronics.FP-SNS-SMARTAG2.1.2.0
2023-09-19 10:09:43,582 [INFO] LogOutputStream:77 - [STDOUT_REDIRECT] 1 : Invalid condition id : UX_CORESTACK_Condition cause : null
2023-09-19 10:09:43,585 [INFO] LogOutputStream:77 - [STDOUT_REDIRECT] 1 : Invalid condition id : UX_CORESTACK_Condition cause : null
2023-09-19 10:09:43,585 [INFO] LogOutputStream:77 - [STDOUT_REDIRECT] 1 : Invalid condition id : UX_CORESTACK_Condition cause : null
2023-09-19 10:09:43,586 [INFO] LogOutputStream:77 - [STDOUT_REDIRECT] 1 : Invalid condition id : UX_CORESTACK_Condition cause : null
2023-09-19 10:09:43,586 [INFO] LogOutputStream:77 - [STDOUT_REDIRECT] 1 : Invalid condition id : UX_CORESTACK_Condition cause : null
2023-09-19 10:09:43,592 [WARN] PackLoader:240 - Cannot read IP mode file for STMicroelectronics.X-CUBE-AZRTOS-WL.2.0.0
2023-09-19 10:09:43,603 [WARN] PackLoader:240 - Cannot read IP mode file for WES.I-CUBE-Cesium.1.3.0
2023-09-19 10:09:43,609 [WARN] PackLoader:240 - Cannot read IP mode file for STMicroelectronics.X-CUBE-BLE2.3.3.0
2023-09-19 10:09:43,617 [WARN] PackLoader:240 - Cannot read IP mode file for STMicroelectronics.X-CUBE-DISPLAY.2.2.0
2023-09-19 10:09:43,637 [WARN] PackLoader:240 - Cannot read IP mode file for STMicroelectronics.X-CUBE-TOF1.3.2.0
2023-09-19 10:09:43,654 [WARN] PackLoader:240 - Cannot read IP mode file for STMicroelectronics.X-CUBE-ISPU.1.0.0
2023-09-19 10:09:43,727 [WARN] PackLoader:240 - Cannot read IP mode file for STMicroelectronics.X-CUBE-AZRTOS-H7.2.1.0
2023-09-19 10:09:43,747 [WARN] PackLoader:240 - Cannot read IP mode file for STMicroelectronics.X-CUBE-TOUCHGFX.4.21.1
2023-09-19 10:09:43,752 [WARN] PackLoader:240 - Cannot read IP mode file for STMicroelectronics.X-CUBE-TOUCHGFX.4.21.0
2023-09-19 10:09:43,841 [WARN] PackLoader:240 - Cannot read IP mode file for STMicroelectronics.X-CUBE-MEMS1.9.4.0
2023-09-19 10:09:44,061 [WARN] PackLoader:240 - Cannot read IP mode file for STMicroelectronics.X-CUBE-AI.7.3.0
2023-09-19 10:09:44,068 [WARN] PackLoader:240 - Cannot read IP mode file for STMicroelectronics.X-CUBE-ALGOBUILD.1.3.0
2023-09-19 10:09:44,086 [WARN] PackLoader:240 - Cannot read IP mode file for STMicroelectronics.X-CUBE-AZRTOS-G0.1.1.0
2023-09-19 10:09:44,095 [WARN] PackLoader:240 - Cannot read IP mode file for STMicroelectronics.X-CUBE-NFC4.3.0.0
2023-09-19 10:09:44,143 [WARN] PackLoader:240 - Cannot read IP mode file for SEGGER.I-CUBE-embOS.1.2.0
2023-09-19 10:09:44,199 [WARN] PackLoader:240 - Cannot read IP mode file for STMicroelectronics.X-CUBE-BLEMGR.1.3.0
2023-09-19 10:09:44,206 [WARN] PackLoader:240 - Cannot read IP mode file for STMicroelectronics.FP-ATR-SIGFOX1.3.2.0
2023-09-19 10:09:44,214 [WARN] PackLoader:240 - Cannot read IP mode file for emotas.I-CUBE-CANOPEN.1.1.2
2023-09-19 10:09:44,217 [WARN] PackLoader:240 - Cannot read IP mode file for STMicroelectronics.X-CUBE-TOUCHGFX.4.20.0
2023-09-19 10:09:44,274 [WARN] PackLoader:240 - Cannot read IP mode file for STMicroelectronics.X-CUBE-MEMS1.9.5.0
2023-09-19 10:09:44,528 [WARN] PackLoader:240 - Cannot read IP mode file for SEGGER.I-CUBE-embOS.1.3.1
2023-09-19 10:09:44,608 [WARN] PackLoader:240 - Cannot read IP mode file for STMicroelectronics.X-CUBE-GNSS1.6.0.0
2023-09-19 10:09:44,637 [WARN] PackLoader:240 - Cannot read IP mode file for STMicroelectronics.X-CUBE-AZRTOS-F4.1.1.0
2023-09-19 10:09:44,650 [WARN] PackLoader:240 - Cannot read IP mode file for STMicroelectronics.X-CUBE-BLEMGR.1.2.0
2023-09-19 10:09:44,670 [WARN] PackLoader:240 - Cannot read IP mode file for STMicroelectronics.X-CUBE-AZRTOS-L5.2.0.0
2023-09-19 10:09:44,726 [WARN] PackLoader:240 - Cannot read IP mode file for STMicroelectronics.X-CUBE-MEMS1.9.6.0
2023-09-19 10:09:44,951 [WARN] PackLoader:240 - Cannot read IP mode file for STMicroelectronics.X-CUBE-BLEMGR.2.0.0
2023-09-19 10:09:44,961 [WARN] PackLoader:240 - Cannot read IP mode file for STMicroelectronics.X-CUBE-NFC4.2.0.5
2023-09-19 10:09:44,968 [WARN] PackLoader:240 - Cannot read IP mode file for STMicroelectronics.X-CUBE-NFC4.2.0.4
2023-09-19 10:09:44,989 [WARN] ConditionMgr:438 - getConditionDescription Invalid condition id : UX DEVICE CLASS RTOS Condition cause : null
2023-09-19 10:09:44,990 [WARN] ConditionMgr:438 - getConditionDescription Invalid condition id : UX DEVICE CLASS RTOS Condition cause : null
2023-09-19 10:09:44,999 [WARN] PackLoader:240 - Cannot read IP mode file for STMicroelectronics.X-CUBE-AZRTOS-H7.3.1.0
2023-09-19 10:09:45,001 [WARN] ConditionMgr:1039 - genDependencies : Invalid condition id : UX DEVICE CLASS RTOS Condition cause : null
2023-09-19 10:09:45,001 [WARN] ConditionMgr:1039 - genDependencies : Invalid condition id : UX DEVICE CLASS RTOS Condition cause : null
2023-09-19 10:09:45,002 [WARN] ConditionMgr:1039 - genDependencies : Invalid condition id : UX DEVICE CLASS RTOS Condition cause : null
2023-09-19 10:09:45,003 [WARN] ConditionMgr:1039 - genDependencies : Invalid condition id : UX DEVICE CLASS RTOS Condition cause : null
2023-09-19 10:09:45,003 [WARN] ConditionMgr:1039 - genDependencies : Invalid condition id : UX DEVICE CLASS RTOS Condition cause : null
2023-09-19 10:09:45,010 [WARN] PackLoader:240 - Cannot read IP mode file for wolfSSL.I-CUBE-wolfSSL.5.5.0
2023-09-19 10:09:45,016 [WARN] PackLoader:240 - Cannot read IP mode file for STMicroelectronics.X-CUBE-NFC7.1.0.1
2023-09-19 10:09:45,021 [WARN] PackLoader:240 - Cannot read IP mode file for STMicroelectronics.X-CUBE-NFC7.1.0.0
2023-09-19 10:09:45,031 [WARN] PackLoader:240 - Cannot read IP mode file for STMicroelectronics.X-CUBE-NFC6.3.0.0
2023-09-19 10:09:45,039 [WARN] PackLoader:240 - Cannot read IP mode file for STMicroelectronics.X-CUBE-EEPRMA1.4.1.0
2023-09-19 10:09:45,045 [WARN] PackLoader:240 - Cannot read IP mode file for STMicroelectronics.X-CUBE-AI.8.1.0
2023-09-19 10:09:45,068 [WARN] ConditionMgr:438 - getConditionDescription Invalid condition id : LAN8742 Phy interface Condition cause : null
2023-09-19 10:09:45,068 [WARN] PackLoader:240 - Cannot read IP mode file for STMicroelectronics.X-CUBE-AZRTOS-L4.2.0.0
2023-09-19 10:09:45,070 [WARN] ConditionMgr:1039 - genDependencies : Invalid condition id : LAN8742 Phy interface Condition cause : null
2023-09-19 10:09:45,071 [WARN] ConditionMgr:1039 - genDependencies : Invalid condition id : LAN8742 Phy interface Condition cause : null
2023-09-19 10:09:45,074 [WARN] ConditionMgr:1039 - genDependencies : Invalid condition id : LAN8742 Phy interface Condition cause : null
2023-09-19 10:09:45,083 [WARN] PackLoader:240 - Cannot read IP mode file for STMicroelectronics.X-CUBE-SFXS2LP1.4.0.0
2023-09-19 10:09:45,109 [WARN] PackLoader:240 - Cannot read IP mode file for STMicroelectronics.X-CUBE-AZRTOS-H7.3.0.0
2023-09-19 10:09:45,118 [WARN] PackLoader:240 - Cannot read IP mode file for STMicroelectronics.X-CUBE-ISPU.1.1.0
2023-09-19 10:09:45,127 [WARN] PackLoader:240 - Cannot read IP mode file for RoweBots.I-CUBE-UNISONRTOS.5.5.0-4
2023-09-19 10:09:45,132 [WARN] PackLoader:240 - Cannot read IP mode file for STMicroelectronics.X-CUBE-AI.8.0.0
2023-09-19 10:09:45,145 [WARN] ConditionMgr:438 - getConditionDescription Invalid condition id : UX DEVICE CLASS RTOS Condition cause : null
2023-09-19 10:09:45,146 [WARN] ConditionMgr:438 - getConditionDescription Invalid condition id : UX DEVICE CLASS RTOS Condition cause : null
2023-09-19 10:09:45,148 [WARN] PackLoader:240 - Cannot read IP mode file for STMicroelectronics.X-CUBE-AZRTOS-WB.2.0.0
2023-09-19 10:09:45,149 [WARN] ConditionMgr:1039 - genDependencies : Invalid condition id : UX DEVICE CLASS RTOS Condition cause : null
2023-09-19 10:09:45,149 [WARN] ConditionMgr:1039 - genDependencies : Invalid condition id : UX DEVICE CLASS RTOS Condition cause : null
2023-09-19 10:09:45,150 [WARN] ConditionMgr:1039 - genDependencies : Invalid condition id : UX DEVICE CLASS RTOS Condition cause : null
2023-09-19 10:09:45,150 [WARN] ConditionMgr:1039 - genDependencies : Invalid condition id : UX DEVICE CLASS RTOS Condition cause : null
2023-09-19 10:09:45,150 [WARN] ConditionMgr:1039 - genDependencies : Invalid condition id : UX DEVICE CLASS RTOS Condition cause : null
2023-09-19 10:09:45,156 [WARN] PackLoader:240 - Cannot read IP mode file for STMicroelectronics.X-CUBE-FREERTOS.1.0.1
2023-09-19 10:09:45,164 [WARN] PackLoader:240 - Cannot read IP mode file for STMicroelectronics.X-CUBE-BLEMGR.1.0.0
2023-09-19 10:09:45,182 [WARN] PackLoader:240 - Cannot read IP mode file for STMicroelectronics.X-CUBE-AZRTOS-L5.1.1.0
2023-09-19 10:09:45,196 [WARN] PackLoader:240 - Cannot read IP mode file for STMicroelectronics.X-CUBE-SUBG2.5.0.0
2023-09-19 10:09:45,212 [WARN] PackLoader:240 - Cannot read IP mode file for STMicroelectronics.X-CUBE-TOF1.3.3.1
2023-09-19 10:09:45,237 [WARN] PackLoader:240 - Cannot read IP mode file for STMicroelectronics.X-CUBE-AZRTOS-G4.2.0.0
2023-09-19 10:09:45,242 [WARN] PackLoader:240 - Cannot read IP mode file for STMicroelectronics.FP-ATR-ASTRA1.1.1.1
2023-09-19 10:09:45,286 [WARN] PackLoader:240 - Cannot read IP mode file for STMicroelectronics.X-CUBE-AZRTOS-G4.1.0.0
2023-09-19 10:09:45,304 [WARN] PackLoader:240 - Cannot read IP mode file for STMicroelectronics.X-CUBE-AZRTOS-L4.1.0.0
2023-09-19 10:09:45,312 [WARN] PackLoader:240 - Cannot read IP mode file for STMicroelectronics.X-CUBE-FREERTOS.1.1.0
2023-09-19 10:09:45,322 [WARN] PackLoader:240 - Cannot read IP mode file for STMicroelectronics.X-CUBE-AZRTOS-WL.1.0.0
2023-09-19 10:09:45,328 [WARN] PackLoader:240 - Cannot read IP mode file for portGmbH.I-Cube-SoM-uGOAL.1.1.0
2023-09-19 10:09:45,332 [WARN] PackLoader:240 - Cannot read IP mode file for STMicroelectronics.X-CUBE-ALS.1.0.1
2023-09-19 10:09:45,347 [WARN] PackLoader:240 - Cannot read IP mode file for STMicroelectronics.X-CUBE-AZRTOS-WB.1.1.0
2023-09-19 10:09:45,364 [WARN] PackLoader:240 - Cannot read IP mode file for STMicroelectronics.X-CUBE-AZRTOS-L5.1.0.0
2023-09-19 10:09:45,371 [WARN] PackLoader:240 - Cannot read IP mode file for STMicroelectronics.X-CUBE-EEPRMA1.3.1.1
2023-09-19 10:09:45,376 [WARN] PackLoader:240 - Cannot read IP mode file for STMicroelectronics.FP-ATR-ASTRA1.2.0.0
2023-09-19 10:09:45,377 [INFO] ThirdParty:978 - Integrity check success = true
2023-09-19 10:09:45,377 [INFO] IntegrityCheckThread:100 - exiting critical section [integrity check]
2023-09-19 10:09:45,377 [INFO] IntegrityCheckThread:103 - End integrity checks thread
2023-09-19 16:21:13,601 [ERROR] LogOutputStream:75 - [STDERR_REDIRECT] 
