2023-08-17 13:40:48,979 [INFO] Activator:176 - 


2023-08-17 13:40:48,987 [INFO] Activator:177 - !SESSION log4j initialized
2023-08-17 13:40:57,751 [INFO] LogOutputStream:77 - [STDOUT_REDIRECT] 
2023-08-17 13:40:59,385 [INFO] ApplicationProperties:184 - Using Application install path: /home/nilo/st/stm32cubeide_1.13.1/plugins/com.st.stm32cube.common.mx_6.9.1.202307191849
2023-08-17 13:40:59,441 [INFO] DbMcusXml:78 - Set database path to: /home/nilo/st/stm32cubeide_1.13.1/plugins/com.st.stm32cube.common.mx_6.9.1.202307191849//db//mcu/
2023-08-17 13:40:59,442 [INFO] ApiDb:274 - Set plugin database path to: /home/nilo/st/stm32cubeide_1.13.1/plugins/com.st.stm32cube.common.mx_6.9.1.202307191849//db//plugins/boardmanager/
2023-08-17 13:40:59,443 [WARN] ApiDb:259 - Overriding images path with different value:  => /home/nilo/st/stm32cubeide_1.13.1/plugins/com.st.stm32cube.common.mx_6.9.1.202307191849//db//plugins/mcufinder/images/
2023-08-17 13:40:59,490 [INFO] ApiDb:250 - Set database path to: /home/nilo/.stmcufinder/plugins/mcufinder//mcu/
2023-08-17 13:40:59,492 [INFO] DbMcusAds:125 - Set database path to: /home/nilo/.stmcufinder/plugins/mcufinder//mcu/
2023-08-17 13:40:59,499 [INFO] CrossReferenceDbSqlite:203 - Set database path to: /home/nilo/.stmcufinder/plugins/mcufinder//mcu/cs/
2023-08-17 13:40:59,855 [INFO] RulesReader:64 - Compatibility file has been processed (293 Rules)
2023-08-17 13:41:00,057 [INFO] DbMcusXml:78 - Set database path to: /home/nilo/st/stm32cubeide_1.13.1/plugins/com.st.stm32cube.common.mx_6.9.1.202307191849//db//mcu/
2023-08-17 13:41:00,057 [INFO] ApiDb:274 - Set plugin database path to: /home/nilo/st/stm32cubeide_1.13.1/plugins/com.st.stm32cube.common.mx_6.9.1.202307191849//db//plugins/boardmanager/
2023-08-17 13:41:00,057 [INFO] ApiDb:261 - Set plugin images path to: /home/nilo/st/stm32cubeide_1.13.1/plugins/com.st.stm32cube.common.mx_6.9.1.202307191849//db//plugins/mcufinder/images/
2023-08-17 13:41:00,058 [WARN] DbFile:41 - Overriding database path with different value: /home/nilo/.stmcufinder/plugins/mcufinder/ => /home/nilo/.stmcufinder/plugins/mcufinder
2023-08-17 13:41:00,059 [INFO] ApiDb:250 - Set database path to: /home/nilo/.stmcufinder/plugins/mcufinder//mcu/
2023-08-17 13:41:00,059 [WARN] DbFile:41 - Overriding database path with different value: /home/nilo/.stmcufinder/plugins/mcufinder/ => /home/nilo/.stmcufinder/plugins/mcufinder
2023-08-17 13:41:00,060 [INFO] DbMcusAds:125 - Set database path to: /home/nilo/.stmcufinder/plugins/mcufinder//mcu/
2023-08-17 13:41:00,060 [WARN] DbFile:41 - Overriding database path with different value: /home/nilo/.stmcufinder/plugins/mcufinder/ => /home/nilo/.stmcufinder/plugins/mcufinder
2023-08-17 13:41:00,060 [WARN] DbFile:41 - Overriding database path with different value: /home/nilo/.stmcufinder/plugins/mcufinder/ => /home/nilo/.stmcufinder/plugins/mcufinder
2023-08-17 13:41:00,060 [INFO] CrossReferenceDbSqlite:203 - Set database path to: /home/nilo/.stmcufinder/plugins/mcufinder//mcu/cs/
2023-08-17 13:41:00,322 [INFO] MainPanel:262 - HeapMemory: 268435456
2023-08-17 13:41:00,670 [INFO] DbMcusXml:78 - Set database path to: /home/nilo/st/stm32cubeide_1.13.1/plugins/com.st.stm32cube.common.mx_6.9.1.202307191849//db//mcu/
2023-08-17 13:41:00,670 [INFO] ApiDb:274 - Set plugin database path to: /home/nilo/st/stm32cubeide_1.13.1/plugins/com.st.stm32cube.common.mx_6.9.1.202307191849//db//plugins/boardmanager/
2023-08-17 13:41:00,671 [INFO] ApiDb:261 - Set plugin images path to: /home/nilo/st/stm32cubeide_1.13.1/plugins/com.st.stm32cube.common.mx_6.9.1.202307191849//db//plugins/mcufinder/images/
2023-08-17 13:41:00,672 [WARN] DbFile:41 - Overriding database path with different value: /home/nilo/.stmcufinder/plugins/mcufinder/ => /home/nilo/.stmcufinder/plugins/mcufinder
2023-08-17 13:41:00,672 [INFO] ApiDb:250 - Set database path to: /home/nilo/.stmcufinder/plugins/mcufinder//mcu/
2023-08-17 13:41:00,672 [WARN] DbFile:41 - Overriding database path with different value: /home/nilo/.stmcufinder/plugins/mcufinder/ => /home/nilo/.stmcufinder/plugins/mcufinder
2023-08-17 13:41:00,673 [INFO] DbMcusAds:125 - Set database path to: /home/nilo/.stmcufinder/plugins/mcufinder//mcu/
2023-08-17 13:41:00,673 [WARN] DbFile:41 - Overriding database path with different value: /home/nilo/.stmcufinder/plugins/mcufinder/ => /home/nilo/.stmcufinder/plugins/mcufinder
2023-08-17 13:41:00,673 [WARN] DbFile:41 - Overriding database path with different value: /home/nilo/.stmcufinder/plugins/mcufinder/ => /home/nilo/.stmcufinder/plugins/mcufinder
2023-08-17 13:41:00,673 [INFO] CrossReferenceDbSqlite:203 - Set database path to: /home/nilo/.stmcufinder/plugins/mcufinder//mcu/cs/
2023-08-17 13:41:00,750 [INFO] ApplicationProperties:184 - Using Application install path: /home/nilo/st/stm32cubeide_1.13.1/plugins/com.st.stm32cube.common.mx_6.9.1.202307191849
2023-08-17 13:41:00,762 [INFO] PluginManage:196 - Search for loadable plugins [exclusion list=, ]
2023-08-17 13:41:00,771 [INFO] PluginManage:310 - Check plugin analytics
2023-08-17 13:41:01,371 [INFO] AnalyticsPlugin:253 - Accepted Software Licenses: 
2023-08-17 13:41:01,371 [INFO] AnalyticsPlugin:255 - Accepted CMSIS Pack Licenses: 
2023-08-17 13:41:01,371 [INFO] AnalyticsPlugin:257 - Accepted Firmware Licenses: 
2023-08-17 13:41:01,376 [INFO] PluginManage:359 - Loaded plugin analytics (category:tool,tabindex:-1)
2023-08-17 13:41:01,377 [INFO] PluginManage:310 - Check plugin cadmodel
2023-08-17 13:41:01,397 [INFO] CADModel:105 - Init CAD model plugin
2023-08-17 13:41:01,398 [INFO] PluginManage:359 - Loaded plugin cadmodel (category:power,tabindex:5)
2023-08-17 13:41:01,399 [INFO] PluginManage:310 - Check plugin clock
2023-08-17 13:41:01,449 [INFO] PluginManage:359 - Loaded plugin clock (category:base,tabindex:2)
2023-08-17 13:41:01,450 [INFO] PluginManage:310 - Check plugin ddr
2023-08-17 13:41:01,453 [INFO] PluginManage:359 - Loaded plugin ddr (category:tool,tabindex:6)
2023-08-17 13:41:01,454 [INFO] PluginManage:310 - Check plugin filemanager
2023-08-17 13:41:01,847 [INFO] PluginManage:359 - Loaded plugin filemanager (category:base,tabindex:10)
2023-08-17 13:41:01,847 [INFO] PluginManage:310 - Check plugin ipmanager
2023-08-17 13:41:01,864 [INFO] PluginManage:359 - Loaded plugin ipmanager (category:base,tabindex:5)
2023-08-17 13:41:01,865 [INFO] PluginManage:310 - Check plugin lpbam
2023-08-17 13:41:01,887 [INFO] PluginManage:359 - Loaded plugin lpbam (category:base,tabindex:0)
2023-08-17 13:41:01,888 [INFO] PluginManage:310 - Check plugin memorymap
2023-08-17 13:41:01,920 [INFO] PluginManage:359 - Loaded plugin memorymap (category:base,tabindex:4)
2023-08-17 13:41:01,921 [INFO] PluginManage:310 - Check plugin pinoutandconfiguration
2023-08-17 13:41:01,944 [INFO] PluginManage:359 - Loaded plugin pinoutandconfiguration (category:base,tabindex:1)
2023-08-17 13:41:01,945 [INFO] PluginManage:310 - Check plugin pinoutconfig
2023-08-17 13:41:02,164 [WARN] SupportedApi:132 - Cannot load RTOS API schema: s4s-elt-must-match.1: The content of 'definitions' must match (annotation?, (simpleType | complexType)?, (unique | key | keyref)*)). A problem was found starting at: attribute.
2023-08-17 13:41:02,513 [INFO] PluginManage:359 - Loaded plugin pinoutconfig (category:base,tabindex:0)
2023-08-17 13:41:02,514 [INFO] PluginManage:310 - Check plugin power
2023-08-17 13:41:02,556 [INFO] PluginManage:359 - Loaded plugin power (category:power,tabindex:4)
2023-08-17 13:41:02,557 [INFO] PluginManage:310 - Check plugin projectmanager
2023-08-17 13:41:02,595 [INFO] PluginManage:359 - Loaded plugin projectmanager (category:projectmanager,tabindex:3)
2023-08-17 13:41:02,596 [INFO] PluginManage:310 - Check plugin thirdparty
2023-08-17 13:41:02,914 [INFO] PluginManage:359 - Loaded plugin thirdparty (category:base,tabindex:-1)
2023-08-17 13:41:02,915 [INFO] PluginManage:310 - Check plugin tools
2023-08-17 13:41:02,915 [WARN] IntegrityCheckThread:84 - waiting for thirdparty lock release [integrity check]
2023-08-17 13:41:02,919 [INFO] PluginManage:359 - Loaded plugin tools (category:base,tabindex:7)
2023-08-17 13:41:02,919 [INFO] PluginManage:310 - Check plugin tutovideos
2023-08-17 13:41:02,920 [INFO] IntegrityCheckThread:86 - entering critical section [integrity check]
2023-08-17 13:41:02,923 [INFO] ThirdPartyUpdaterWithRetryManager:70 - Updater plugin not ready yet. [1/15]
2023-08-17 13:41:03,345 [INFO] PluginManage:359 - Loaded plugin tutovideos (category:base,tabindex:-1)
2023-08-17 13:41:03,345 [INFO] PluginManage:310 - Check plugin updater
2023-08-17 13:41:03,367 [INFO] PluginManage:359 - Loaded plugin updater (category:base,tabindex:12)
2023-08-17 13:41:03,367 [INFO] PluginManage:310 - Check plugin userauth
2023-08-17 13:41:03,378 [INFO] UserAuth:113 - Init User Auth plugin
2023-08-17 13:41:03,378 [INFO] PluginManage:359 - Loaded plugin userauth (category:base,tabindex:14)
2023-08-17 13:41:03,380 [INFO] PluginManage:283 - PluginManage : Loaded plugins [17]
2023-08-17 13:41:03,756 [INFO] PinOutPanel:1499 - setPackage(No Configuration,No Configuration)
2023-08-17 13:41:03,954 [INFO] CADModel:165 - CPN selected for project level
2023-08-17 13:41:03,955 [INFO] CADModel:114 - Register for checkConnection events
2023-08-17 13:41:03,973 [INFO] IPUIPlugin:80 - create IPUIPlugin
2023-08-17 13:41:03,973 [INFO] PluginManager:220 - loadIPPluginJar : add quadspi
2023-08-17 13:41:03,976 [INFO] IPUIPlugin:80 - create IPUIPlugin
2023-08-17 13:41:03,976 [INFO] PluginManager:220 - loadIPPluginJar : add tsc
2023-08-17 13:41:03,980 [INFO] IPUIPlugin:80 - create IPUIPlugin
2023-08-17 13:41:03,981 [INFO] PluginManager:220 - loadIPPluginJar : add genericplugin
2023-08-17 13:41:03,993 [INFO] IPUIPlugin:80 - create IPUIPlugin
2023-08-17 13:41:03,994 [INFO] PluginManager:220 - loadIPPluginJar : add i3c
2023-08-17 13:41:03,999 [INFO] IPUIPlugin:80 - create IPUIPlugin
2023-08-17 13:41:04,000 [INFO] PluginManager:220 - loadIPPluginJar : add lorawan
2023-08-17 13:41:04,006 [INFO] IPUIPlugin:80 - create IPUIPlugin
2023-08-17 13:41:04,006 [INFO] PluginManager:220 - loadIPPluginJar : add touchsensing
2023-08-17 13:41:04,017 [INFO] IPUIPlugin:80 - create IPUIPlugin
2023-08-17 13:41:04,018 [INFO] PluginManager:220 - loadIPPluginJar : add dma
2023-08-17 13:41:04,029 [INFO] IPUIPlugin:80 - create IPUIPlugin
2023-08-17 13:41:04,029 [INFO] PluginManager:220 - loadIPPluginJar : add fmc
2023-08-17 13:41:04,033 [INFO] IPUIPlugin:80 - create IPUIPlugin
2023-08-17 13:41:04,034 [INFO] PluginManager:220 - loadIPPluginJar : add spi
2023-08-17 13:41:04,039 [INFO] IPUIPlugin:80 - create IPUIPlugin
2023-08-17 13:41:04,039 [INFO] PluginManager:220 - loadIPPluginJar : add usart
2023-08-17 13:41:04,042 [INFO] IPUIPlugin:80 - create IPUIPlugin
2023-08-17 13:41:04,042 [INFO] PluginManager:220 - loadIPPluginJar : add ts
2023-08-17 13:41:04,055 [INFO] IPUIPlugin:80 - create IPUIPlugin
2023-08-17 13:41:04,060 [INFO] PluginManager:220 - loadIPPluginJar : add plateformsettings
2023-08-17 13:41:04,065 [INFO] IPUIPlugin:80 - create IPUIPlugin
2023-08-17 13:41:04,068 [INFO] PluginManager:220 - loadIPPluginJar : add can
2023-08-17 13:41:04,074 [INFO] IPUIPlugin:80 - create IPUIPlugin
2023-08-17 13:41:04,074 [INFO] PluginManager:220 - loadIPPluginJar : add opamp
2023-08-17 13:41:04,078 [INFO] IPUIPlugin:80 - create IPUIPlugin
2023-08-17 13:41:04,079 [INFO] PluginManager:220 - loadIPPluginJar : add gfxmmu
2023-08-17 13:41:04,083 [INFO] IPUIPlugin:80 - create IPUIPlugin
2023-08-17 13:41:04,083 [INFO] PluginManager:220 - loadIPPluginJar : add comp
2023-08-17 13:41:04,087 [INFO] IPUIPlugin:80 - create IPUIPlugin
2023-08-17 13:41:04,088 [INFO] PluginManager:220 - loadIPPluginJar : add dfsdm
2023-08-17 13:41:04,092 [INFO] IPUIPlugin:80 - create IPUIPlugin
2023-08-17 13:41:04,093 [INFO] PluginManager:220 - loadIPPluginJar : add usbx
2023-08-17 13:41:04,098 [INFO] IPUIPlugin:80 - create IPUIPlugin
2023-08-17 13:41:04,098 [INFO] PluginManager:220 - loadIPPluginJar : add pdm2pcm
2023-08-17 13:41:04,106 [INFO] IPUIPlugin:80 - create IPUIPlugin
2023-08-17 13:41:04,107 [INFO] PluginManager:220 - loadIPPluginJar : add gpio
2023-08-17 13:41:04,113 [INFO] IPUIPlugin:80 - create IPUIPlugin
2023-08-17 13:41:04,113 [INFO] PluginManager:220 - loadIPPluginJar : add openamp
2023-08-17 13:41:04,118 [INFO] IPUIPlugin:80 - create IPUIPlugin
2023-08-17 13:41:04,119 [INFO] PluginManager:220 - loadIPPluginJar : add aes
2023-08-17 13:41:04,122 [INFO] IPUIPlugin:80 - create IPUIPlugin
2023-08-17 13:41:04,123 [INFO] PluginManager:220 - loadIPPluginJar : add hash
2023-08-17 13:41:04,127 [INFO] IPUIPlugin:80 - create IPUIPlugin
2023-08-17 13:41:04,128 [INFO] PluginManager:220 - loadIPPluginJar : add i2s
2023-08-17 13:41:04,132 [INFO] IPUIPlugin:80 - create IPUIPlugin
2023-08-17 13:41:04,134 [INFO] PluginManager:220 - loadIPPluginJar : add tracer_emb
2023-08-17 13:41:04,151 [INFO] IPUIPlugin:80 - create IPUIPlugin
2023-08-17 13:41:04,151 [INFO] PluginManager:220 - loadIPPluginJar : add adc
2023-08-17 13:41:04,164 [INFO] IPUIPlugin:80 - create IPUIPlugin
2023-08-17 13:41:04,164 [INFO] PluginManager:220 - loadIPPluginJar : add freertos
2023-08-17 13:41:04,171 [INFO] IPUIPlugin:80 - create IPUIPlugin
2023-08-17 13:41:04,171 [INFO] PluginManager:220 - loadIPPluginJar : add ucpd
2023-08-17 13:41:04,178 [INFO] IPUIPlugin:80 - create IPUIPlugin
2023-08-17 13:41:04,178 [INFO] PluginManager:220 - loadIPPluginJar : add ipddr
2023-08-17 13:41:04,182 [INFO] IPUIPlugin:80 - create IPUIPlugin
2023-08-17 13:41:04,182 [INFO] PluginManager:220 - loadIPPluginJar : add tim
2023-08-17 13:41:04,188 [INFO] IPUIPlugin:80 - create IPUIPlugin
2023-08-17 13:41:04,188 [INFO] PluginManager:220 - loadIPPluginJar : add resmgrutility
2023-08-17 13:41:04,193 [INFO] IPUIPlugin:80 - create IPUIPlugin
2023-08-17 13:41:04,194 [INFO] PluginManager:220 - loadIPPluginJar : add gtzc
2023-08-17 13:41:04,208 [INFO] IPUIPlugin:80 - create IPUIPlugin
2023-08-17 13:41:04,208 [INFO] PluginManager:220 - loadIPPluginJar : add gic
2023-08-17 13:41:04,222 [INFO] IPUIPlugin:80 - create IPUIPlugin
2023-08-17 13:41:04,222 [INFO] PluginManager:220 - loadIPPluginJar : add linkedlist
2023-08-17 13:41:04,228 [INFO] IPUIPlugin:80 - create IPUIPlugin
2023-08-17 13:41:04,229 [INFO] PluginManager:220 - loadIPPluginJar : add dma3
2023-08-17 13:41:04,234 [INFO] IPUIPlugin:80 - create IPUIPlugin
2023-08-17 13:41:04,235 [INFO] PluginManager:220 - loadIPPluginJar : add sai
2023-08-17 13:41:04,237 [INFO] IPUIPlugin:80 - create IPUIPlugin
2023-08-17 13:41:04,237 [INFO] PluginManager:220 - loadIPPluginJar : add ltdc
2023-08-17 13:41:04,242 [INFO] IPUIPlugin:80 - create IPUIPlugin
2023-08-17 13:41:04,243 [INFO] PluginManager:220 - loadIPPluginJar : add fatfs
2023-08-17 13:41:04,251 [INFO] IPUIPlugin:80 - create IPUIPlugin
2023-08-17 13:41:04,251 [INFO] PluginManager:220 - loadIPPluginJar : add i2c
2023-08-17 13:41:04,264 [INFO] IPUIPlugin:80 - create IPUIPlugin
2023-08-17 13:41:04,265 [INFO] PluginManager:220 - loadIPPluginJar : add mdma
2023-08-17 13:41:04,276 [INFO] IPUIPlugin:80 - create IPUIPlugin
2023-08-17 13:41:04,277 [INFO] PluginManager:220 - loadIPPluginJar : add stm32_wpan
2023-08-17 13:41:04,282 [INFO] IPUIPlugin:80 - create IPUIPlugin
2023-08-17 13:41:04,282 [INFO] PluginManager:220 - loadIPPluginJar : add cryp
2023-08-17 13:41:04,289 [INFO] IPUIPlugin:80 - create IPUIPlugin
2023-08-17 13:41:04,290 [INFO] PluginManager:220 - loadIPPluginJar : add nvic
2023-08-17 13:41:04,417 [INFO] CADModel:165 - CPN selected for project level
2023-08-17 13:41:04,418 [INFO] CADModel:114 - Register for checkConnection events
2023-08-17 13:41:04,418 [FATAL] Updater:308 - Updater called before beeing initialized
2023-08-17 13:41:04,419 [ERROR] CADModel:125 - Updater not yet initialized, retry later 
2023-08-17 13:41:04,816 [INFO] CADModel:165 - CPN selected for project level
2023-08-17 13:41:04,816 [INFO] CADModel:114 - Register for checkConnection events
2023-08-17 13:41:04,817 [FATAL] Updater:308 - Updater called before beeing initialized
2023-08-17 13:41:04,817 [ERROR] CADModel:125 - Updater not yet initialized, retry later 
2023-08-17 13:41:04,828 [FATAL] Updater:308 - Updater called before beeing initialized
2023-08-17 13:41:05,063 [FATAL] Updater:308 - Updater called before beeing initialized
2023-08-17 13:41:05,077 [INFO] DbMcusAds:53 - JSON generation date=Thu Sep 30 03:55:09 BRT 2021 (1632984909247)
2023-08-17 13:41:05,077 [FATAL] Updater:308 - Updater called before beeing initialized
2023-08-17 13:41:05,149 [WARN] DetailPanel:346 - Failed to get advertising image, set to default
2023-08-17 13:41:05,437 [FATAL] Updater:308 - Updater called before beeing initialized
2023-08-17 13:41:05,442 [FATAL] Updater:308 - Updater called before beeing initialized
2023-08-17 13:41:05,442 [FATAL] Updater:308 - Updater called before beeing initialized
2023-08-17 13:41:05,442 [WARN] DetailPanel:346 - Failed to get advertising image, set to default
2023-08-17 13:41:05,444 [FATAL] Updater:308 - Updater called before beeing initialized
2023-08-17 13:41:05,587 [ERROR] Updater:1120 - MainUpdater not yet initialized. External WinMGr cannot be set.
2023-08-17 13:41:05,591 [INFO] Updater:1056 - Updater Version found : 6.9.1
2023-08-17 13:41:05,656 [INFO] ApplicationProperties:184 - Using Application install path: /home/nilo/st/stm32cubeide_1.13.1/plugins/com.st.stm32cube.common.mx_6.9.1.202307191849
2023-08-17 13:41:05,880 [INFO] MainUpdater:2868 - connection check result : 10
2023-08-17 13:41:05,888 [INFO] MainUpdater:285 - Updater Check For Update Now.
2023-08-17 13:41:05,888 [INFO] MicroXplorer:498 - Change Database Version : DB.6.0.91
2023-08-17 13:41:05,900 [INFO] McuFinderGlobals:63 - Set McuFinder mode to 2 (CubeIDE integrated)
2023-08-17 13:41:05,900 [INFO] UserAuth:179 - activating auth plugin
2023-08-17 13:41:05,905 [INFO] UserAuth:393 - Internet connection configuration mode: 1
2023-08-17 13:41:05,924 [WARN] MainUpdater:1189 - Updater busy. Cannot search thirdparties
2023-08-17 13:41:05,924 [INFO] ThirdPartyUpdaterWithRetryManager:96 - Updater plugin is busy. [1/15]
2023-08-17 13:41:05,953 [INFO] JxBrowserEngine:151 - Initiate JxBrowser Engine with user profile folder
2023-08-17 13:41:06,216 [INFO] CheckServerUpdateThread:120 - End of CheckServer Thread
2023-08-17 13:41:08,367 [INFO] WebApp:157 - Instantiating new browser for Auth
2023-08-17 13:41:09,237 [WARN] PackLoader:240 - Cannot read IP mode file for STMicroelectronics.X-CUBE-SMBUS.2.1.0
2023-08-17 13:41:09,381 [WARN] PackLoader:240 - Cannot read IP mode file for STMicroelectronics.X-CUBE-AZRTOS-F7.1.1.0
2023-08-17 13:41:09,427 [WARN] PackLoader:240 - Cannot read IP mode file for STMicroelectronics.FP-SNS-MOTENV1.4.3.2
2023-08-17 13:41:09,462 [WARN] PackLoader:240 - Cannot read IP mode file for STMicroelectronics.X-CUBE-BLE1.6.2.3
2023-08-17 13:41:09,473 [WARN] PackLoader:240 - Cannot read IP mode file for STMicroelectronics.X-CUBE-BLE1.6.2.4
2023-08-17 13:41:09,482 [WARN] PackLoader:240 - Cannot read IP mode file for STMicroelectronics.FP-SNS-FLIGHT1.5.0.2
2023-08-17 13:41:09,503 [WARN] PackLoader:240 - Cannot read IP mode file for STMicroelectronics.X-CUBE-TOF1.3.1.0
2023-08-17 13:41:09,525 [WARN] PackLoader:240 - Cannot read IP mode file for STMicroelectronics.X-CUBE-DISPLAY.3.0.0
2023-08-17 13:41:09,545 [WARN] PackLoader:240 - Cannot read IP mode file for STMicroelectronics.X-CUBE-BLE1.7.0.0
2023-08-17 13:41:09,557 [WARN] PackLoader:240 - Cannot read IP mode file for STMicroelectronics.X-CUBE-TOUCHGFX.4.22.0
2023-08-17 13:41:09,725 [WARN] PackLoader:240 - Cannot read IP mode file for STMicroelectronics.X-CUBE-MEMS1.9.3.0
2023-08-17 13:41:10,017 [WARN] PackLoader:240 - Cannot read IP mode file for STMicroelectronics.X-CUBE-AI.7.2.0
2023-08-17 13:41:10,047 [INFO] LogOutputStream:77 - [STDOUT_REDIRECT] 1 : Invalid condition id : UX_CORESTACK_Condition cause : null
2023-08-17 13:41:10,048 [INFO] LogOutputStream:77 - [STDOUT_REDIRECT] 1 : Invalid condition id : UX_CORESTACK_Condition cause : null
2023-08-17 13:41:10,048 [INFO] LogOutputStream:77 - [STDOUT_REDIRECT] 1 : Invalid condition id : UX_CORESTACK_Condition cause : null
2023-08-17 13:41:10,049 [INFO] LogOutputStream:77 - [STDOUT_REDIRECT] 1 : Invalid condition id : UX_CORESTACK_Condition cause : null
2023-08-17 13:41:10,049 [INFO] LogOutputStream:77 - [STDOUT_REDIRECT] 1 : Invalid condition id : UX_CORESTACK_Condition cause : null
2023-08-17 13:41:10,058 [WARN] PackLoader:240 - Cannot read IP mode file for STMicroelectronics.X-CUBE-AZRTOS-WL.2.0.0
2023-08-17 13:41:10,087 [WARN] PackLoader:240 - Cannot read IP mode file for WES.I-CUBE-Cesium.1.3.0
2023-08-17 13:41:10,101 [WARN] PackLoader:240 - Cannot read IP mode file for STMicroelectronics.X-CUBE-BLE2.3.3.0
2023-08-17 13:41:10,128 [WARN] PackLoader:240 - Cannot read IP mode file for STMicroelectronics.X-CUBE-DISPLAY.2.2.0
2023-08-17 13:41:10,177 [WARN] PackLoader:240 - Cannot read IP mode file for STMicroelectronics.X-CUBE-TOF1.3.2.0
2023-08-17 13:41:10,252 [WARN] PackLoader:240 - Cannot read IP mode file for STMicroelectronics.X-CUBE-ISPU.1.0.0
2023-08-17 13:41:10,331 [WARN] PackLoader:240 - Cannot read IP mode file for STMicroelectronics.X-CUBE-AZRTOS-H7.2.1.0
2023-08-17 13:41:10,350 [WARN] PackLoader:240 - Cannot read IP mode file for STMicroelectronics.X-CUBE-TOUCHGFX.4.21.1
2023-08-17 13:41:10,356 [WARN] PackLoader:240 - Cannot read IP mode file for STMicroelectronics.X-CUBE-TOUCHGFX.4.21.0
2023-08-17 13:41:10,466 [INFO] WebApp:753 - Register for checkConnection events
2023-08-17 13:41:10,466 [INFO] WebApp:390 - Apply proxy settings
2023-08-17 13:41:10,467 [INFO] WebApp:475 - Chromium requires no authentication
2023-08-17 13:41:10,482 [INFO] WebApp:418 - Direct internet connection detected
2023-08-17 13:41:10,513 [WARN] PackLoader:240 - Cannot read IP mode file for STMicroelectronics.X-CUBE-MEMS1.9.4.0
2023-08-17 13:41:10,779 [WARN] PackLoader:240 - Cannot read IP mode file for STMicroelectronics.X-CUBE-AI.7.3.0
2023-08-17 13:41:10,806 [WARN] PackLoader:240 - Cannot read IP mode file for STMicroelectronics.X-CUBE-ALGOBUILD.1.3.0
2023-08-17 13:41:10,836 [WARN] PackLoader:240 - Cannot read IP mode file for STMicroelectronics.X-CUBE-AZRTOS-G0.1.1.0
2023-08-17 13:41:10,855 [WARN] PackLoader:240 - Cannot read IP mode file for STMicroelectronics.X-CUBE-NFC4.3.0.0
2023-08-17 13:41:10,920 [INFO] WebApp:188 - Starting web application
2023-08-17 13:41:10,920 [INFO] WebApp:520 - Web application path used /home/nilo/st/stm32cubeide_1.13.1/plugins/com.st.stm32cube.common.mx_6.9.1.202307191849/db/plugins/mcufinder/reactClient1/index.html
2023-08-17 13:41:10,953 [WARN] PackLoader:240 - Cannot read IP mode file for SEGGER.I-CUBE-embOS.1.2.0
2023-08-17 13:41:11,071 [WARN] PackLoader:240 - Cannot read IP mode file for STMicroelectronics.X-CUBE-BLEMGR.1.3.0
2023-08-17 13:41:11,081 [WARN] PackLoader:240 - Cannot read IP mode file for STMicroelectronics.FP-ATR-SIGFOX1.3.2.0
2023-08-17 13:41:11,100 [WARN] PackLoader:240 - Cannot read IP mode file for emotas.I-CUBE-CANOPEN.1.1.2
2023-08-17 13:41:11,112 [WARN] PackLoader:240 - Cannot read IP mode file for STMicroelectronics.X-CUBE-TOUCHGFX.4.20.0
2023-08-17 13:41:11,180 [WARN] PackLoader:240 - Cannot read IP mode file for STMicroelectronics.X-CUBE-MEMS1.9.5.0
2023-08-17 13:41:11,485 [WARN] PackLoader:240 - Cannot read IP mode file for SEGGER.I-CUBE-embOS.1.3.1
2023-08-17 13:41:11,596 [WARN] PackLoader:240 - Cannot read IP mode file for STMicroelectronics.X-CUBE-GNSS1.6.0.0
2023-08-17 13:41:11,665 [WARN] PackLoader:240 - Cannot read IP mode file for STMicroelectronics.X-CUBE-AZRTOS-F4.1.1.0
2023-08-17 13:41:11,684 [WARN] PackLoader:240 - Cannot read IP mode file for STMicroelectronics.X-CUBE-BLEMGR.1.2.0
2023-08-17 13:41:11,757 [WARN] PackLoader:240 - Cannot read IP mode file for STMicroelectronics.X-CUBE-AZRTOS-L5.2.0.0
2023-08-17 13:41:11,936 [WARN] PackLoader:240 - Cannot read IP mode file for STMicroelectronics.X-CUBE-MEMS1.9.6.0
2023-08-17 13:41:12,310 [WARN] PackLoader:240 - Cannot read IP mode file for STMicroelectronics.X-CUBE-BLEMGR.2.0.0
2023-08-17 13:41:12,344 [WARN] PackLoader:240 - Cannot read IP mode file for STMicroelectronics.X-CUBE-NFC4.2.0.5
2023-08-17 13:41:12,367 [WARN] PackLoader:240 - Cannot read IP mode file for STMicroelectronics.X-CUBE-NFC4.2.0.4
2023-08-17 13:41:12,418 [WARN] ConditionMgr:438 - getConditionDescription Invalid condition id : UX DEVICE CLASS RTOS Condition cause : null
2023-08-17 13:41:12,419 [WARN] ConditionMgr:438 - getConditionDescription Invalid condition id : UX DEVICE CLASS RTOS Condition cause : null
2023-08-17 13:41:12,440 [WARN] PackLoader:240 - Cannot read IP mode file for STMicroelectronics.X-CUBE-AZRTOS-H7.3.1.0
2023-08-17 13:41:12,445 [WARN] ConditionMgr:1039 - genDependencies : Invalid condition id : UX DEVICE CLASS RTOS Condition cause : null
2023-08-17 13:41:12,446 [WARN] ConditionMgr:1039 - genDependencies : Invalid condition id : UX DEVICE CLASS RTOS Condition cause : null
2023-08-17 13:41:12,453 [WARN] ConditionMgr:1039 - genDependencies : Invalid condition id : UX DEVICE CLASS RTOS Condition cause : null
2023-08-17 13:41:12,454 [WARN] ConditionMgr:1039 - genDependencies : Invalid condition id : UX DEVICE CLASS RTOS Condition cause : null
2023-08-17 13:41:12,454 [WARN] ConditionMgr:1039 - genDependencies : Invalid condition id : UX DEVICE CLASS RTOS Condition cause : null
2023-08-17 13:41:12,468 [WARN] PackLoader:240 - Cannot read IP mode file for wolfSSL.I-CUBE-wolfSSL.5.5.0
2023-08-17 13:41:12,490 [WARN] PackLoader:240 - Cannot read IP mode file for STMicroelectronics.X-CUBE-NFC7.1.0.1
2023-08-17 13:41:12,503 [WARN] PackLoader:240 - Cannot read IP mode file for STMicroelectronics.X-CUBE-NFC7.1.0.0
2023-08-17 13:41:12,527 [WARN] PackLoader:240 - Cannot read IP mode file for STMicroelectronics.X-CUBE-EEPRMA1.4.1.0
2023-08-17 13:41:12,550 [WARN] PackLoader:240 - Cannot read IP mode file for STMicroelectronics.X-CUBE-AI.8.1.0
2023-08-17 13:41:12,603 [WARN] ConditionMgr:438 - getConditionDescription Invalid condition id : LAN8742 Phy interface Condition cause : null
2023-08-17 13:41:12,606 [WARN] PackLoader:240 - Cannot read IP mode file for STMicroelectronics.X-CUBE-AZRTOS-L4.2.0.0
2023-08-17 13:41:12,611 [WARN] ConditionMgr:1039 - genDependencies : Invalid condition id : LAN8742 Phy interface Condition cause : null
2023-08-17 13:41:12,612 [WARN] ConditionMgr:1039 - genDependencies : Invalid condition id : LAN8742 Phy interface Condition cause : null
2023-08-17 13:41:12,613 [WARN] ConditionMgr:1039 - genDependencies : Invalid condition id : LAN8742 Phy interface Condition cause : null
2023-08-17 13:41:12,639 [WARN] PackLoader:240 - Cannot read IP mode file for STMicroelectronics.X-CUBE-SFXS2LP1.4.0.0
2023-08-17 13:41:12,685 [WARN] PackLoader:240 - Cannot read IP mode file for STMicroelectronics.X-CUBE-AZRTOS-H7.3.0.0
2023-08-17 13:41:12,738 [WARN] PackLoader:240 - Cannot read IP mode file for STMicroelectronics.X-CUBE-ISPU.1.1.0
2023-08-17 13:41:12,757 [WARN] PackLoader:240 - Cannot read IP mode file for RoweBots.I-CUBE-UNISONRTOS.5.5.0-4
2023-08-17 13:41:12,764 [WARN] PackLoader:240 - Cannot read IP mode file for STMicroelectronics.X-CUBE-AI.8.0.0
2023-08-17 13:41:12,848 [WARN] ConditionMgr:438 - getConditionDescription Invalid condition id : UX DEVICE CLASS RTOS Condition cause : null
2023-08-17 13:41:12,849 [WARN] ConditionMgr:438 - getConditionDescription Invalid condition id : UX DEVICE CLASS RTOS Condition cause : null
2023-08-17 13:41:12,852 [WARN] PackLoader:240 - Cannot read IP mode file for STMicroelectronics.X-CUBE-AZRTOS-WB.2.0.0
2023-08-17 13:41:12,853 [WARN] ConditionMgr:1039 - genDependencies : Invalid condition id : UX DEVICE CLASS RTOS Condition cause : null
2023-08-17 13:41:12,853 [WARN] ConditionMgr:1039 - genDependencies : Invalid condition id : UX DEVICE CLASS RTOS Condition cause : null
2023-08-17 13:41:12,858 [WARN] ConditionMgr:1039 - genDependencies : Invalid condition id : UX DEVICE CLASS RTOS Condition cause : null
2023-08-17 13:41:12,859 [WARN] ConditionMgr:1039 - genDependencies : Invalid condition id : UX DEVICE CLASS RTOS Condition cause : null
2023-08-17 13:41:12,859 [WARN] ConditionMgr:1039 - genDependencies : Invalid condition id : UX DEVICE CLASS RTOS Condition cause : null
2023-08-17 13:41:12,886 [WARN] PackLoader:240 - Cannot read IP mode file for STMicroelectronics.X-CUBE-FREERTOS.1.0.1
2023-08-17 13:41:12,931 [WARN] PackLoader:240 - Cannot read IP mode file for STMicroelectronics.X-CUBE-BLEMGR.1.0.0
2023-08-17 13:41:12,971 [WARN] PackLoader:240 - Cannot read IP mode file for STMicroelectronics.X-CUBE-AZRTOS-L5.1.1.0
2023-08-17 13:41:12,992 [WARN] PackLoader:240 - Cannot read IP mode file for STMicroelectronics.X-CUBE-SUBG2.5.0.0
2023-08-17 13:41:13,018 [WARN] PackLoader:240 - Cannot read IP mode file for STMicroelectronics.X-CUBE-TOF1.3.3.1
2023-08-17 13:41:13,053 [WARN] PackLoader:240 - Cannot read IP mode file for STMicroelectronics.X-CUBE-AZRTOS-G4.2.0.0
2023-08-17 13:41:13,061 [WARN] PackLoader:240 - Cannot read IP mode file for STMicroelectronics.FP-ATR-ASTRA1.1.1.1
2023-08-17 13:41:13,082 [WARN] PackLoader:240 - Cannot read IP mode file for STMicroelectronics.X-CUBE-AZRTOS-G4.1.0.0
2023-08-17 13:41:13,124 [WARN] PackLoader:240 - Cannot read IP mode file for STMicroelectronics.X-CUBE-AZRTOS-L4.1.0.0
2023-08-17 13:41:13,166 [WARN] PackLoader:240 - Cannot read IP mode file for STMicroelectronics.X-CUBE-AZRTOS-WL.1.0.0
2023-08-17 13:41:13,175 [WARN] PackLoader:240 - Cannot read IP mode file for portGmbH.I-Cube-SoM-uGOAL.1.1.0
2023-08-17 13:41:13,184 [WARN] PackLoader:240 - Cannot read IP mode file for STMicroelectronics.X-CUBE-ALS.1.0.1
2023-08-17 13:41:13,234 [WARN] PackLoader:240 - Cannot read IP mode file for STMicroelectronics.X-CUBE-AZRTOS-WB.1.1.0
2023-08-17 13:41:13,262 [WARN] PackLoader:240 - Cannot read IP mode file for STMicroelectronics.X-CUBE-AZRTOS-L5.1.0.0
2023-08-17 13:41:13,278 [WARN] PackLoader:240 - Cannot read IP mode file for STMicroelectronics.X-CUBE-EEPRMA1.3.1.1
2023-08-17 13:41:13,284 [WARN] PackLoader:240 - Cannot read IP mode file for STMicroelectronics.FP-ATR-ASTRA1.2.0.0
2023-08-17 13:41:13,286 [INFO] ThirdParty:978 - Integrity check success = true
2023-08-17 13:41:13,287 [INFO] IntegrityCheckThread:100 - exiting critical section [integrity check]
2023-08-17 13:41:13,288 [INFO] IntegrityCheckThread:103 - End integrity checks thread
2023-08-17 14:48:27,968 [ERROR] LogOutputStream:75 - [STDERR_REDIRECT] 
