2023-08-23 06:12:13,033 [INFO] Activator:176 - 


2023-08-23 06:12:13,039 [INFO] Activator:177 - !SESSION log4j initialized
2023-08-23 06:12:23,031 [INFO] LogOutputStream:77 - [STDOUT_REDIRECT] 
2023-08-23 06:12:25,180 [INFO] ApplicationProperties:184 - Using Application install path: /home/nilo/st/stm32cubeide_1.13.1/plugins/com.st.stm32cube.common.mx_6.9.1.202307191849
2023-08-23 06:12:25,281 [INFO] DbMcusXml:78 - Set database path to: /home/nilo/st/stm32cubeide_1.13.1/plugins/com.st.stm32cube.common.mx_6.9.1.202307191849//db//mcu/
2023-08-23 06:12:25,282 [INFO] ApiDb:274 - Set plugin database path to: /home/nilo/st/stm32cubeide_1.13.1/plugins/com.st.stm32cube.common.mx_6.9.1.202307191849//db//plugins/boardmanager/
2023-08-23 06:12:25,283 [WARN] ApiDb:259 - Overriding images path with different value:  => /home/nilo/st/stm32cubeide_1.13.1/plugins/com.st.stm32cube.common.mx_6.9.1.202307191849//db//plugins/mcufinder/images/
2023-08-23 06:12:25,302 [INFO] ApiDb:250 - Set database path to: /home/nilo/.stmcufinder/plugins/mcufinder//mcu/
2023-08-23 06:12:25,304 [INFO] DbMcusAds:125 - Set database path to: /home/nilo/.stmcufinder/plugins/mcufinder//mcu/
2023-08-23 06:12:25,311 [INFO] CrossReferenceDbSqlite:203 - Set database path to: /home/nilo/.stmcufinder/plugins/mcufinder//mcu/cs/
2023-08-23 06:12:25,596 [INFO] RulesReader:64 - Compatibility file has been processed (293 Rules)
2023-08-23 06:12:25,761 [INFO] DbMcusXml:78 - Set database path to: /home/nilo/st/stm32cubeide_1.13.1/plugins/com.st.stm32cube.common.mx_6.9.1.202307191849//db//mcu/
2023-08-23 06:12:25,761 [INFO] ApiDb:274 - Set plugin database path to: /home/nilo/st/stm32cubeide_1.13.1/plugins/com.st.stm32cube.common.mx_6.9.1.202307191849//db//plugins/boardmanager/
2023-08-23 06:12:25,762 [INFO] ApiDb:261 - Set plugin images path to: /home/nilo/st/stm32cubeide_1.13.1/plugins/com.st.stm32cube.common.mx_6.9.1.202307191849//db//plugins/mcufinder/images/
2023-08-23 06:12:25,762 [WARN] DbFile:41 - Overriding database path with different value: /home/nilo/.stmcufinder/plugins/mcufinder/ => /home/nilo/.stmcufinder/plugins/mcufinder
2023-08-23 06:12:25,763 [INFO] ApiDb:250 - Set database path to: /home/nilo/.stmcufinder/plugins/mcufinder//mcu/
2023-08-23 06:12:25,763 [WARN] DbFile:41 - Overriding database path with different value: /home/nilo/.stmcufinder/plugins/mcufinder/ => /home/nilo/.stmcufinder/plugins/mcufinder
2023-08-23 06:12:25,763 [INFO] DbMcusAds:125 - Set database path to: /home/nilo/.stmcufinder/plugins/mcufinder//mcu/
2023-08-23 06:12:25,764 [WARN] DbFile:41 - Overriding database path with different value: /home/nilo/.stmcufinder/plugins/mcufinder/ => /home/nilo/.stmcufinder/plugins/mcufinder
2023-08-23 06:12:25,764 [WARN] DbFile:41 - Overriding database path with different value: /home/nilo/.stmcufinder/plugins/mcufinder/ => /home/nilo/.stmcufinder/plugins/mcufinder
2023-08-23 06:12:25,764 [INFO] CrossReferenceDbSqlite:203 - Set database path to: /home/nilo/.stmcufinder/plugins/mcufinder//mcu/cs/
2023-08-23 06:12:25,911 [INFO] MainPanel:262 - HeapMemory: 268435456
2023-08-23 06:12:26,130 [INFO] DbMcusXml:78 - Set database path to: /home/nilo/st/stm32cubeide_1.13.1/plugins/com.st.stm32cube.common.mx_6.9.1.202307191849//db//mcu/
2023-08-23 06:12:26,131 [INFO] ApiDb:274 - Set plugin database path to: /home/nilo/st/stm32cubeide_1.13.1/plugins/com.st.stm32cube.common.mx_6.9.1.202307191849//db//plugins/boardmanager/
2023-08-23 06:12:26,131 [INFO] ApiDb:261 - Set plugin images path to: /home/nilo/st/stm32cubeide_1.13.1/plugins/com.st.stm32cube.common.mx_6.9.1.202307191849//db//plugins/mcufinder/images/
2023-08-23 06:12:26,132 [WARN] DbFile:41 - Overriding database path with different value: /home/nilo/.stmcufinder/plugins/mcufinder/ => /home/nilo/.stmcufinder/plugins/mcufinder
2023-08-23 06:12:26,132 [INFO] ApiDb:250 - Set database path to: /home/nilo/.stmcufinder/plugins/mcufinder//mcu/
2023-08-23 06:12:26,132 [WARN] DbFile:41 - Overriding database path with different value: /home/nilo/.stmcufinder/plugins/mcufinder/ => /home/nilo/.stmcufinder/plugins/mcufinder
2023-08-23 06:12:26,132 [INFO] DbMcusAds:125 - Set database path to: /home/nilo/.stmcufinder/plugins/mcufinder//mcu/
2023-08-23 06:12:26,133 [WARN] DbFile:41 - Overriding database path with different value: /home/nilo/.stmcufinder/plugins/mcufinder/ => /home/nilo/.stmcufinder/plugins/mcufinder
2023-08-23 06:12:26,133 [WARN] DbFile:41 - Overriding database path with different value: /home/nilo/.stmcufinder/plugins/mcufinder/ => /home/nilo/.stmcufinder/plugins/mcufinder
2023-08-23 06:12:26,134 [INFO] CrossReferenceDbSqlite:203 - Set database path to: /home/nilo/.stmcufinder/plugins/mcufinder//mcu/cs/
2023-08-23 06:12:26,169 [INFO] ApplicationProperties:184 - Using Application install path: /home/nilo/st/stm32cubeide_1.13.1/plugins/com.st.stm32cube.common.mx_6.9.1.202307191849
2023-08-23 06:12:26,172 [INFO] PluginManage:196 - Search for loadable plugins [exclusion list=, ]
2023-08-23 06:12:26,176 [INFO] PluginManage:310 - Check plugin analytics
2023-08-23 06:12:26,789 [INFO] AnalyticsPlugin:253 - Accepted Software Licenses: 
2023-08-23 06:12:26,790 [INFO] AnalyticsPlugin:255 - Accepted CMSIS Pack Licenses: 
2023-08-23 06:12:26,790 [INFO] AnalyticsPlugin:257 - Accepted Firmware Licenses: 
2023-08-23 06:12:26,800 [INFO] PluginManage:359 - Loaded plugin analytics (category:tool,tabindex:-1)
2023-08-23 06:12:26,800 [INFO] PluginManage:310 - Check plugin cadmodel
2023-08-23 06:12:26,813 [INFO] CADModel:105 - Init CAD model plugin
2023-08-23 06:12:26,814 [INFO] PluginManage:359 - Loaded plugin cadmodel (category:power,tabindex:5)
2023-08-23 06:12:26,814 [INFO] PluginManage:310 - Check plugin clock
2023-08-23 06:12:26,853 [INFO] PluginManage:359 - Loaded plugin clock (category:base,tabindex:2)
2023-08-23 06:12:26,853 [INFO] PluginManage:310 - Check plugin ddr
2023-08-23 06:12:26,859 [INFO] PluginManage:359 - Loaded plugin ddr (category:tool,tabindex:6)
2023-08-23 06:12:26,859 [INFO] PluginManage:310 - Check plugin filemanager
2023-08-23 06:12:27,360 [INFO] PluginManage:359 - Loaded plugin filemanager (category:base,tabindex:10)
2023-08-23 06:12:27,366 [INFO] PluginManage:310 - Check plugin ipmanager
2023-08-23 06:12:27,383 [INFO] PluginManage:359 - Loaded plugin ipmanager (category:base,tabindex:5)
2023-08-23 06:12:27,384 [INFO] PluginManage:310 - Check plugin lpbam
2023-08-23 06:12:27,424 [INFO] PluginManage:359 - Loaded plugin lpbam (category:base,tabindex:0)
2023-08-23 06:12:27,424 [INFO] PluginManage:310 - Check plugin memorymap
2023-08-23 06:12:27,488 [INFO] PluginManage:359 - Loaded plugin memorymap (category:base,tabindex:4)
2023-08-23 06:12:27,488 [INFO] PluginManage:310 - Check plugin pinoutandconfiguration
2023-08-23 06:12:27,506 [INFO] PluginManage:359 - Loaded plugin pinoutandconfiguration (category:base,tabindex:1)
2023-08-23 06:12:27,506 [INFO] PluginManage:310 - Check plugin pinoutconfig
2023-08-23 06:12:27,789 [WARN] SupportedApi:132 - Cannot load RTOS API schema: s4s-elt-must-match.1: The content of 'definitions' must match (annotation?, (simpleType | complexType)?, (unique | key | keyref)*)). A problem was found starting at: attribute.
2023-08-23 06:12:28,226 [INFO] PluginManage:359 - Loaded plugin pinoutconfig (category:base,tabindex:0)
2023-08-23 06:12:28,227 [INFO] PluginManage:310 - Check plugin power
2023-08-23 06:12:28,285 [INFO] PluginManage:359 - Loaded plugin power (category:power,tabindex:4)
2023-08-23 06:12:28,285 [INFO] PluginManage:310 - Check plugin projectmanager
2023-08-23 06:12:28,323 [INFO] PluginManage:359 - Loaded plugin projectmanager (category:projectmanager,tabindex:3)
2023-08-23 06:12:28,323 [INFO] PluginManage:310 - Check plugin thirdparty
2023-08-23 06:12:28,555 [WARN] IntegrityCheckThread:84 - waiting for thirdparty lock release [integrity check]
2023-08-23 06:12:28,555 [INFO] PluginManage:359 - Loaded plugin thirdparty (category:base,tabindex:-1)
2023-08-23 06:12:28,555 [INFO] PluginManage:310 - Check plugin tools
2023-08-23 06:12:28,555 [INFO] IntegrityCheckThread:86 - entering critical section [integrity check]
2023-08-23 06:12:28,557 [INFO] ThirdPartyUpdaterWithRetryManager:70 - Updater plugin not ready yet. [1/15]
2023-08-23 06:12:28,559 [INFO] PluginManage:359 - Loaded plugin tools (category:base,tabindex:7)
2023-08-23 06:12:28,559 [INFO] PluginManage:310 - Check plugin tutovideos
2023-08-23 06:12:28,844 [INFO] PluginManage:359 - Loaded plugin tutovideos (category:base,tabindex:-1)
2023-08-23 06:12:28,844 [INFO] PluginManage:310 - Check plugin updater
2023-08-23 06:12:28,859 [INFO] PluginManage:359 - Loaded plugin updater (category:base,tabindex:12)
2023-08-23 06:12:28,859 [INFO] PluginManage:310 - Check plugin userauth
2023-08-23 06:12:28,866 [INFO] UserAuth:113 - Init User Auth plugin
2023-08-23 06:12:28,866 [INFO] PluginManage:359 - Loaded plugin userauth (category:base,tabindex:14)
2023-08-23 06:12:28,867 [INFO] PluginManage:283 - PluginManage : Loaded plugins [17]
2023-08-23 06:12:29,227 [INFO] PinOutPanel:1499 - setPackage(No Configuration,No Configuration)
2023-08-23 06:12:29,471 [INFO] CADModel:165 - CPN selected for project level
2023-08-23 06:12:29,471 [INFO] CADModel:114 - Register for checkConnection events
2023-08-23 06:12:29,484 [INFO] IPUIPlugin:80 - create IPUIPlugin
2023-08-23 06:12:29,484 [INFO] PluginManager:220 - loadIPPluginJar : add quadspi
2023-08-23 06:12:29,487 [INFO] IPUIPlugin:80 - create IPUIPlugin
2023-08-23 06:12:29,487 [INFO] PluginManager:220 - loadIPPluginJar : add tsc
2023-08-23 06:12:29,489 [INFO] IPUIPlugin:80 - create IPUIPlugin
2023-08-23 06:12:29,490 [INFO] PluginManager:220 - loadIPPluginJar : add genericplugin
2023-08-23 06:12:29,501 [INFO] IPUIPlugin:80 - create IPUIPlugin
2023-08-23 06:12:29,502 [INFO] PluginManager:220 - loadIPPluginJar : add i3c
2023-08-23 06:12:29,505 [INFO] IPUIPlugin:80 - create IPUIPlugin
2023-08-23 06:12:29,505 [INFO] PluginManager:220 - loadIPPluginJar : add lorawan
2023-08-23 06:12:29,510 [INFO] IPUIPlugin:80 - create IPUIPlugin
2023-08-23 06:12:29,511 [INFO] PluginManager:220 - loadIPPluginJar : add touchsensing
2023-08-23 06:12:29,519 [INFO] IPUIPlugin:80 - create IPUIPlugin
2023-08-23 06:12:29,520 [INFO] PluginManager:220 - loadIPPluginJar : add dma
2023-08-23 06:12:29,529 [INFO] IPUIPlugin:80 - create IPUIPlugin
2023-08-23 06:12:29,529 [INFO] PluginManager:220 - loadIPPluginJar : add fmc
2023-08-23 06:12:29,532 [INFO] IPUIPlugin:80 - create IPUIPlugin
2023-08-23 06:12:29,533 [INFO] PluginManager:220 - loadIPPluginJar : add spi
2023-08-23 06:12:29,536 [INFO] IPUIPlugin:80 - create IPUIPlugin
2023-08-23 06:12:29,536 [INFO] PluginManager:220 - loadIPPluginJar : add usart
2023-08-23 06:12:29,539 [INFO] IPUIPlugin:80 - create IPUIPlugin
2023-08-23 06:12:29,539 [INFO] PluginManager:220 - loadIPPluginJar : add ts
2023-08-23 06:12:29,548 [INFO] IPUIPlugin:80 - create IPUIPlugin
2023-08-23 06:12:29,552 [INFO] PluginManager:220 - loadIPPluginJar : add plateformsettings
2023-08-23 06:12:29,555 [INFO] IPUIPlugin:80 - create IPUIPlugin
2023-08-23 06:12:29,556 [INFO] PluginManager:220 - loadIPPluginJar : add can
2023-08-23 06:12:29,559 [INFO] IPUIPlugin:80 - create IPUIPlugin
2023-08-23 06:12:29,560 [INFO] PluginManager:220 - loadIPPluginJar : add opamp
2023-08-23 06:12:29,563 [INFO] IPUIPlugin:80 - create IPUIPlugin
2023-08-23 06:12:29,563 [INFO] PluginManager:220 - loadIPPluginJar : add gfxmmu
2023-08-23 06:12:29,567 [INFO] IPUIPlugin:80 - create IPUIPlugin
2023-08-23 06:12:29,567 [INFO] PluginManager:220 - loadIPPluginJar : add comp
2023-08-23 06:12:29,571 [INFO] IPUIPlugin:80 - create IPUIPlugin
2023-08-23 06:12:29,571 [INFO] PluginManager:220 - loadIPPluginJar : add dfsdm
2023-08-23 06:12:29,575 [INFO] IPUIPlugin:80 - create IPUIPlugin
2023-08-23 06:12:29,575 [INFO] PluginManager:220 - loadIPPluginJar : add usbx
2023-08-23 06:12:29,579 [INFO] IPUIPlugin:80 - create IPUIPlugin
2023-08-23 06:12:29,580 [INFO] PluginManager:220 - loadIPPluginJar : add pdm2pcm
2023-08-23 06:12:29,587 [INFO] IPUIPlugin:80 - create IPUIPlugin
2023-08-23 06:12:29,587 [INFO] PluginManager:220 - loadIPPluginJar : add gpio
2023-08-23 06:12:29,591 [INFO] IPUIPlugin:80 - create IPUIPlugin
2023-08-23 06:12:29,591 [INFO] PluginManager:220 - loadIPPluginJar : add openamp
2023-08-23 06:12:29,595 [INFO] IPUIPlugin:80 - create IPUIPlugin
2023-08-23 06:12:29,596 [INFO] PluginManager:220 - loadIPPluginJar : add aes
2023-08-23 06:12:29,601 [INFO] IPUIPlugin:80 - create IPUIPlugin
2023-08-23 06:12:29,601 [INFO] PluginManager:220 - loadIPPluginJar : add hash
2023-08-23 06:12:29,605 [INFO] IPUIPlugin:80 - create IPUIPlugin
2023-08-23 06:12:29,605 [INFO] PluginManager:220 - loadIPPluginJar : add i2s
2023-08-23 06:12:29,608 [INFO] IPUIPlugin:80 - create IPUIPlugin
2023-08-23 06:12:29,608 [INFO] PluginManager:220 - loadIPPluginJar : add tracer_emb
2023-08-23 06:12:29,616 [INFO] IPUIPlugin:80 - create IPUIPlugin
2023-08-23 06:12:29,616 [INFO] PluginManager:220 - loadIPPluginJar : add adc
2023-08-23 06:12:29,622 [INFO] IPUIPlugin:80 - create IPUIPlugin
2023-08-23 06:12:29,623 [INFO] PluginManager:220 - loadIPPluginJar : add freertos
2023-08-23 06:12:29,626 [INFO] IPUIPlugin:80 - create IPUIPlugin
2023-08-23 06:12:29,626 [INFO] PluginManager:220 - loadIPPluginJar : add ucpd
2023-08-23 06:12:29,630 [INFO] IPUIPlugin:80 - create IPUIPlugin
2023-08-23 06:12:29,630 [INFO] PluginManager:220 - loadIPPluginJar : add ipddr
2023-08-23 06:12:29,633 [INFO] IPUIPlugin:80 - create IPUIPlugin
2023-08-23 06:12:29,634 [INFO] PluginManager:220 - loadIPPluginJar : add tim
2023-08-23 06:12:29,638 [INFO] IPUIPlugin:80 - create IPUIPlugin
2023-08-23 06:12:29,639 [INFO] PluginManager:220 - loadIPPluginJar : add resmgrutility
2023-08-23 06:12:29,642 [INFO] IPUIPlugin:80 - create IPUIPlugin
2023-08-23 06:12:29,642 [INFO] PluginManager:220 - loadIPPluginJar : add gtzc
2023-08-23 06:12:29,649 [INFO] IPUIPlugin:80 - create IPUIPlugin
2023-08-23 06:12:29,650 [INFO] PluginManager:220 - loadIPPluginJar : add gic
2023-08-23 06:12:29,659 [INFO] IPUIPlugin:80 - create IPUIPlugin
2023-08-23 06:12:29,659 [INFO] PluginManager:220 - loadIPPluginJar : add linkedlist
2023-08-23 06:12:29,664 [INFO] IPUIPlugin:80 - create IPUIPlugin
2023-08-23 06:12:29,665 [INFO] PluginManager:220 - loadIPPluginJar : add dma3
2023-08-23 06:12:29,677 [INFO] IPUIPlugin:80 - create IPUIPlugin
2023-08-23 06:12:29,677 [INFO] PluginManager:220 - loadIPPluginJar : add sai
2023-08-23 06:12:29,678 [INFO] IPUIPlugin:80 - create IPUIPlugin
2023-08-23 06:12:29,679 [INFO] PluginManager:220 - loadIPPluginJar : add ltdc
2023-08-23 06:12:29,681 [INFO] IPUIPlugin:80 - create IPUIPlugin
2023-08-23 06:12:29,681 [INFO] PluginManager:220 - loadIPPluginJar : add fatfs
2023-08-23 06:12:29,684 [INFO] IPUIPlugin:80 - create IPUIPlugin
2023-08-23 06:12:29,684 [INFO] PluginManager:220 - loadIPPluginJar : add i2c
2023-08-23 06:12:29,696 [INFO] IPUIPlugin:80 - create IPUIPlugin
2023-08-23 06:12:29,697 [INFO] PluginManager:220 - loadIPPluginJar : add mdma
2023-08-23 06:12:29,709 [INFO] IPUIPlugin:80 - create IPUIPlugin
2023-08-23 06:12:29,710 [INFO] PluginManager:220 - loadIPPluginJar : add stm32_wpan
2023-08-23 06:12:29,713 [INFO] IPUIPlugin:80 - create IPUIPlugin
2023-08-23 06:12:29,713 [INFO] PluginManager:220 - loadIPPluginJar : add cryp
2023-08-23 06:12:29,718 [INFO] IPUIPlugin:80 - create IPUIPlugin
2023-08-23 06:12:29,718 [INFO] PluginManager:220 - loadIPPluginJar : add nvic
2023-08-23 06:12:29,840 [INFO] CADModel:165 - CPN selected for project level
2023-08-23 06:12:29,840 [INFO] CADModel:114 - Register for checkConnection events
2023-08-23 06:12:29,841 [FATAL] Updater:308 - Updater called before beeing initialized
2023-08-23 06:12:29,841 [ERROR] CADModel:125 - Updater not yet initialized, retry later 
2023-08-23 06:12:30,144 [INFO] CADModel:165 - CPN selected for project level
2023-08-23 06:12:30,145 [INFO] CADModel:114 - Register for checkConnection events
2023-08-23 06:12:30,145 [FATAL] Updater:308 - Updater called before beeing initialized
2023-08-23 06:12:30,145 [ERROR] CADModel:125 - Updater not yet initialized, retry later 
2023-08-23 06:12:30,151 [FATAL] Updater:308 - Updater called before beeing initialized
2023-08-23 06:12:30,282 [FATAL] Updater:308 - Updater called before beeing initialized
2023-08-23 06:12:30,290 [INFO] DbMcusAds:53 - JSON generation date=Thu Sep 30 03:55:09 BRT 2021 (1632984909247)
2023-08-23 06:12:30,290 [FATAL] Updater:308 - Updater called before beeing initialized
2023-08-23 06:12:30,340 [WARN] DetailPanel:346 - Failed to get advertising image, set to default
2023-08-23 06:12:30,582 [FATAL] Updater:308 - Updater called before beeing initialized
2023-08-23 06:12:30,586 [FATAL] Updater:308 - Updater called before beeing initialized
2023-08-23 06:12:30,586 [FATAL] Updater:308 - Updater called before beeing initialized
2023-08-23 06:12:30,587 [WARN] DetailPanel:346 - Failed to get advertising image, set to default
2023-08-23 06:12:30,591 [FATAL] Updater:308 - Updater called before beeing initialized
2023-08-23 06:12:30,648 [ERROR] Updater:1120 - MainUpdater not yet initialized. External WinMGr cannot be set.
2023-08-23 06:12:30,652 [INFO] Updater:1056 - Updater Version found : 6.9.1
2023-08-23 06:12:30,678 [INFO] ApplicationProperties:184 - Using Application install path: /home/nilo/st/stm32cubeide_1.13.1/plugins/com.st.stm32cube.common.mx_6.9.1.202307191849
2023-08-23 06:12:31,557 [INFO] ThirdPartyUpdaterWithRetryManager:70 - Updater plugin not ready yet. [2/15]
2023-08-23 06:12:31,561 [INFO] MainUpdater:2868 - connection check result : 10
2023-08-23 06:12:31,563 [INFO] MainUpdater:285 - Updater Check For Update Now.
2023-08-23 06:12:31,563 [INFO] MicroXplorer:498 - Change Database Version : DB.6.0.91
2023-08-23 06:12:31,569 [INFO] McuFinderGlobals:63 - Set McuFinder mode to 2 (CubeIDE integrated)
2023-08-23 06:12:31,570 [INFO] UserAuth:179 - activating auth plugin
2023-08-23 06:12:31,577 [INFO] UserAuth:393 - Internet connection configuration mode: 1
2023-08-23 06:12:31,647 [INFO] JxBrowserEngine:151 - Initiate JxBrowser Engine with user profile folder
2023-08-23 06:12:31,819 [INFO] CheckServerUpdateThread:120 - End of CheckServer Thread
2023-08-23 06:12:33,100 [INFO] WebApp:157 - Instantiating new browser for Auth
2023-08-23 06:12:33,917 [INFO] WebApp:753 - Register for checkConnection events
2023-08-23 06:12:33,917 [INFO] WebApp:390 - Apply proxy settings
2023-08-23 06:12:33,917 [INFO] WebApp:475 - Chromium requires no authentication
2023-08-23 06:12:33,931 [INFO] WebApp:418 - Direct internet connection detected
2023-08-23 06:12:34,149 [INFO] WebApp:188 - Starting web application
2023-08-23 06:12:34,149 [INFO] WebApp:520 - Web application path used /home/nilo/st/stm32cubeide_1.13.1/plugins/com.st.stm32cube.common.mx_6.9.1.202307191849/db/plugins/mcufinder/reactClient1/index.html
2023-08-23 06:12:34,798 [WARN] PackLoader:240 - Cannot read IP mode file for STMicroelectronics.X-CUBE-SMBUS.2.1.0
2023-08-23 06:12:34,921 [WARN] PackLoader:240 - Cannot read IP mode file for STMicroelectronics.X-CUBE-AZRTOS-F7.1.1.0
2023-08-23 06:12:34,947 [WARN] PackLoader:240 - Cannot read IP mode file for STMicroelectronics.FP-SNS-MOTENV1.4.3.2
2023-08-23 06:12:34,974 [WARN] PackLoader:240 - Cannot read IP mode file for STMicroelectronics.X-CUBE-BLE1.6.2.3
2023-08-23 06:12:34,985 [WARN] PackLoader:240 - Cannot read IP mode file for STMicroelectronics.X-CUBE-BLE1.6.2.4
2023-08-23 06:12:34,995 [WARN] PackLoader:240 - Cannot read IP mode file for STMicroelectronics.FP-SNS-FLIGHT1.5.0.2
2023-08-23 06:12:35,066 [WARN] PackLoader:240 - Cannot read IP mode file for STMicroelectronics.X-CUBE-TOF1.3.1.0
2023-08-23 06:12:35,116 [WARN] PackLoader:240 - Cannot read IP mode file for STMicroelectronics.X-CUBE-DISPLAY.3.0.0
2023-08-23 06:12:35,155 [WARN] PackLoader:240 - Cannot read IP mode file for STMicroelectronics.X-CUBE-BLE1.7.0.0
2023-08-23 06:12:35,173 [WARN] PackLoader:240 - Cannot read IP mode file for STMicroelectronics.X-CUBE-TOUCHGFX.4.22.0
2023-08-23 06:12:35,311 [WARN] PackLoader:240 - Cannot read IP mode file for STMicroelectronics.X-CUBE-MEMS1.9.3.0
2023-08-23 06:12:35,573 [WARN] PackLoader:240 - Cannot read IP mode file for STMicroelectronics.X-CUBE-AI.7.2.0
2023-08-23 06:12:35,584 [INFO] LogOutputStream:77 - [STDOUT_REDIRECT] 1 : Invalid condition id : UX_CORESTACK_Condition cause : null
2023-08-23 06:12:35,585 [INFO] LogOutputStream:77 - [STDOUT_REDIRECT] 1 : Invalid condition id : UX_CORESTACK_Condition cause : null
2023-08-23 06:12:35,585 [INFO] LogOutputStream:77 - [STDOUT_REDIRECT] 1 : Invalid condition id : UX_CORESTACK_Condition cause : null
2023-08-23 06:12:35,585 [INFO] LogOutputStream:77 - [STDOUT_REDIRECT] 1 : Invalid condition id : UX_CORESTACK_Condition cause : null
2023-08-23 06:12:35,586 [INFO] LogOutputStream:77 - [STDOUT_REDIRECT] 1 : Invalid condition id : UX_CORESTACK_Condition cause : null
2023-08-23 06:12:35,589 [WARN] PackLoader:240 - Cannot read IP mode file for STMicroelectronics.X-CUBE-AZRTOS-WL.2.0.0
2023-08-23 06:12:35,599 [WARN] PackLoader:240 - Cannot read IP mode file for WES.I-CUBE-Cesium.1.3.0
2023-08-23 06:12:35,604 [WARN] PackLoader:240 - Cannot read IP mode file for STMicroelectronics.X-CUBE-BLE2.3.3.0
2023-08-23 06:12:35,611 [WARN] PackLoader:240 - Cannot read IP mode file for STMicroelectronics.X-CUBE-DISPLAY.2.2.0
2023-08-23 06:12:35,640 [WARN] PackLoader:240 - Cannot read IP mode file for STMicroelectronics.X-CUBE-TOF1.3.2.0
2023-08-23 06:12:35,680 [WARN] PackLoader:240 - Cannot read IP mode file for STMicroelectronics.X-CUBE-ISPU.1.0.0
2023-08-23 06:12:35,841 [WARN] PackLoader:240 - Cannot read IP mode file for STMicroelectronics.X-CUBE-AZRTOS-H7.2.1.0
2023-08-23 06:12:35,862 [WARN] PackLoader:240 - Cannot read IP mode file for STMicroelectronics.X-CUBE-TOUCHGFX.4.21.1
2023-08-23 06:12:35,866 [WARN] PackLoader:240 - Cannot read IP mode file for STMicroelectronics.X-CUBE-TOUCHGFX.4.21.0
2023-08-23 06:12:35,940 [WARN] PackLoader:240 - Cannot read IP mode file for STMicroelectronics.X-CUBE-MEMS1.9.4.0
2023-08-23 06:12:36,308 [WARN] PackLoader:240 - Cannot read IP mode file for STMicroelectronics.X-CUBE-AI.7.3.0
2023-08-23 06:12:36,325 [WARN] PackLoader:240 - Cannot read IP mode file for STMicroelectronics.X-CUBE-ALGOBUILD.1.3.0
2023-08-23 06:12:36,376 [WARN] PackLoader:240 - Cannot read IP mode file for STMicroelectronics.X-CUBE-AZRTOS-G0.1.1.0
2023-08-23 06:12:36,395 [WARN] PackLoader:240 - Cannot read IP mode file for STMicroelectronics.X-CUBE-NFC4.3.0.0
2023-08-23 06:12:36,558 [WARN] PackLoader:240 - Cannot read IP mode file for SEGGER.I-CUBE-embOS.1.2.0
2023-08-23 06:12:36,658 [WARN] PackLoader:240 - Cannot read IP mode file for STMicroelectronics.X-CUBE-BLEMGR.1.3.0
2023-08-23 06:12:36,666 [WARN] PackLoader:240 - Cannot read IP mode file for STMicroelectronics.FP-ATR-SIGFOX1.3.2.0
2023-08-23 06:12:36,676 [WARN] PackLoader:240 - Cannot read IP mode file for emotas.I-CUBE-CANOPEN.1.1.2
2023-08-23 06:12:36,684 [WARN] PackLoader:240 - Cannot read IP mode file for STMicroelectronics.X-CUBE-TOUCHGFX.4.20.0
2023-08-23 06:12:36,783 [WARN] PackLoader:240 - Cannot read IP mode file for STMicroelectronics.X-CUBE-MEMS1.9.5.0
2023-08-23 06:12:37,101 [WARN] PackLoader:240 - Cannot read IP mode file for SEGGER.I-CUBE-embOS.1.3.1
2023-08-23 06:12:37,150 [WARN] PackLoader:240 - Cannot read IP mode file for STMicroelectronics.X-CUBE-GNSS1.6.0.0
2023-08-23 06:12:37,175 [WARN] PackLoader:240 - Cannot read IP mode file for STMicroelectronics.X-CUBE-AZRTOS-F4.1.1.0
2023-08-23 06:12:37,187 [WARN] PackLoader:240 - Cannot read IP mode file for STMicroelectronics.X-CUBE-BLEMGR.1.2.0
2023-08-23 06:12:37,226 [WARN] PackLoader:240 - Cannot read IP mode file for STMicroelectronics.X-CUBE-AZRTOS-L5.2.0.0
2023-08-23 06:12:37,322 [WARN] PackLoader:240 - Cannot read IP mode file for STMicroelectronics.X-CUBE-MEMS1.9.6.0
2023-08-23 06:12:37,579 [WARN] PackLoader:240 - Cannot read IP mode file for STMicroelectronics.X-CUBE-BLEMGR.2.0.0
2023-08-23 06:12:37,589 [WARN] PackLoader:240 - Cannot read IP mode file for STMicroelectronics.X-CUBE-NFC4.2.0.5
2023-08-23 06:12:37,598 [WARN] PackLoader:240 - Cannot read IP mode file for STMicroelectronics.X-CUBE-NFC4.2.0.4
2023-08-23 06:12:37,628 [WARN] ConditionMgr:438 - getConditionDescription Invalid condition id : UX DEVICE CLASS RTOS Condition cause : null
2023-08-23 06:12:37,629 [WARN] ConditionMgr:438 - getConditionDescription Invalid condition id : UX DEVICE CLASS RTOS Condition cause : null
2023-08-23 06:12:37,634 [WARN] PackLoader:240 - Cannot read IP mode file for STMicroelectronics.X-CUBE-AZRTOS-H7.3.1.0
2023-08-23 06:12:37,646 [WARN] ConditionMgr:1039 - genDependencies : Invalid condition id : UX DEVICE CLASS RTOS Condition cause : null
2023-08-23 06:12:37,646 [WARN] ConditionMgr:1039 - genDependencies : Invalid condition id : UX DEVICE CLASS RTOS Condition cause : null
2023-08-23 06:12:37,647 [WARN] ConditionMgr:1039 - genDependencies : Invalid condition id : UX DEVICE CLASS RTOS Condition cause : null
2023-08-23 06:12:37,648 [WARN] ConditionMgr:1039 - genDependencies : Invalid condition id : UX DEVICE CLASS RTOS Condition cause : null
2023-08-23 06:12:37,648 [WARN] ConditionMgr:1039 - genDependencies : Invalid condition id : UX DEVICE CLASS RTOS Condition cause : null
2023-08-23 06:12:37,660 [WARN] PackLoader:240 - Cannot read IP mode file for wolfSSL.I-CUBE-wolfSSL.5.5.0
2023-08-23 06:12:37,668 [WARN] PackLoader:240 - Cannot read IP mode file for STMicroelectronics.X-CUBE-NFC7.1.0.1
2023-08-23 06:12:37,676 [WARN] PackLoader:240 - Cannot read IP mode file for STMicroelectronics.X-CUBE-NFC7.1.0.0
2023-08-23 06:12:37,685 [WARN] PackLoader:240 - Cannot read IP mode file for STMicroelectronics.X-CUBE-EEPRMA1.4.1.0
2023-08-23 06:12:37,700 [WARN] PackLoader:240 - Cannot read IP mode file for STMicroelectronics.X-CUBE-AI.8.1.0
2023-08-23 06:12:37,768 [WARN] ConditionMgr:438 - getConditionDescription Invalid condition id : LAN8742 Phy interface Condition cause : null
2023-08-23 06:12:37,770 [WARN] PackLoader:240 - Cannot read IP mode file for STMicroelectronics.X-CUBE-AZRTOS-L4.2.0.0
2023-08-23 06:12:37,772 [WARN] ConditionMgr:1039 - genDependencies : Invalid condition id : LAN8742 Phy interface Condition cause : null
2023-08-23 06:12:37,773 [WARN] ConditionMgr:1039 - genDependencies : Invalid condition id : LAN8742 Phy interface Condition cause : null
2023-08-23 06:12:37,774 [WARN] ConditionMgr:1039 - genDependencies : Invalid condition id : LAN8742 Phy interface Condition cause : null
2023-08-23 06:12:37,785 [WARN] PackLoader:240 - Cannot read IP mode file for STMicroelectronics.X-CUBE-SFXS2LP1.4.0.0
2023-08-23 06:12:37,862 [WARN] PackLoader:240 - Cannot read IP mode file for STMicroelectronics.X-CUBE-AZRTOS-H7.3.0.0
2023-08-23 06:12:37,879 [WARN] PackLoader:240 - Cannot read IP mode file for STMicroelectronics.X-CUBE-ISPU.1.1.0
2023-08-23 06:12:37,895 [WARN] PackLoader:240 - Cannot read IP mode file for RoweBots.I-CUBE-UNISONRTOS.5.5.0-4
2023-08-23 06:12:37,901 [WARN] PackLoader:240 - Cannot read IP mode file for STMicroelectronics.X-CUBE-AI.8.0.0
2023-08-23 06:12:37,923 [WARN] ConditionMgr:438 - getConditionDescription Invalid condition id : UX DEVICE CLASS RTOS Condition cause : null
2023-08-23 06:12:37,923 [WARN] ConditionMgr:438 - getConditionDescription Invalid condition id : UX DEVICE CLASS RTOS Condition cause : null
2023-08-23 06:12:37,927 [WARN] PackLoader:240 - Cannot read IP mode file for STMicroelectronics.X-CUBE-AZRTOS-WB.2.0.0
2023-08-23 06:12:37,928 [WARN] ConditionMgr:1039 - genDependencies : Invalid condition id : UX DEVICE CLASS RTOS Condition cause : null
2023-08-23 06:12:37,928 [WARN] ConditionMgr:1039 - genDependencies : Invalid condition id : UX DEVICE CLASS RTOS Condition cause : null
2023-08-23 06:12:37,929 [WARN] ConditionMgr:1039 - genDependencies : Invalid condition id : UX DEVICE CLASS RTOS Condition cause : null
2023-08-23 06:12:37,930 [WARN] ConditionMgr:1039 - genDependencies : Invalid condition id : UX DEVICE CLASS RTOS Condition cause : null
2023-08-23 06:12:37,930 [WARN] ConditionMgr:1039 - genDependencies : Invalid condition id : UX DEVICE CLASS RTOS Condition cause : null
2023-08-23 06:12:37,953 [WARN] PackLoader:240 - Cannot read IP mode file for STMicroelectronics.X-CUBE-FREERTOS.1.0.1
2023-08-23 06:12:37,966 [WARN] PackLoader:240 - Cannot read IP mode file for STMicroelectronics.X-CUBE-BLEMGR.1.0.0
2023-08-23 06:12:38,005 [WARN] PackLoader:240 - Cannot read IP mode file for STMicroelectronics.X-CUBE-AZRTOS-L5.1.1.0
2023-08-23 06:12:38,023 [WARN] PackLoader:240 - Cannot read IP mode file for STMicroelectronics.X-CUBE-SUBG2.5.0.0
2023-08-23 06:12:38,043 [WARN] PackLoader:240 - Cannot read IP mode file for STMicroelectronics.X-CUBE-TOF1.3.3.1
2023-08-23 06:12:38,074 [WARN] PackLoader:240 - Cannot read IP mode file for STMicroelectronics.X-CUBE-AZRTOS-G4.2.0.0
2023-08-23 06:12:38,080 [WARN] PackLoader:240 - Cannot read IP mode file for STMicroelectronics.FP-ATR-ASTRA1.1.1.1
2023-08-23 06:12:38,093 [WARN] PackLoader:240 - Cannot read IP mode file for STMicroelectronics.X-CUBE-AZRTOS-G4.1.0.0
2023-08-23 06:12:38,124 [WARN] PackLoader:240 - Cannot read IP mode file for STMicroelectronics.X-CUBE-AZRTOS-L4.1.0.0
2023-08-23 06:12:38,138 [WARN] PackLoader:240 - Cannot read IP mode file for STMicroelectronics.X-CUBE-AZRTOS-WL.1.0.0
2023-08-23 06:12:38,144 [WARN] PackLoader:240 - Cannot read IP mode file for portGmbH.I-Cube-SoM-uGOAL.1.1.0
2023-08-23 06:12:38,148 [WARN] PackLoader:240 - Cannot read IP mode file for STMicroelectronics.X-CUBE-ALS.1.0.1
2023-08-23 06:12:38,162 [WARN] PackLoader:240 - Cannot read IP mode file for STMicroelectronics.X-CUBE-AZRTOS-WB.1.1.0
2023-08-23 06:12:38,179 [WARN] PackLoader:240 - Cannot read IP mode file for STMicroelectronics.X-CUBE-AZRTOS-L5.1.0.0
2023-08-23 06:12:38,187 [WARN] PackLoader:240 - Cannot read IP mode file for STMicroelectronics.X-CUBE-EEPRMA1.3.1.1
2023-08-23 06:12:38,191 [WARN] PackLoader:240 - Cannot read IP mode file for STMicroelectronics.FP-ATR-ASTRA1.2.0.0
2023-08-23 06:12:38,192 [INFO] ThirdParty:978 - Integrity check success = true
2023-08-23 06:12:38,193 [INFO] IntegrityCheckThread:100 - exiting critical section [integrity check]
2023-08-23 06:12:38,193 [INFO] IntegrityCheckThread:103 - End integrity checks thread
2023-08-23 10:53:21,015 [ERROR] LogOutputStream:75 - [STDERR_REDIRECT] 
